[Info - 2023-01-27 07:51:09.775] Starting Data Workspace activate()
[Info - 2023-01-27 07:51:09.776] Setting azdataAvailable took 1ms
[Info - 2023-01-27 07:51:09.776] Calling getProjectsInWorkspace() from WorkspaceService constructor
[Info - 2023-01-27 07:51:09.777] Getting projects in workspace
[Info - 2023-01-27 07:51:09.777] WorkspaceService constructor took 1ms
[Info - 2023-01-27 07:51:09.777] WorkspaceTreeDataProvider constructor took 0ms
[Info - 2023-01-27 07:51:09.777] DataWorkspaceExtension constructor took 0ms
[Info - 2023-01-27 07:51:09.777] registerTreeDataProvider took 0ms
[Info - 2023-01-27 07:51:09.778] Checking 97 extensions to see if there is a project provider is available
[Info - 2023-01-27 07:51:09.780] Project provider found. Total time = 2ms
[Info - 2023-01-27 07:51:09.780] setProjectProviderContextValue took 3ms
[Info - 2023-01-27 07:51:09.781] Registering commands took 1ms
[Info - 2023-01-27 07:51:09.781] IconPathHelper took 0ms
[Info - 2023-01-27 07:51:09.781] Finished activating Data Workspace extension. Total time = 6ms
[Info - 2023-01-27 07:51:09.781] Finished looking for projects in workspace. Opened: 0. Excluded: 0. Total time = 4ms
[Info - 2023-01-27 07:51:12.621] Checking 98 extensions to see if there is a project provider is available
[Info - 2023-01-27 07:51:12.622] Project provider found. Total time = 1ms
[Info - 2023-01-27 07:51:16.380] Checking 99 extensions to see if there is a project provider is available
[Info - 2023-01-27 07:51:16.381] Project provider found. Total time = 1ms
[Info - 2023-01-27 07:51:19.136] Checking 100 extensions to see if there is a project provider is available
[Info - 2023-01-27 07:51:19.136] Project provider found. Total time = 0ms
[Info - 2023-01-27 07:51:21.853] Checking 101 extensions to see if there is a project provider is available
[Info - 2023-01-27 07:51:21.853] Project provider found. Total time = 0ms
[Info - 2023-01-27 07:51:24.855] Checking 102 extensions to see if there is a project provider is available
[Info - 2023-01-27 07:51:24.856] Project provider found. Total time = 1ms
[Info - 2023-01-27 07:51:27.587] Checking 103 extensions to see if there is a project provider is available
[Info - 2023-01-27 07:51:27.588] Project provider found. Total time = 1ms
[Info - 2023-01-27 07:51:30.377] Checking 104 extensions to see if there is a project provider is available
[Info - 2023-01-27 07:51:30.384] Project provider found. Total time = 6ms
[Info - 2023-01-27 07:51:33.857] Checking 105 extensions to see if there is a project provider is available
[Info - 2023-01-27 07:51:33.857] Project provider found. Total time = 0ms
[Info - 2023-01-27 07:51:36.915] Checking 106 extensions to see if there is a project provider is available
[Info - 2023-01-27 07:51:36.916] Project provider found. Total time = 1ms
[Info - 2023-01-27 07:51:45.518] Checking 107 extensions to see if there is a project provider is available
[Info - 2023-01-27 07:51:45.518] Project provider found. Total time = 0ms
[Info - 2023-01-27 07:51:51.345] Checking 108 extensions to see if there is a project provider is available
[Info - 2023-01-27 07:51:51.345] Project provider found. Total time = 0ms
[Info - 2023-01-27 07:52:00.183] Checking 109 extensions to see if there is a project provider is available
[Info - 2023-01-27 07:52:00.183] Project provider found. Total time = 0ms
[Info - 2023-01-27 07:52:04.550] Checking 110 extensions to see if there is a project provider is available
[Info - 2023-01-27 07:52:04.551] Project provider found. Total time = 1ms
[Info - 2023-01-27 07:52:13.575] Checking 111 extensions to see if there is a project provider is available
[Info - 2023-01-27 07:52:13.575] Project provider found. Total time = 0ms
[Info - 2023-01-27 07:52:25.530] Checking 112 extensions to see if there is a project provider is available
[Info - 2023-01-27 07:52:25.531] Project provider found. Total time = 0ms
