2023-02-27 08:52:39.969 [info] Extension host with pid 6888 started
2023-02-27 08:52:40.234 [info] ExtensionService#_doActivateExtension vscode.emmet, startup: false, activationEvent: 'onLanguage'
2023-02-27 08:52:40.238 [info] ExtensionService#_doActivateExtension vscode.git-base, startup: true, activationEvent: '*', root cause: vscode.git
2023-02-27 08:52:40.242 [info] ExtensionService#_doActivateExtension ms-mssql.data-workspace-vscode, startup: true, activationEvent: '*'
2023-02-27 08:52:40.353 [info] ExtensionService#_doActivateExtension vscode.git, startup: true, activationEvent: '*'
2023-02-27 08:52:40.387 [info] ExtensionService#_doActivateExtension vscode.github, startup: true, activationEvent: '*'
2023-02-27 08:52:40.465 [info] Eager extensions activated
2023-02-27 08:52:40.542 [info] ExtensionService#_doActivateExtension vscode.debug-auto-launch, startup: false, activationEvent: 'onStartupFinished'
2023-02-27 08:52:40.546 [info] ExtensionService#_doActivateExtension vscode.merge-conflict, startup: false, activationEvent: 'onStartupFinished'
2023-02-27 08:52:40.577 [info] ExtensionService#_doActivateExtension ms-vscode-remote.remote-containers, startup: false, activationEvent: 'onStartupFinished'
2023-02-27 08:52:40.675 [info] ExtensionService#_doActivateExtension ms-vscode-remote.remote-wsl, startup: false, activationEvent: 'onStartupFinished'
2023-02-27 08:52:40.720 [info] ExtensionService#_doActivateExtension ms-vsliveshare.vsliveshare, startup: false, activationEvent: 'onStartupFinished'
2023-02-27 08:52:41.183 [info] ExtensionService#_doActivateExtension vscode.github-authentication, startup: false, activationEvent: 'onAuthenticationRequest:github'
2023-02-27 08:52:41.450 [info] ExtensionService#_doActivateExtension vscode.microsoft-authentication, startup: false, activationEvent: 'onAuthenticationRequest:microsoft'
2023-02-27 08:52:43.481 [info] ExtensionService#_doActivateExtension vscode.configuration-editing, startup: false, activationEvent: 'onLanguage:jsonc'
2023-02-27 08:52:43.491 [info] ExtensionService#_doActivateExtension vscode.json-language-features, startup: false, activationEvent: 'onLanguage:jsonc'
2023-02-27 08:52:43.760 [info] ExtensionService#_doActivateExtension vscode.typescript-language-features, startup: false, activationEvent: 'onLanguage:jsonc'
2023-02-27 08:53:48.332 [info] Extension host terminating: renderer closed the MessagePort
2023-02-27 08:53:48.410 [info] Extension host with pid 6888 exiting with code 0
2023-02-27 08:53:49.702 [info] Extension host with pid 7657 started
2023-02-27 08:53:49.702 [info] Skipping acquiring lock for /home/javier/.config/Code/User/workspaceStorage/625a881abfd5b747acc95fada99f76a9.
2023-02-27 08:53:49.824 [info] ExtensionService#_doActivateExtension vscode.emmet, startup: false, activationEvent: 'onLanguage'
2023-02-27 08:53:49.828 [info] ExtensionService#_doActivateExtension vscode.git-base, startup: true, activationEvent: '*'
2023-02-27 08:53:49.830 [info] ExtensionService#_doActivateExtension ms-mssql.data-workspace-vscode, startup: true, activationEvent: '*'
2023-02-27 08:53:49.935 [info] ExtensionService#_doActivateExtension vscode.github, startup: true, activationEvent: '*'
2023-02-27 08:53:49.978 [info] Eager extensions activated
2023-02-27 08:53:49.986 [info] ExtensionService#_doActivateExtension vscode.debug-auto-launch, startup: false, activationEvent: 'onStartupFinished'
2023-02-27 08:53:49.990 [info] ExtensionService#_doActivateExtension vscode.merge-conflict, startup: false, activationEvent: 'onStartupFinished'
2023-02-27 08:53:50.012 [info] ExtensionService#_doActivateExtension ms-vscode-remote.remote-containers, startup: false, activationEvent: 'onStartupFinished'
2023-02-27 08:53:50.075 [info] ExtensionService#_doActivateExtension ms-vscode-remote.remote-wsl, startup: false, activationEvent: 'onStartupFinished'
2023-02-27 08:53:50.132 [info] ExtensionService#_doActivateExtension ms-vsliveshare.vsliveshare, startup: false, activationEvent: 'onStartupFinished'
2023-02-27 08:53:50.533 [info] ExtensionService#_doActivateExtension vscode.github-authentication, startup: false, activationEvent: 'onAuthenticationRequest:github'
2023-02-27 08:53:50.763 [info] ExtensionService#_doActivateExtension vscode.microsoft-authentication, startup: false, activationEvent: 'onAuthenticationRequest:microsoft'
2023-02-27 08:53:53.373 [info] ExtensionService#_doActivateExtension vscode.git, startup: false, activationEvent: 'api', root cause: vscode.github
2023-02-27 08:54:38.013 [info] ExtensionService#_doActivateExtension vscode.configuration-editing, startup: false, activationEvent: 'onLanguage:json'
2023-02-27 08:54:38.031 [info] ExtensionService#_doActivateExtension vscode.extension-editing, startup: false, activationEvent: 'onLanguage:json'
2023-02-27 08:54:38.076 [info] ExtensionService#_doActivateExtension vscode.json-language-features, startup: false, activationEvent: 'onLanguage:json'
2023-02-27 08:54:38.108 [info] ExtensionService#_doActivateExtension vscode.npm, startup: false, activationEvent: 'onLanguage:json'
2023-02-27 08:54:38.211 [info] ExtensionService#_doActivateExtension ms-python.python, startup: false, activationEvent: 'onLanguage:json'
2023-02-27 08:54:39.344 [info] ExtensionService#_doActivateExtension vscode.typescript-language-features, startup: false, activationEvent: 'onLanguage:jsonc'
2023-02-27 08:54:40.758 [info] Extension host terminating: renderer closed the MessagePort
2023-02-27 08:54:40.827 [error] Canceled: Canceled
	at new u (/usr/share/code/resources/app/out/vs/workbench/api/node/extensionHostProcess.js:96:88070)
	at l.O (/usr/share/code/resources/app/out/vs/workbench/api/node/extensionHostProcess.js:106:11276)
	at V.<computed>.M.charCodeAt.V.<computed> (/usr/share/code/resources/app/out/vs/workbench/api/node/extensionHostProcess.js:106:8557)
	at s.g (/usr/share/code/resources/app/out/vs/workbench/api/node/extensionHostProcess.js:96:107430)
	at s.executeCommand (/usr/share/code/resources/app/out/vs/workbench/api/node/extensionHostProcess.js:96:106806)
	at w.registerCommand.description (/usr/share/code/resources/app/out/vs/workbench/api/node/extensionHostProcess.js:96:106099)
	at s.h (/usr/share/code/resources/app/out/vs/workbench/api/node/extensionHostProcess.js:96:108016)
	at s.g (/usr/share/code/resources/app/out/vs/workbench/api/node/extensionHostProcess.js:96:106906)
	at s.executeCommand (/usr/share/code/resources/app/out/vs/workbench/api/node/extensionHostProcess.js:96:106806)
	at Object.executeCommand (/usr/share/code/resources/app/out/vs/workbench/api/node/extensionHostProcess.js:117:30778)
	at D (/usr/share/code/resources/app/extensions/git/dist/main.js:2:2055373)
	at f.invoke (/usr/share/code/resources/app/out/vs/workbench/api/node/extensionHostProcess.js:63:145)
	at g.deliver (/usr/share/code/resources/app/out/vs/workbench/api/node/extensionHostProcess.js:63:2029)
	at d.fire (/usr/share/code/resources/app/out/vs/workbench/api/node/extensionHostProcess.js:63:1667)
	at Object.h [as dispose] (/usr/share/code/resources/app/extensions/git/dist/main.js:2:2070210)
	at /usr/share/code/resources/app/extensions/git/dist/main.js:2:2074277
	at Array.forEach (<anonymous>)
	at g.dispose (/usr/share/code/resources/app/extensions/git/dist/main.js:2:2074263)
	at C.<anonymous> (/usr/share/code/resources/app/out/vs/workbench/api/node/extensionHostProcess.js:94:12431)
	at C.dispose (/usr/share/code/resources/app/out/vs/workbench/api/node/extensionHostProcess.js:94:12566)
	at C.<anonymous> (/usr/share/code/resources/app/extensions/git/dist/main.js:2:2057503)
	at C.dispose (/usr/share/code/resources/app/out/vs/workbench/api/node/extensionHostProcess.js:94:12566)
	at T (/usr/share/code/resources/app/out/vs/workbench/api/node/extensionHostProcess.js:10:12072)
	at f.X (/usr/share/code/resources/app/out/vs/workbench/api/node/extensionHostProcess.js:108:11242)
	at /usr/share/code/resources/app/out/vs/workbench/api/node/extensionHostProcess.js:108:9037
	at Array.map (<anonymous>)
	at f.Q (/usr/share/code/resources/app/out/vs/workbench/api/node/extensionHostProcess.js:108:9024)
	at f.terminate (/usr/share/code/resources/app/out/vs/workbench/api/node/extensionHostProcess.js:108:9298)
	at h.terminate (/usr/share/code/resources/app/out/vs/workbench/api/node/extensionHostProcess.js:112:1397)
	at p (/usr/share/code/resources/app/out/vs/workbench/api/node/extensionHostProcess.js:122:17851)
	at MessagePortMain.<anonymous> (/usr/share/code/resources/app/out/vs/workbench/api/node/extensionHostProcess.js:122:13990)
	at MessagePortMain.emit (node:events:526:28)
	at MessagePortMain._internalPort.emit (node:electron/js2c/utility_init:5:364) setContext undefined
2023-02-27 08:54:40.935 [info] Extension host with pid 7657 exiting with code 0
2023-02-27 08:54:41.350 [info] Extension host with pid 7847 started
2023-02-27 08:54:41.350 [info] Skipping acquiring lock for /home/javier/.config/Code/User/workspaceStorage/41d9a8b75312c9e7ff44f83d5814bdc6.
2023-02-27 08:54:41.365 [info] ExtensionService#_doActivateExtension vscode.emmet, startup: false, activationEvent: 'onLanguage'
2023-02-27 08:54:41.369 [info] ExtensionService#_doActivateExtension vscode.github-authentication, startup: false, activationEvent: 'onAuthenticationRequest:github'
2023-02-27 08:54:41.381 [info] ExtensionService#_doActivateExtension vscode.microsoft-authentication, startup: false, activationEvent: 'onAuthenticationRequest:microsoft'
2023-02-27 08:54:41.398 [info] ExtensionService#_doActivateExtension ms-vsliveshare.vsliveshare, startup: false, activationEvent: 'onCommand:liveshare.signin'
2023-02-27 08:54:41.491 [info] ExtensionService#_doActivateExtension vscode.configuration-editing, startup: false, activationEvent: 'onLanguage:json'
2023-02-27 08:54:41.495 [info] ExtensionService#_doActivateExtension vscode.extension-editing, startup: false, activationEvent: 'onLanguage:json'
2023-02-27 08:54:41.504 [info] ExtensionService#_doActivateExtension vscode.json-language-features, startup: false, activationEvent: 'onLanguage:json'
2023-02-27 08:54:41.516 [info] ExtensionService#_doActivateExtension vscode.npm, startup: false, activationEvent: 'onLanguage:json'
2023-02-27 08:54:41.535 [info] ExtensionService#_doActivateExtension ms-python.python, startup: false, activationEvent: 'onLanguage:json'
2023-02-27 08:54:41.742 [info] ExtensionService#_doActivateExtension vscode.typescript-language-features, startup: false, activationEvent: 'onLanguage:jsonc'
2023-02-27 08:54:41.754 [info] ExtensionService#_doActivateExtension ms-vscode-remote.remote-containers, startup: false, activationEvent: 'onLanguage:jsonc'
2023-02-27 08:54:41.773 [info] ExtensionService#_doActivateExtension vscode.git-base, startup: true, activationEvent: '*', root cause: vscode.git
2023-02-27 08:54:41.775 [info] ExtensionService#_doActivateExtension ms-mssql.data-workspace-vscode, startup: true, activationEvent: '*'
2023-02-27 08:54:41.967 [info] ExtensionService#_doActivateExtension vscode.git, startup: true, activationEvent: '*'
2023-02-27 08:54:41.998 [info] ExtensionService#_doActivateExtension vscode.github, startup: true, activationEvent: '*'
2023-02-27 08:54:42.229 [info] Eager extensions activated
2023-02-27 08:54:42.344 [info] ExtensionService#_doActivateExtension vscode.debug-auto-launch, startup: false, activationEvent: 'onStartupFinished'
2023-02-27 08:54:42.347 [info] ExtensionService#_doActivateExtension vscode.merge-conflict, startup: false, activationEvent: 'onStartupFinished'
2023-02-27 08:54:42.353 [info] ExtensionService#_doActivateExtension ms-vscode-remote.remote-wsl, startup: false, activationEvent: 'onStartupFinished'
2023-02-27 09:01:00.735 [info] Extension host terminating: renderer closed the MessagePort
2023-02-27 09:01:00.759 [error] Canceled: Canceled
	at Object.k [as canceled] (/usr/share/code/resources/app/out/vs/workbench/api/node/extensionHostProcess.js:7:1192)
	at /usr/share/code/resources/app/out/vs/workbench/api/node/extensionHostProcess.js:106:7891
	at Array.forEach (<anonymous>)
	at l.dispose (/usr/share/code/resources/app/out/vs/workbench/api/node/extensionHostProcess.js:106:7856)
	at f.terminate (/usr/share/code/resources/app/out/vs/workbench/api/node/extensionHostProcess.js:108:9275)
	at h.terminate (/usr/share/code/resources/app/out/vs/workbench/api/node/extensionHostProcess.js:112:1397)
	at p (/usr/share/code/resources/app/out/vs/workbench/api/node/extensionHostProcess.js:122:17851)
	at MessagePortMain.<anonymous> (/usr/share/code/resources/app/out/vs/workbench/api/node/extensionHostProcess.js:122:13990)
	at MessagePortMain.emit (node:events:526:28)
	at MessagePortMain._internalPort.emit (node:electron/js2c/utility_init:5:364) setContext undefined
2023-02-27 09:01:00.791 [info] Extension host with pid 7847 exiting with code 0
2023-02-27 09:01:01.353 [info] Extension host with pid 8508 started
2023-02-27 09:01:01.353 [info] Skipping acquiring lock for /home/javier/.config/Code/User/workspaceStorage/41d9a8b75312c9e7ff44f83d5814bdc6.
2023-02-27 09:01:01.368 [info] ExtensionService#_doActivateExtension vscode.emmet, startup: false, activationEvent: 'onLanguage'
2023-02-27 09:01:01.372 [info] ExtensionService#_doActivateExtension vscode.github-authentication, startup: false, activationEvent: 'onAuthenticationRequest:github'
2023-02-27 09:01:01.390 [info] ExtensionService#_doActivateExtension vscode.microsoft-authentication, startup: false, activationEvent: 'onAuthenticationRequest:microsoft'
2023-02-27 09:01:01.406 [info] ExtensionService#_doActivateExtension ms-vsliveshare.vsliveshare, startup: false, activationEvent: 'onCommand:liveshare.signin'
2023-02-27 09:01:01.511 [info] ExtensionService#_doActivateExtension vscode.configuration-editing, startup: false, activationEvent: 'onLanguage:json'
2023-02-27 09:01:01.515 [info] ExtensionService#_doActivateExtension vscode.extension-editing, startup: false, activationEvent: 'onLanguage:json'
2023-02-27 09:01:01.519 [info] ExtensionService#_doActivateExtension vscode.json-language-features, startup: false, activationEvent: 'onLanguage:json'
2023-02-27 09:01:01.532 [info] ExtensionService#_doActivateExtension vscode.npm, startup: false, activationEvent: 'onLanguage:json'
2023-02-27 09:01:01.538 [info] ExtensionService#_doActivateExtension ms-python.python, startup: false, activationEvent: 'onLanguage:json'
2023-02-27 09:01:01.591 [info] ExtensionService#_doActivateExtension vscode.typescript-language-features, startup: false, activationEvent: 'onLanguage:jsonc'
2023-02-27 09:01:01.602 [info] ExtensionService#_doActivateExtension ms-vscode-remote.remote-containers, startup: false, activationEvent: 'onLanguage:jsonc'
2023-02-27 09:01:01.621 [info] ExtensionService#_doActivateExtension vscode.git-base, startup: false, activationEvent: 'onCommand:git.pull', root cause: vscode.git
2023-02-27 09:01:01.623 [info] ExtensionService#_doActivateExtension ms-mssql.data-workspace-vscode, startup: true, activationEvent: '*'
2023-02-27 09:01:01.740 [info] ExtensionService#_doActivateExtension vscode.git, startup: false, activationEvent: 'onCommand:git.pull'
2023-02-27 09:01:01.786 [info] ExtensionService#_doActivateExtension vscode.github, startup: true, activationEvent: '*'
2023-02-27 09:01:01.939 [info] Eager extensions activated
2023-02-27 09:01:02.078 [info] ExtensionService#_doActivateExtension vscode.debug-auto-launch, startup: false, activationEvent: 'onStartupFinished'
2023-02-27 09:01:02.082 [info] ExtensionService#_doActivateExtension vscode.merge-conflict, startup: false, activationEvent: 'onStartupFinished'
2023-02-27 09:01:02.096 [info] ExtensionService#_doActivateExtension ms-vscode-remote.remote-wsl, startup: false, activationEvent: 'onStartupFinished'
2023-02-27 09:01:08.703 [info] Extension host terminating: renderer closed the MessagePort
2023-02-27 09:01:08.755 [info] Extension host with pid 8508 exiting with code 0
2023-02-27 09:01:09.098 [info] Extension host with pid 8581 started
2023-02-27 09:01:09.098 [info] Skipping acquiring lock for /home/javier/.config/Code/User/workspaceStorage/41d9a8b75312c9e7ff44f83d5814bdc6.
2023-02-27 09:01:09.109 [info] ExtensionService#_doActivateExtension vscode.emmet, startup: false, activationEvent: 'onLanguage'
2023-02-27 09:01:09.114 [info] ExtensionService#_doActivateExtension vscode.github-authentication, startup: false, activationEvent: 'onAuthenticationRequest:github'
2023-02-27 09:01:09.129 [info] ExtensionService#_doActivateExtension vscode.microsoft-authentication, startup: false, activationEvent: 'onAuthenticationRequest:microsoft'
2023-02-27 09:01:09.145 [info] ExtensionService#_doActivateExtension ms-vsliveshare.vsliveshare, startup: false, activationEvent: 'onCommand:liveshare.signin'
2023-02-27 09:01:09.247 [info] ExtensionService#_doActivateExtension vscode.configuration-editing, startup: false, activationEvent: 'onLanguage:json'
2023-02-27 09:01:09.251 [info] ExtensionService#_doActivateExtension vscode.extension-editing, startup: false, activationEvent: 'onLanguage:json'
2023-02-27 09:01:09.254 [info] ExtensionService#_doActivateExtension vscode.json-language-features, startup: false, activationEvent: 'onLanguage:json'
2023-02-27 09:01:09.267 [info] ExtensionService#_doActivateExtension vscode.npm, startup: false, activationEvent: 'onLanguage:json'
2023-02-27 09:01:09.272 [info] ExtensionService#_doActivateExtension ms-python.python, startup: false, activationEvent: 'onLanguage:json'
2023-02-27 09:01:09.331 [info] ExtensionService#_doActivateExtension vscode.typescript-language-features, startup: false, activationEvent: 'onLanguage:jsonc'
2023-02-27 09:01:09.348 [info] ExtensionService#_doActivateExtension ms-vscode-remote.remote-containers, startup: false, activationEvent: 'onLanguage:jsonc'
2023-02-27 09:01:09.371 [info] ExtensionService#_doActivateExtension vscode.git-base, startup: false, activationEvent: 'onCommand:git.pull', root cause: vscode.git
2023-02-27 09:01:09.373 [info] ExtensionService#_doActivateExtension ms-mssql.data-workspace-vscode, startup: true, activationEvent: '*'
2023-02-27 09:01:09.503 [info] ExtensionService#_doActivateExtension vscode.git, startup: false, activationEvent: 'onCommand:git.pull'
2023-02-27 09:01:09.554 [info] ExtensionService#_doActivateExtension vscode.github, startup: true, activationEvent: '*'
2023-02-27 09:01:09.666 [info] Eager extensions activated
2023-02-27 09:01:09.739 [info] ExtensionService#_doActivateExtension vscode.debug-auto-launch, startup: false, activationEvent: 'onStartupFinished'
2023-02-27 09:01:09.741 [info] ExtensionService#_doActivateExtension vscode.merge-conflict, startup: false, activationEvent: 'onStartupFinished'
2023-02-27 09:01:09.755 [info] ExtensionService#_doActivateExtension ms-vscode-remote.remote-wsl, startup: false, activationEvent: 'onStartupFinished'
2023-02-27 09:01:46.459 [info] Extension host terminating: renderer closed the MessagePort
2023-02-27 09:01:46.671 [info] Extension host with pid 8581 exiting with code 0
2023-02-27 09:01:47.100 [info] Extension host with pid 8648 started
2023-02-27 09:01:47.100 [info] Skipping acquiring lock for /home/javier/.config/Code/User/workspaceStorage/41d9a8b75312c9e7ff44f83d5814bdc6.
2023-02-27 09:01:47.112 [info] ExtensionService#_doActivateExtension vscode.emmet, startup: false, activationEvent: 'onLanguage'
2023-02-27 09:01:47.120 [info] ExtensionService#_doActivateExtension vscode.github-authentication, startup: false, activationEvent: 'onAuthenticationRequest:github'
2023-02-27 09:01:47.139 [info] ExtensionService#_doActivateExtension vscode.microsoft-authentication, startup: false, activationEvent: 'onAuthenticationRequest:microsoft'
2023-02-27 09:01:47.158 [info] ExtensionService#_doActivateExtension ms-vsliveshare.vsliveshare, startup: false, activationEvent: 'onCommand:liveshare.signin'
2023-02-27 09:01:47.280 [info] ExtensionService#_doActivateExtension vscode.configuration-editing, startup: false, activationEvent: 'onLanguage:json'
2023-02-27 09:01:47.284 [info] ExtensionService#_doActivateExtension vscode.extension-editing, startup: false, activationEvent: 'onLanguage:json'
2023-02-27 09:01:47.290 [info] ExtensionService#_doActivateExtension vscode.json-language-features, startup: false, activationEvent: 'onLanguage:json'
2023-02-27 09:01:47.306 [info] ExtensionService#_doActivateExtension vscode.npm, startup: false, activationEvent: 'onLanguage:json'
2023-02-27 09:01:47.314 [info] ExtensionService#_doActivateExtension ms-python.python, startup: false, activationEvent: 'onLanguage:json'
2023-02-27 09:01:47.382 [info] ExtensionService#_doActivateExtension vscode.typescript-language-features, startup: false, activationEvent: 'onLanguage:jsonc'
2023-02-27 09:01:47.399 [info] ExtensionService#_doActivateExtension ms-vscode-remote.remote-containers, startup: false, activationEvent: 'onLanguage:jsonc'
2023-02-27 09:01:47.419 [info] ExtensionService#_doActivateExtension vscode.git-base, startup: false, activationEvent: 'onCommand:git.pull', root cause: vscode.git
2023-02-27 09:01:47.421 [info] ExtensionService#_doActivateExtension ms-mssql.data-workspace-vscode, startup: true, activationEvent: '*'
2023-02-27 09:01:47.559 [info] ExtensionService#_doActivateExtension vscode.git, startup: false, activationEvent: 'onCommand:git.pull'
2023-02-27 09:01:47.606 [info] ExtensionService#_doActivateExtension vscode.github, startup: true, activationEvent: '*'
2023-02-27 09:01:47.845 [info] Eager extensions activated
2023-02-27 09:01:47.938 [info] ExtensionService#_doActivateExtension vscode.debug-auto-launch, startup: false, activationEvent: 'onStartupFinished'
2023-02-27 09:01:47.940 [info] ExtensionService#_doActivateExtension vscode.merge-conflict, startup: false, activationEvent: 'onStartupFinished'
2023-02-27 09:01:47.945 [info] ExtensionService#_doActivateExtension ms-vscode-remote.remote-wsl, startup: false, activationEvent: 'onStartupFinished'
2023-02-27 09:03:36.302 [info] Extension host terminating: renderer closed the MessagePort
2023-02-27 09:03:36.341 [error] Canceled: Canceled
	at new u (/usr/share/code/resources/app/out/vs/workbench/api/node/extensionHostProcess.js:96:88070)
	at l.O (/usr/share/code/resources/app/out/vs/workbench/api/node/extensionHostProcess.js:106:11276)
	at V.<computed>.M.charCodeAt.V.<computed> (/usr/share/code/resources/app/out/vs/workbench/api/node/extensionHostProcess.js:106:8557)
	at s.g (/usr/share/code/resources/app/out/vs/workbench/api/node/extensionHostProcess.js:96:107430)
	at s.executeCommand (/usr/share/code/resources/app/out/vs/workbench/api/node/extensionHostProcess.js:96:106806)
	at w.registerCommand.description (/usr/share/code/resources/app/out/vs/workbench/api/node/extensionHostProcess.js:96:106099)
	at s.h (/usr/share/code/resources/app/out/vs/workbench/api/node/extensionHostProcess.js:96:108016)
	at s.g (/usr/share/code/resources/app/out/vs/workbench/api/node/extensionHostProcess.js:96:106906)
	at s.executeCommand (/usr/share/code/resources/app/out/vs/workbench/api/node/extensionHostProcess.js:96:106806)
	at Object.executeCommand (/usr/share/code/resources/app/out/vs/workbench/api/node/extensionHostProcess.js:117:30778)
	at D (/usr/share/code/resources/app/extensions/git/dist/main.js:2:2055373)
	at f.invoke (/usr/share/code/resources/app/out/vs/workbench/api/node/extensionHostProcess.js:63:145)
	at g.deliver (/usr/share/code/resources/app/out/vs/workbench/api/node/extensionHostProcess.js:63:2029)
	at d.fire (/usr/share/code/resources/app/out/vs/workbench/api/node/extensionHostProcess.js:63:1667)
	at Object.h [as dispose] (/usr/share/code/resources/app/extensions/git/dist/main.js:2:2070210)
	at /usr/share/code/resources/app/extensions/git/dist/main.js:2:2074277
	at Array.forEach (<anonymous>)
	at g.dispose (/usr/share/code/resources/app/extensions/git/dist/main.js:2:2074263)
	at C.<anonymous> (/usr/share/code/resources/app/out/vs/workbench/api/node/extensionHostProcess.js:94:12431)
	at C.dispose (/usr/share/code/resources/app/out/vs/workbench/api/node/extensionHostProcess.js:94:12566)
	at C.<anonymous> (/usr/share/code/resources/app/extensions/git/dist/main.js:2:2057503)
	at C.dispose (/usr/share/code/resources/app/out/vs/workbench/api/node/extensionHostProcess.js:94:12566)
	at T (/usr/share/code/resources/app/out/vs/workbench/api/node/extensionHostProcess.js:10:12072)
	at f.X (/usr/share/code/resources/app/out/vs/workbench/api/node/extensionHostProcess.js:108:11242)
	at /usr/share/code/resources/app/out/vs/workbench/api/node/extensionHostProcess.js:108:9037
	at Array.map (<anonymous>)
	at f.Q (/usr/share/code/resources/app/out/vs/workbench/api/node/extensionHostProcess.js:108:9024)
	at f.terminate (/usr/share/code/resources/app/out/vs/workbench/api/node/extensionHostProcess.js:108:9298)
	at h.terminate (/usr/share/code/resources/app/out/vs/workbench/api/node/extensionHostProcess.js:112:1397)
	at p (/usr/share/code/resources/app/out/vs/workbench/api/node/extensionHostProcess.js:122:17851)
	at MessagePortMain.<anonymous> (/usr/share/code/resources/app/out/vs/workbench/api/node/extensionHostProcess.js:122:13990)
	at MessagePortMain.emit (node:events:526:28)
	at MessagePortMain._internalPort.emit (node:electron/js2c/utility_init:5:364) setContext undefined
2023-02-27 09:03:36.371 [info] Extension host with pid 8648 exiting with code 0
2023-02-27 09:03:36.973 [info] Extension host with pid 8918 started
2023-02-27 09:03:36.973 [info] Skipping acquiring lock for /home/javier/.config/Code/User/workspaceStorage/41d9a8b75312c9e7ff44f83d5814bdc6.
2023-02-27 09:03:37.074 [info] ExtensionService#_doActivateExtension vscode.emmet, startup: false, activationEvent: 'onLanguage'
2023-02-27 09:03:37.092 [info] ExtensionService#_doActivateExtension vscode.github-authentication, startup: false, activationEvent: 'onAuthenticationRequest:github'
2023-02-27 09:03:37.112 [info] ExtensionService#_doActivateExtension vscode.microsoft-authentication, startup: false, activationEvent: 'onAuthenticationRequest:microsoft'
2023-02-27 09:03:37.139 [info] ExtensionService#_doActivateExtension ms-vsliveshare.vsliveshare, startup: false, activationEvent: 'onCommand:liveshare.signin'
2023-02-27 09:03:37.271 [info] ExtensionService#_doActivateExtension vscode.configuration-editing, startup: false, activationEvent: 'onLanguage:json'
2023-02-27 09:03:37.276 [info] ExtensionService#_doActivateExtension vscode.extension-editing, startup: false, activationEvent: 'onLanguage:json'
2023-02-27 09:03:37.281 [info] ExtensionService#_doActivateExtension vscode.json-language-features, startup: false, activationEvent: 'onLanguage:json'
2023-02-27 09:03:37.306 [info] ExtensionService#_doActivateExtension vscode.npm, startup: false, activationEvent: 'onLanguage:json'
2023-02-27 09:03:37.315 [info] ExtensionService#_doActivateExtension ms-python.python, startup: false, activationEvent: 'onLanguage:json'
2023-02-27 09:03:37.427 [info] ExtensionService#_doActivateExtension vscode.typescript-language-features, startup: false, activationEvent: 'onLanguage:jsonc'
2023-02-27 09:03:37.441 [info] ExtensionService#_doActivateExtension ms-vscode-remote.remote-containers, startup: false, activationEvent: 'onLanguage:jsonc'
2023-02-27 09:03:37.467 [info] ExtensionService#_doActivateExtension vscode.git-base, startup: false, activationEvent: 'onCommand:git.pull', root cause: vscode.git
2023-02-27 09:03:37.468 [info] ExtensionService#_doActivateExtension ms-mssql.data-workspace-vscode, startup: true, activationEvent: '*'
2023-02-27 09:03:37.611 [info] ExtensionService#_doActivateExtension vscode.git, startup: false, activationEvent: 'onCommand:git.pull'
2023-02-27 09:03:37.673 [info] ExtensionService#_doActivateExtension vscode.github, startup: true, activationEvent: '*'
2023-02-27 09:03:37.938 [info] Eager extensions activated
2023-02-27 09:03:38.036 [info] ExtensionService#_doActivateExtension vscode.debug-auto-launch, startup: false, activationEvent: 'onStartupFinished'
2023-02-27 09:03:38.037 [info] ExtensionService#_doActivateExtension vscode.merge-conflict, startup: false, activationEvent: 'onStartupFinished'
2023-02-27 09:03:38.043 [info] ExtensionService#_doActivateExtension ms-vscode-remote.remote-wsl, startup: false, activationEvent: 'onStartupFinished'
2023-02-27 09:03:47.937 [info] Extension host terminating: renderer closed the MessagePort
2023-02-27 09:03:47.963 [error] Canceled: Canceled
	at new u (/usr/share/code/resources/app/out/vs/workbench/api/node/extensionHostProcess.js:96:88070)
	at l.O (/usr/share/code/resources/app/out/vs/workbench/api/node/extensionHostProcess.js:106:11276)
	at V.<computed>.M.charCodeAt.V.<computed> (/usr/share/code/resources/app/out/vs/workbench/api/node/extensionHostProcess.js:106:8557)
	at s.g (/usr/share/code/resources/app/out/vs/workbench/api/node/extensionHostProcess.js:96:107430)
	at s.executeCommand (/usr/share/code/resources/app/out/vs/workbench/api/node/extensionHostProcess.js:96:106806)
	at w.registerCommand.description (/usr/share/code/resources/app/out/vs/workbench/api/node/extensionHostProcess.js:96:106099)
	at s.h (/usr/share/code/resources/app/out/vs/workbench/api/node/extensionHostProcess.js:96:108016)
	at s.g (/usr/share/code/resources/app/out/vs/workbench/api/node/extensionHostProcess.js:96:106906)
	at s.executeCommand (/usr/share/code/resources/app/out/vs/workbench/api/node/extensionHostProcess.js:96:106806)
	at Object.executeCommand (/usr/share/code/resources/app/out/vs/workbench/api/node/extensionHostProcess.js:117:30778)
	at D (/usr/share/code/resources/app/extensions/git/dist/main.js:2:2055373)
	at f.invoke (/usr/share/code/resources/app/out/vs/workbench/api/node/extensionHostProcess.js:63:145)
	at g.deliver (/usr/share/code/resources/app/out/vs/workbench/api/node/extensionHostProcess.js:63:2029)
	at d.fire (/usr/share/code/resources/app/out/vs/workbench/api/node/extensionHostProcess.js:63:1667)
	at Object.h [as dispose] (/usr/share/code/resources/app/extensions/git/dist/main.js:2:2070210)
	at /usr/share/code/resources/app/extensions/git/dist/main.js:2:2074277
	at Array.forEach (<anonymous>)
	at g.dispose (/usr/share/code/resources/app/extensions/git/dist/main.js:2:2074263)
	at C.<anonymous> (/usr/share/code/resources/app/out/vs/workbench/api/node/extensionHostProcess.js:94:12431)
	at C.dispose (/usr/share/code/resources/app/out/vs/workbench/api/node/extensionHostProcess.js:94:12566)
	at C.<anonymous> (/usr/share/code/resources/app/extensions/git/dist/main.js:2:2057503)
	at C.dispose (/usr/share/code/resources/app/out/vs/workbench/api/node/extensionHostProcess.js:94:12566)
	at T (/usr/share/code/resources/app/out/vs/workbench/api/node/extensionHostProcess.js:10:12072)
	at f.X (/usr/share/code/resources/app/out/vs/workbench/api/node/extensionHostProcess.js:108:11242)
	at /usr/share/code/resources/app/out/vs/workbench/api/node/extensionHostProcess.js:108:9037
	at Array.map (<anonymous>)
	at f.Q (/usr/share/code/resources/app/out/vs/workbench/api/node/extensionHostProcess.js:108:9024)
	at f.terminate (/usr/share/code/resources/app/out/vs/workbench/api/node/extensionHostProcess.js:108:9298)
	at h.terminate (/usr/share/code/resources/app/out/vs/workbench/api/node/extensionHostProcess.js:112:1397)
	at p (/usr/share/code/resources/app/out/vs/workbench/api/node/extensionHostProcess.js:122:17851)
	at MessagePortMain.<anonymous> (/usr/share/code/resources/app/out/vs/workbench/api/node/extensionHostProcess.js:122:13990)
	at MessagePortMain.emit (node:events:526:28)
	at MessagePortMain._internalPort.emit (node:electron/js2c/utility_init:5:364) setContext undefined
2023-02-27 09:03:48.011 [info] Extension host with pid 8918 exiting with code 0
2023-02-27 09:03:48.641 [info] Extension host with pid 9051 started
2023-02-27 09:03:48.641 [info] Skipping acquiring lock for /home/javier/.config/Code/User/workspaceStorage/41d9a8b75312c9e7ff44f83d5814bdc6.
2023-02-27 09:03:48.723 [info] ExtensionService#_doActivateExtension vscode.emmet, startup: false, activationEvent: 'onLanguage'
2023-02-27 09:03:48.730 [info] ExtensionService#_doActivateExtension vscode.github-authentication, startup: false, activationEvent: 'onAuthenticationRequest:github'
2023-02-27 09:03:48.759 [info] ExtensionService#_doActivateExtension vscode.microsoft-authentication, startup: false, activationEvent: 'onAuthenticationRequest:microsoft'
2023-02-27 09:03:48.780 [info] ExtensionService#_doActivateExtension ms-vsliveshare.vsliveshare, startup: false, activationEvent: 'onCommand:liveshare.signin'
2023-02-27 09:03:48.890 [info] ExtensionService#_doActivateExtension vscode.configuration-editing, startup: false, activationEvent: 'onLanguage:json'
2023-02-27 09:03:48.893 [info] ExtensionService#_doActivateExtension vscode.extension-editing, startup: false, activationEvent: 'onLanguage:json'
2023-02-27 09:03:48.896 [info] ExtensionService#_doActivateExtension vscode.json-language-features, startup: false, activationEvent: 'onLanguage:json'
2023-02-27 09:03:48.916 [info] ExtensionService#_doActivateExtension vscode.npm, startup: false, activationEvent: 'onLanguage:json'
2023-02-27 09:03:48.922 [info] ExtensionService#_doActivateExtension ms-python.python, startup: false, activationEvent: 'onLanguage:json'
2023-02-27 09:03:48.991 [info] ExtensionService#_doActivateExtension vscode.typescript-language-features, startup: false, activationEvent: 'onLanguage:jsonc'
2023-02-27 09:03:49.009 [info] ExtensionService#_doActivateExtension ms-vscode-remote.remote-containers, startup: false, activationEvent: 'onLanguage:jsonc'
2023-02-27 09:03:49.038 [info] ExtensionService#_doActivateExtension vscode.git-base, startup: false, activationEvent: 'onCommand:git.pull', root cause: vscode.git
2023-02-27 09:03:49.039 [info] ExtensionService#_doActivateExtension ms-mssql.data-workspace-vscode, startup: true, activationEvent: '*'
2023-02-27 09:03:49.171 [info] ExtensionService#_doActivateExtension vscode.git, startup: false, activationEvent: 'onCommand:git.pull'
2023-02-27 09:03:49.233 [info] ExtensionService#_doActivateExtension vscode.github, startup: true, activationEvent: '*'
2023-02-27 09:03:49.405 [info] Eager extensions activated
2023-02-27 09:03:49.580 [info] ExtensionService#_doActivateExtension vscode.debug-auto-launch, startup: false, activationEvent: 'onStartupFinished'
2023-02-27 09:03:49.589 [info] ExtensionService#_doActivateExtension vscode.merge-conflict, startup: false, activationEvent: 'onStartupFinished'
2023-02-27 09:03:49.605 [info] ExtensionService#_doActivateExtension ms-vscode-remote.remote-wsl, startup: false, activationEvent: 'onStartupFinished'
2023-02-27 09:03:56.099 [info] Extension host terminating: renderer closed the MessagePort
2023-02-27 09:03:56.153 [error] Canceled: Canceled
	at new u (/usr/share/code/resources/app/out/vs/workbench/api/node/extensionHostProcess.js:96:88070)
	at l.O (/usr/share/code/resources/app/out/vs/workbench/api/node/extensionHostProcess.js:106:11276)
	at V.<computed>.M.charCodeAt.V.<computed> (/usr/share/code/resources/app/out/vs/workbench/api/node/extensionHostProcess.js:106:8557)
	at s.g (/usr/share/code/resources/app/out/vs/workbench/api/node/extensionHostProcess.js:96:107430)
	at s.executeCommand (/usr/share/code/resources/app/out/vs/workbench/api/node/extensionHostProcess.js:96:106806)
	at w.registerCommand.description (/usr/share/code/resources/app/out/vs/workbench/api/node/extensionHostProcess.js:96:106099)
	at s.h (/usr/share/code/resources/app/out/vs/workbench/api/node/extensionHostProcess.js:96:108016)
	at s.g (/usr/share/code/resources/app/out/vs/workbench/api/node/extensionHostProcess.js:96:106906)
	at s.executeCommand (/usr/share/code/resources/app/out/vs/workbench/api/node/extensionHostProcess.js:96:106806)
	at Object.executeCommand (/usr/share/code/resources/app/out/vs/workbench/api/node/extensionHostProcess.js:117:30778)
	at D (/usr/share/code/resources/app/extensions/git/dist/main.js:2:2055373)
	at f.invoke (/usr/share/code/resources/app/out/vs/workbench/api/node/extensionHostProcess.js:63:145)
	at g.deliver (/usr/share/code/resources/app/out/vs/workbench/api/node/extensionHostProcess.js:63:2029)
	at d.fire (/usr/share/code/resources/app/out/vs/workbench/api/node/extensionHostProcess.js:63:1667)
	at Object.h [as dispose] (/usr/share/code/resources/app/extensions/git/dist/main.js:2:2070210)
	at /usr/share/code/resources/app/extensions/git/dist/main.js:2:2074277
	at Array.forEach (<anonymous>)
	at g.dispose (/usr/share/code/resources/app/extensions/git/dist/main.js:2:2074263)
	at C.<anonymous> (/usr/share/code/resources/app/out/vs/workbench/api/node/extensionHostProcess.js:94:12431)
	at C.dispose (/usr/share/code/resources/app/out/vs/workbench/api/node/extensionHostProcess.js:94:12566)
	at C.<anonymous> (/usr/share/code/resources/app/extensions/git/dist/main.js:2:2057503)
	at C.dispose (/usr/share/code/resources/app/out/vs/workbench/api/node/extensionHostProcess.js:94:12566)
	at T (/usr/share/code/resources/app/out/vs/workbench/api/node/extensionHostProcess.js:10:12072)
	at f.X (/usr/share/code/resources/app/out/vs/workbench/api/node/extensionHostProcess.js:108:11242)
	at /usr/share/code/resources/app/out/vs/workbench/api/node/extensionHostProcess.js:108:9037
	at Array.map (<anonymous>)
	at f.Q (/usr/share/code/resources/app/out/vs/workbench/api/node/extensionHostProcess.js:108:9024)
	at f.terminate (/usr/share/code/resources/app/out/vs/workbench/api/node/extensionHostProcess.js:108:9298)
	at h.terminate (/usr/share/code/resources/app/out/vs/workbench/api/node/extensionHostProcess.js:112:1397)
	at p (/usr/share/code/resources/app/out/vs/workbench/api/node/extensionHostProcess.js:122:17851)
	at MessagePortMain.<anonymous> (/usr/share/code/resources/app/out/vs/workbench/api/node/extensionHostProcess.js:122:13990)
	at MessagePortMain.emit (node:events:526:28)
	at MessagePortMain._internalPort.emit (node:electron/js2c/utility_init:5:364) setContext undefined
2023-02-27 09:03:56.205 [info] Extension host with pid 9051 exiting with code 0
2023-02-27 09:03:56.654 [info] Extension host with pid 9195 started
2023-02-27 09:03:56.655 [info] Skipping acquiring lock for /home/javier/.config/Code/User/workspaceStorage/41d9a8b75312c9e7ff44f83d5814bdc6.
2023-02-27 09:03:56.776 [info] ExtensionService#_doActivateExtension vscode.emmet, startup: false, activationEvent: 'onLanguage'
2023-02-27 09:03:56.780 [info] ExtensionService#_doActivateExtension vscode.github-authentication, startup: false, activationEvent: 'onAuthenticationRequest:github'
2023-02-27 09:03:56.812 [info] ExtensionService#_doActivateExtension vscode.microsoft-authentication, startup: false, activationEvent: 'onAuthenticationRequest:microsoft'
2023-02-27 09:03:56.825 [info] ExtensionService#_doActivateExtension ms-vsliveshare.vsliveshare, startup: false, activationEvent: 'onCommand:liveshare.signin'
2023-02-27 09:03:56.975 [info] ExtensionService#_doActivateExtension vscode.configuration-editing, startup: false, activationEvent: 'onLanguage:json'
2023-02-27 09:03:56.980 [info] ExtensionService#_doActivateExtension vscode.extension-editing, startup: false, activationEvent: 'onLanguage:json'
2023-02-27 09:03:56.984 [info] ExtensionService#_doActivateExtension vscode.json-language-features, startup: false, activationEvent: 'onLanguage:json'
2023-02-27 09:03:57.005 [info] ExtensionService#_doActivateExtension vscode.npm, startup: false, activationEvent: 'onLanguage:json'
2023-02-27 09:03:57.012 [info] ExtensionService#_doActivateExtension ms-python.python, startup: false, activationEvent: 'onLanguage:json'
2023-02-27 09:03:57.092 [info] ExtensionService#_doActivateExtension vscode.typescript-language-features, startup: false, activationEvent: 'onLanguage:jsonc'
2023-02-27 09:03:57.109 [info] ExtensionService#_doActivateExtension ms-vscode-remote.remote-containers, startup: false, activationEvent: 'onLanguage:jsonc'
2023-02-27 09:03:57.144 [info] ExtensionService#_doActivateExtension vscode.git-base, startup: false, activationEvent: 'onCommand:git.pull', root cause: vscode.git
2023-02-27 09:03:57.152 [info] ExtensionService#_doActivateExtension ms-mssql.data-workspace-vscode, startup: true, activationEvent: '*'
2023-02-27 09:03:57.315 [info] ExtensionService#_doActivateExtension vscode.git, startup: false, activationEvent: 'onCommand:git.pull'
2023-02-27 09:03:57.401 [info] ExtensionService#_doActivateExtension vscode.github, startup: true, activationEvent: '*'
2023-02-27 09:03:57.603 [info] Eager extensions activated
2023-02-27 09:03:57.791 [info] ExtensionService#_doActivateExtension vscode.debug-auto-launch, startup: false, activationEvent: 'onStartupFinished'
2023-02-27 09:03:57.813 [info] ExtensionService#_doActivateExtension vscode.merge-conflict, startup: false, activationEvent: 'onStartupFinished'
2023-02-27 09:03:57.850 [info] ExtensionService#_doActivateExtension ms-vscode-remote.remote-wsl, startup: false, activationEvent: 'onStartupFinished'
2023-02-27 09:04:04.641 [info] Extension host terminating: renderer closed the MessagePort
2023-02-27 09:04:04.695 [error] Canceled: Canceled
	at new u (/usr/share/code/resources/app/out/vs/workbench/api/node/extensionHostProcess.js:96:88070)
	at l.O (/usr/share/code/resources/app/out/vs/workbench/api/node/extensionHostProcess.js:106:11276)
	at V.<computed>.M.charCodeAt.V.<computed> (/usr/share/code/resources/app/out/vs/workbench/api/node/extensionHostProcess.js:106:8557)
	at s.g (/usr/share/code/resources/app/out/vs/workbench/api/node/extensionHostProcess.js:96:107430)
	at s.executeCommand (/usr/share/code/resources/app/out/vs/workbench/api/node/extensionHostProcess.js:96:106806)
	at w.registerCommand.description (/usr/share/code/resources/app/out/vs/workbench/api/node/extensionHostProcess.js:96:106099)
	at s.h (/usr/share/code/resources/app/out/vs/workbench/api/node/extensionHostProcess.js:96:108016)
	at s.g (/usr/share/code/resources/app/out/vs/workbench/api/node/extensionHostProcess.js:96:106906)
	at s.executeCommand (/usr/share/code/resources/app/out/vs/workbench/api/node/extensionHostProcess.js:96:106806)
	at Object.executeCommand (/usr/share/code/resources/app/out/vs/workbench/api/node/extensionHostProcess.js:117:30778)
	at D (/usr/share/code/resources/app/extensions/git/dist/main.js:2:2055373)
	at f.invoke (/usr/share/code/resources/app/out/vs/workbench/api/node/extensionHostProcess.js:63:145)
	at g.deliver (/usr/share/code/resources/app/out/vs/workbench/api/node/extensionHostProcess.js:63:2029)
	at d.fire (/usr/share/code/resources/app/out/vs/workbench/api/node/extensionHostProcess.js:63:1667)
	at Object.h [as dispose] (/usr/share/code/resources/app/extensions/git/dist/main.js:2:2070210)
	at /usr/share/code/resources/app/extensions/git/dist/main.js:2:2074277
	at Array.forEach (<anonymous>)
	at g.dispose (/usr/share/code/resources/app/extensions/git/dist/main.js:2:2074263)
	at C.<anonymous> (/usr/share/code/resources/app/out/vs/workbench/api/node/extensionHostProcess.js:94:12431)
	at C.dispose (/usr/share/code/resources/app/out/vs/workbench/api/node/extensionHostProcess.js:94:12566)
	at C.<anonymous> (/usr/share/code/resources/app/extensions/git/dist/main.js:2:2057503)
	at C.dispose (/usr/share/code/resources/app/out/vs/workbench/api/node/extensionHostProcess.js:94:12566)
	at T (/usr/share/code/resources/app/out/vs/workbench/api/node/extensionHostProcess.js:10:12072)
	at f.X (/usr/share/code/resources/app/out/vs/workbench/api/node/extensionHostProcess.js:108:11242)
	at /usr/share/code/resources/app/out/vs/workbench/api/node/extensionHostProcess.js:108:9037
	at Array.map (<anonymous>)
	at f.Q (/usr/share/code/resources/app/out/vs/workbench/api/node/extensionHostProcess.js:108:9024)
	at f.terminate (/usr/share/code/resources/app/out/vs/workbench/api/node/extensionHostProcess.js:108:9298)
	at h.terminate (/usr/share/code/resources/app/out/vs/workbench/api/node/extensionHostProcess.js:112:1397)
	at p (/usr/share/code/resources/app/out/vs/workbench/api/node/extensionHostProcess.js:122:17851)
	at MessagePortMain.<anonymous> (/usr/share/code/resources/app/out/vs/workbench/api/node/extensionHostProcess.js:122:13990)
	at MessagePortMain.emit (node:events:526:28)
	at MessagePortMain._internalPort.emit (node:electron/js2c/utility_init:5:364) setContext undefined
2023-02-27 09:04:04.736 [info] Extension host with pid 9195 exiting with code 0
2023-02-27 09:04:05.140 [info] Extension host with pid 9326 started
2023-02-27 09:04:05.140 [info] Skipping acquiring lock for /home/javier/.config/Code/User/workspaceStorage/41d9a8b75312c9e7ff44f83d5814bdc6.
2023-02-27 09:04:05.214 [info] ExtensionService#_doActivateExtension vscode.emmet, startup: false, activationEvent: 'onLanguage'
2023-02-27 09:04:05.220 [info] ExtensionService#_doActivateExtension vscode.github-authentication, startup: false, activationEvent: 'onAuthenticationRequest:github'
2023-02-27 09:04:05.241 [info] ExtensionService#_doActivateExtension vscode.microsoft-authentication, startup: false, activationEvent: 'onAuthenticationRequest:microsoft'
2023-02-27 09:04:05.261 [info] ExtensionService#_doActivateExtension ms-vsliveshare.vsliveshare, startup: false, activationEvent: 'onCommand:liveshare.signin'
2023-02-27 09:04:05.374 [info] ExtensionService#_doActivateExtension vscode.configuration-editing, startup: false, activationEvent: 'onLanguage:json'
2023-02-27 09:04:05.377 [info] ExtensionService#_doActivateExtension vscode.extension-editing, startup: false, activationEvent: 'onLanguage:json'
2023-02-27 09:04:05.381 [info] ExtensionService#_doActivateExtension vscode.json-language-features, startup: false, activationEvent: 'onLanguage:json'
2023-02-27 09:04:05.395 [info] ExtensionService#_doActivateExtension vscode.npm, startup: false, activationEvent: 'onLanguage:json'
2023-02-27 09:04:05.404 [info] ExtensionService#_doActivateExtension ms-python.python, startup: false, activationEvent: 'onLanguage:json'
2023-02-27 09:04:05.471 [info] ExtensionService#_doActivateExtension vscode.typescript-language-features, startup: false, activationEvent: 'onLanguage:jsonc'
2023-02-27 09:04:05.489 [info] ExtensionService#_doActivateExtension ms-vscode-remote.remote-containers, startup: false, activationEvent: 'onLanguage:jsonc'
2023-02-27 09:04:05.522 [info] ExtensionService#_doActivateExtension vscode.git-base, startup: false, activationEvent: 'onCommand:git.pull', root cause: vscode.git
2023-02-27 09:04:05.524 [info] ExtensionService#_doActivateExtension ms-mssql.data-workspace-vscode, startup: true, activationEvent: '*'
2023-02-27 09:04:05.805 [info] ExtensionService#_doActivateExtension vscode.git, startup: false, activationEvent: 'onCommand:git.pull'
2023-02-27 09:04:05.895 [info] ExtensionService#_doActivateExtension vscode.github, startup: true, activationEvent: '*'
2023-02-27 09:04:06.087 [info] Eager extensions activated
2023-02-27 09:04:06.180 [info] ExtensionService#_doActivateExtension vscode.debug-auto-launch, startup: false, activationEvent: 'onStartupFinished'
2023-02-27 09:04:06.183 [info] ExtensionService#_doActivateExtension vscode.merge-conflict, startup: false, activationEvent: 'onStartupFinished'
2023-02-27 09:04:06.189 [info] ExtensionService#_doActivateExtension ms-vscode-remote.remote-wsl, startup: false, activationEvent: 'onStartupFinished'
