2023-02-27 08:52:41.587 [info] Reading sessions from keychain...
2023-02-27 08:52:41.587 [info] Getting sessions for user:email...
2023-02-27 08:52:41.587 [info] Got 0 sessions for user:email...
2023-02-27 08:52:41.587 [info] Getting sessions for all scopes...
2023-02-27 08:52:41.587 [info] Got 0 sessions for ...
2023-02-27 08:52:42.561 [info] Getting sessions for read:user,repo,user:email,workflow...
2023-02-27 08:52:42.561 [info] Got 0 sessions for read:user,repo,user:email,workflow...
2023-02-27 08:52:43.048 [info] Getting sessions for all scopes...
2023-02-27 08:52:43.048 [info] Got 0 sessions for ...
2023-02-27 08:52:45.965 [info] Getting sessions for read:user,repo,user:email,workflow...
2023-02-27 08:52:45.965 [info] Got 0 sessions for read:user,repo,user:email,workflow...
2023-02-27 08:53:09.133 [info] Getting sessions for read:user,repo,user:email,workflow...
2023-02-27 08:53:09.133 [info] Got 0 sessions for read:user,repo,user:email,workflow...
2023-02-27 08:53:10.725 [info] Logging in for the following scopes: read:user repo user:email workflow
2023-02-27 08:53:10.732 [info] Trying without local server... (read:user repo user:email workflow)
2023-02-27 08:53:17.793 [info] Exchanging code for token...
2023-02-27 08:53:18.283 [info] Token exchange success!
2023-02-27 08:53:18.284 [info] Getting user info...
2023-02-27 08:53:18.688 [info] Got account info!
2023-02-27 08:53:18.691 [info] Storing 1 sessions...
2023-02-27 08:53:18.710 [info] Reading sessions from keychain...
2023-02-27 08:53:18.711 [info] Stored 1 sessions!
2023-02-27 08:53:18.711 [info] Login success!
2023-02-27 08:53:18.714 [info] Getting sessions for user:email...
2023-02-27 08:53:18.738 [info] Got stored sessions!
2023-02-27 08:53:18.738 [info] Got 1 verified sessions.
2023-02-27 08:53:18.738 [info] Got 0 sessions for user:email...
2023-02-27 08:53:18.739 [info] Getting sessions for read:user,repo,user:email,workflow...
2023-02-27 08:53:18.739 [info] Got 1 sessions for read:user,repo,user:email,workflow...
2023-02-27 08:53:19.345 [info] Getting user info...
2023-02-27 08:53:19.649 [info] Got account info!
2023-02-27 08:53:50.730 [info] Reading sessions from keychain...
2023-02-27 08:53:50.730 [info] Getting sessions for user:email...
2023-02-27 08:53:50.730 [info] Got stored sessions!
2023-02-27 08:53:50.730 [info] Got 1 verified sessions.
2023-02-27 08:53:50.730 [info] Got 0 sessions for user:email...
2023-02-27 08:53:50.730 [info] Getting sessions for all scopes...
2023-02-27 08:53:50.730 [info] Got 1 sessions for ...
2023-02-27 08:53:50.901 [info] Getting sessions for read:user,repo,user:email,workflow...
2023-02-27 08:53:50.901 [info] Got 1 sessions for read:user,repo,user:email,workflow...
2023-02-27 08:53:51.180 [info] Getting sessions for all scopes...
2023-02-27 08:53:51.180 [info] Got 1 sessions for ...
2023-02-27 08:53:52.248 [info] Getting user info...
2023-02-27 08:53:52.581 [info] Got account info!
2023-02-27 08:54:42.164 [info] Reading sessions from keychain...
2023-02-27 08:54:42.164 [info] Getting sessions for user:email...
2023-02-27 08:54:42.164 [info] Got stored sessions!
2023-02-27 08:54:42.164 [info] Got 1 verified sessions.
2023-02-27 08:54:42.165 [info] Got 0 sessions for user:email...
2023-02-27 08:54:42.165 [info] Getting sessions for all scopes...
2023-02-27 08:54:42.165 [info] Got 1 sessions for ...
2023-02-27 08:54:42.955 [info] Getting sessions for user:email...
2023-02-27 08:54:42.955 [info] Got 0 sessions for user:email...
2023-02-27 08:54:42.955 [info] Getting sessions for all scopes...
2023-02-27 08:54:42.955 [info] Got 1 sessions for ...
2023-02-27 08:54:43.001 [info] Getting sessions for read:user,repo,user:email,workflow...
2023-02-27 08:54:43.001 [info] Got 1 sessions for read:user,repo,user:email,workflow...
2023-02-27 08:54:43.729 [info] Getting user info...
2023-02-27 08:54:44.386 [info] Got account info!
2023-02-27 09:01:01.893 [info] Reading sessions from keychain...
2023-02-27 09:01:01.893 [info] Getting sessions for user:email...
2023-02-27 09:01:01.893 [info] Getting sessions for all scopes...
2023-02-27 09:01:01.893 [info] Got stored sessions!
2023-02-27 09:01:01.893 [info] Got 1 verified sessions.
2023-02-27 09:01:01.893 [info] Got 0 sessions for user:email...
2023-02-27 09:01:01.893 [info] Got 1 sessions for ...
2023-02-27 09:01:02.880 [info] Getting sessions for read:user,repo,user:email,workflow...
2023-02-27 09:01:02.881 [info] Got 1 sessions for read:user,repo,user:email,workflow...
2023-02-27 09:01:02.949 [info] Getting sessions for user:email...
2023-02-27 09:01:02.950 [info] Got 0 sessions for user:email...
2023-02-27 09:01:02.954 [info] Getting sessions for all scopes...
2023-02-27 09:01:02.954 [info] Got 1 sessions for ...
2023-02-27 09:01:03.594 [info] Getting user info...
2023-02-27 09:01:04.243 [info] Got account info!
2023-02-27 09:01:09.583 [info] Reading sessions from keychain...
2023-02-27 09:01:09.583 [info] Getting sessions for user:email...
2023-02-27 09:01:09.583 [info] Getting sessions for all scopes...
2023-02-27 09:01:09.583 [info] Got stored sessions!
2023-02-27 09:01:09.583 [info] Got 1 verified sessions.
2023-02-27 09:01:09.583 [info] Got 0 sessions for user:email...
2023-02-27 09:01:09.583 [info] Got 1 sessions for ...
2023-02-27 09:01:10.128 [info] Getting sessions for read:user,repo,user:email,workflow...
2023-02-27 09:01:10.128 [info] Got 1 sessions for read:user,repo,user:email,workflow...
2023-02-27 09:01:10.432 [info] Getting sessions for user:email...
2023-02-27 09:01:10.433 [info] Got 0 sessions for user:email...
2023-02-27 09:01:10.435 [info] Getting sessions for all scopes...
2023-02-27 09:01:10.436 [info] Got 1 sessions for ...
2023-02-27 09:01:11.057 [info] Getting user info...
2023-02-27 09:01:11.431 [info] Got account info!
2023-02-27 09:01:24.763 [info] Getting sessions for read:user,repo,user:email,workflow...
2023-02-27 09:01:24.763 [info] Got 1 sessions for read:user,repo,user:email,workflow...
2023-02-27 09:01:47.674 [info] Reading sessions from keychain...
2023-02-27 09:01:47.674 [info] Getting sessions for user:email...
2023-02-27 09:01:47.675 [info] Got stored sessions!
2023-02-27 09:01:47.675 [info] Got 1 verified sessions.
2023-02-27 09:01:47.675 [info] Got 0 sessions for user:email...
2023-02-27 09:01:47.675 [info] Getting sessions for all scopes...
2023-02-27 09:01:47.676 [info] Got 1 sessions for ...
2023-02-27 09:01:48.686 [info] Getting sessions for read:user,repo,user:email,workflow...
2023-02-27 09:01:48.686 [info] Got 1 sessions for read:user,repo,user:email,workflow...
2023-02-27 09:01:48.868 [info] Getting sessions for user:email...
2023-02-27 09:01:48.869 [info] Got 0 sessions for user:email...
2023-02-27 09:01:48.870 [info] Getting sessions for all scopes...
2023-02-27 09:01:48.870 [info] Got 1 sessions for ...
2023-02-27 09:01:49.256 [info] Getting user info...
2023-02-27 09:01:49.612 [info] Got account info!
2023-02-27 09:02:39.029 [info] Getting sessions for read:user,repo,user:email,workflow...
2023-02-27 09:02:39.029 [info] Got 1 sessions for read:user,repo,user:email,workflow...
2023-02-27 09:03:37.869 [info] Reading sessions from keychain...
2023-02-27 09:03:37.869 [info] Getting sessions for user:email...
2023-02-27 09:03:37.869 [info] Got stored sessions!
2023-02-27 09:03:37.869 [info] Got 1 verified sessions.
2023-02-27 09:03:37.869 [info] Got 0 sessions for user:email...
2023-02-27 09:03:37.869 [info] Getting sessions for all scopes...
2023-02-27 09:03:37.869 [info] Got 1 sessions for ...
2023-02-27 09:03:38.932 [info] Getting sessions for user:email...
2023-02-27 09:03:38.933 [info] Got 0 sessions for user:email...
2023-02-27 09:03:38.934 [info] Getting sessions for all scopes...
2023-02-27 09:03:38.934 [info] Got 1 sessions for ...
2023-02-27 09:03:38.946 [info] Getting sessions for read:user,repo,user:email,workflow...
2023-02-27 09:03:38.946 [info] Got 1 sessions for read:user,repo,user:email,workflow...
2023-02-27 09:03:39.652 [info] Getting user info...
2023-02-27 09:03:40.031 [info] Got account info!
2023-02-27 09:03:49.352 [info] Reading sessions from keychain...
2023-02-27 09:03:49.352 [info] Getting sessions for user:email...
2023-02-27 09:03:49.352 [info] Got stored sessions!
2023-02-27 09:03:49.352 [info] Got 1 verified sessions.
2023-02-27 09:03:49.352 [info] Got 0 sessions for user:email...
2023-02-27 09:03:49.352 [info] Getting sessions for all scopes...
2023-02-27 09:03:49.352 [info] Got 1 sessions for ...
2023-02-27 09:03:50.392 [info] Getting sessions for read:user,repo,user:email,workflow...
2023-02-27 09:03:50.392 [info] Got 1 sessions for read:user,repo,user:email,workflow...
2023-02-27 09:03:50.448 [info] Getting sessions for user:email...
2023-02-27 09:03:50.448 [info] Got 0 sessions for user:email...
2023-02-27 09:03:50.448 [info] Getting sessions for all scopes...
2023-02-27 09:03:50.449 [info] Got 1 sessions for ...
2023-02-27 09:03:51.697 [info] Getting user info...
2023-02-27 09:03:52.025 [info] Got account info!
2023-02-27 09:03:57.407 [info] Reading sessions from keychain...
2023-02-27 09:03:57.407 [info] Getting sessions for user:email...
2023-02-27 09:03:57.407 [info] Got stored sessions!
2023-02-27 09:03:57.407 [info] Got 1 verified sessions.
2023-02-27 09:03:57.407 [info] Got 0 sessions for user:email...
2023-02-27 09:03:57.407 [info] Getting sessions for all scopes...
2023-02-27 09:03:57.407 [info] Got 1 sessions for ...
2023-02-27 09:03:58.680 [info] Getting sessions for user:email...
2023-02-27 09:03:58.680 [info] Got 0 sessions for user:email...
2023-02-27 09:03:58.682 [info] Getting sessions for all scopes...
2023-02-27 09:03:58.682 [info] Got 1 sessions for ...
2023-02-27 09:03:58.687 [info] Getting sessions for read:user,repo,user:email,workflow...
2023-02-27 09:03:58.687 [info] Got 1 sessions for read:user,repo,user:email,workflow...
2023-02-27 09:03:59.397 [info] Getting user info...
2023-02-27 09:03:59.746 [info] Got account info!
2023-02-27 09:04:05.899 [info] Reading sessions from keychain...
2023-02-27 09:04:05.899 [info] Getting sessions for user:email...
2023-02-27 09:04:05.899 [info] Got stored sessions!
2023-02-27 09:04:05.900 [info] Got 1 verified sessions.
2023-02-27 09:04:05.900 [info] Got 0 sessions for user:email...
2023-02-27 09:04:06.000 [info] Getting sessions for all scopes...
2023-02-27 09:04:06.001 [info] Got 1 sessions for ...
2023-02-27 09:04:06.960 [info] Getting sessions for user:email...
2023-02-27 09:04:06.960 [info] Got 0 sessions for user:email...
2023-02-27 09:04:06.994 [info] Getting sessions for all scopes...
2023-02-27 09:04:06.994 [info] Got 1 sessions for ...
2023-02-27 09:04:07.156 [info] Getting sessions for read:user,repo,user:email,workflow...
2023-02-27 09:04:07.157 [info] Got 1 sessions for read:user,repo,user:email,workflow...
2023-02-27 09:04:07.601 [info] Getting user info...
2023-02-27 09:04:07.965 [info] Got account info!
