2023-02-27 08:49:54.803 [info] Using settings sync service https://vscode-sync.trafficmanager.net/
2023-02-27 08:49:54.803 [info] Auto Sync is disabled.
2023-02-27 08:50:19.537 [info] Sync started.
2023-02-27 08:50:19.806 [info] Did reset the local sync state.
2023-02-27 08:50:19.830 [info] Settings: Last sync data state does not exist.
2023-02-27 08:50:19.922 [info] Settings: Last sync data state does not exist.
2023-02-27 08:50:20.063 [info] GlobalState: Last sync data state does not exist.
2023-02-27 08:50:20.090 [info] Keybindings: Last sync data state does not exist.
2023-02-27 08:50:20.198 [info] Snippets: Last sync data state does not exist.
2023-02-27 08:50:20.304 [info] Tasks: Last sync data state does not exist.
2023-02-27 08:50:20.391 [info] GlobalState: Last sync data state does not exist.
2023-02-27 08:50:20.494 [info] Extensions: Last sync data state does not exist.
2023-02-27 08:50:20.708 [info] Profiles: Last sync data state does not exist.
2023-02-27 08:50:20.779 [info] Profiles: Last sync data state does not exist.
2023-02-27 08:50:20.800 [info] Settings: Updated local settings
2023-02-27 08:50:20.816 [info] Settings: Updated last synchronized settings
2023-02-27 08:50:20.819 [info] Keybindings: No changes found during synchronizing keybindings.
2023-02-27 08:50:20.830 [info] Keybindings: Updated last synchronized keybindings
2023-02-27 08:50:20.832 [info] Snippets: No changes found during synchronizing snippets.
2023-02-27 08:50:20.841 [info] Snippets: Updated last synchronized snippets
2023-02-27 08:50:20.842 [info] Tasks: No changes found during synchronizing tasks.
2023-02-27 08:50:20.854 [info] Tasks: Updated last synchronized tasks
2023-02-27 08:50:20.871 [info] GlobalState: Updated global state ["workbench.statusbar.hidden","extensionsAssistant/languagePackSuggestionIgnore","workbench.view.extensions.state.hidden","workbench.view.extension.jupyter-variables.state.hidden","workbench.view.extension.jupyter.state.hidden","workbench.welcomePage.walkthroughMetadata","workbench.view.extension.test.state.hidden","workbench.panel.alignment","cpp.1.lastSessionDate","cpp.1.sessionCount","java.2.lastSessionDate","java.2.sessionCount","javascript.1.lastSessionDate","javascript.1.sessionCount","typescript.1.lastSessionDate","typescript.1.sessionCount","ces/skipSurvey","memento/gettingStartedService","github-javierspn","commandPalette.mru.cache","commandPalette.mru.counter","workbench.view.extension.objectExplorer.state.hidden","workbench.view.extension.dataworkspace.state.hidden","workbench.view.extension.dockerView.state.hidden","workbench.view.extension.kubernetesView.state.hidden","workbench.view.remote.state.hidden","workbench.view.extension.liveshare.state.hidden","nps/isCandidate","nps/skipVersion","terminal.integrated.showTerminalConfigPrompt","microsoft-javier.santiago@msn.com","workbench.explorer.views.state.hidden","workbench.activity.pinnedViewlets2","nps/lastSessionDate","nps/sessionCount","colorThemeData","workbench.panel.pinnedPanels"]
2023-02-27 08:50:20.871 [info] GlobalState: Updated local ui state
2023-02-27 08:50:21.007 [info] GlobalState: Updated remote ui state. Added: workbench.panel.repl.hidden.
2023-02-27 08:50:21.030 [info] GlobalState: Updated last synchronized ui state
2023-02-27 08:50:30.128 [info] Extensions: Installed extension. mathematic.vscode-pdf 0.0.6
2023-02-27 08:50:30.180 [info] Extensions: Last sync data state does not exist.
2023-02-27 08:50:32.423 [info] Extensions: Installed extension. ms-azuretools.vscode-docker 1.24.0
2023-02-27 08:50:32.480 [info] Extensions: Last sync data state does not exist.
2023-02-27 08:50:40.528 [info] Extensions: Installed extension. ms-vsliveshare.vsliveshare 1.0.5832
2023-02-27 08:50:40.578 [info] Extensions: Last sync data state does not exist.
2023-02-27 08:50:43.809 [info] Extensions: Installed extension. ms-vscode-remote.vscode-remote-extensionpack 0.24.0
2023-02-27 08:50:43.858 [info] Extensions: Last sync data state does not exist.
2023-02-27 08:50:47.356 [info] Extensions: Installed extension. ms-kubernetes-tools.vscode-kubernetes-tools 1.3.11
2023-02-27 08:50:47.407 [info] Extensions: Last sync data state does not exist.
2023-02-27 08:51:00.572 [info] Extensions: Installed extension. ms-mssql.mssql 1.17.1
2023-02-27 08:51:00.628 [info] Extensions: Last sync data state does not exist.
2023-02-27 08:51:03.509 [info] Extensions: Installed extension. ms-toolsai.jupyter-keymap 1.0.0
2023-02-27 08:51:03.565 [info] Extensions: Last sync data state does not exist.
2023-02-27 08:51:06.903 [info] Extensions: Installed extension. ms-mssql.sql-database-projects-vscode 0.21.0
2023-02-27 08:51:06.954 [info] Extensions: Last sync data state does not exist.
2023-02-27 08:51:09.595 [info] Extensions: Installed extension. ms-mssql.data-workspace-vscode 0.4.0
2023-02-27 08:51:09.651 [info] Extensions: Last sync data state does not exist.
2023-02-27 08:51:12.589 [info] Extensions: Installed extension. ms-vscode-remote.remote-ssh-edit 0.84.0
2023-02-27 08:51:12.639 [info] Extensions: Last sync data state does not exist.
2023-02-27 08:51:16.330 [info] Extensions: Installed extension. ms-toolsai.jupyter-renderers 1.0.15
2023-02-27 08:51:16.386 [info] Extensions: Last sync data state does not exist.
2023-02-27 08:51:19.081 [info] Extensions: Installed extension. ms-mssql.sql-bindings-vscode 0.3.0
2023-02-27 08:51:19.143 [info] Extensions: Last sync data state does not exist.
2023-02-27 08:51:21.809 [info] Extensions: Installed extension. ms-toolsai.vscode-jupyter-slideshow 0.1.5
2023-02-27 08:51:21.859 [info] Extensions: Last sync data state does not exist.
2023-02-27 08:51:24.810 [info] Extensions: Installed extension. ms-toolsai.vscode-jupyter-cell-tags 0.1.6
2023-02-27 08:51:24.859 [info] Extensions: Last sync data state does not exist.
2023-02-27 08:51:27.532 [info] Extensions: Installed extension. ms-vscode.remote-explorer 0.2.0
2023-02-27 08:51:27.584 [info] Extensions: Last sync data state does not exist.
2023-02-27 08:51:30.330 [info] Extensions: Installed extension. ms-python.isort 2022.8.0
2023-02-27 08:51:30.384 [info] Extensions: Last sync data state does not exist.
2023-02-27 08:51:33.746 [info] Extensions: Installed extension. ms-vscode-remote.remote-ssh 0.96.0
2023-02-27 08:51:33.796 [info] Extensions: Last sync data state does not exist.
2023-02-27 08:51:36.866 [info] Extensions: Installed extension. redhat.vscode-yaml 1.11.0
2023-02-27 08:51:36.955 [info] Extensions: Last sync data state does not exist.
2023-02-27 08:51:45.457 [info] Extensions: Installed extension. ms-python.vscode-pylance 2023.2.40
2023-02-27 08:51:45.516 [info] Extensions: Last sync data state does not exist.
2023-02-27 08:51:51.295 [info] Extensions: Installed extension. kubescape.kubescape 0.3.3
2023-02-27 08:51:51.345 [info] Extensions: Last sync data state does not exist.
2023-02-27 08:52:00.080 [info] Extensions: Installed extension. ms-vscode-remote.remote-wsl 0.76.1
2023-02-27 08:52:00.129 [info] Extensions: Last sync data state does not exist.
2023-02-27 08:52:04.465 [info] Extensions: Installed extension. ms-vscode-remote.remote-containers 0.275.1
2023-02-27 08:52:04.509 [info] Extensions: Last sync data state does not exist.
2023-02-27 08:52:04.955 [info] Extensions: Last sync data state does not exist.
2023-02-27 08:52:05.274 [info] Extensions: Last sync data state does not exist.
2023-02-27 08:52:13.488 [info] Extensions: Installed extension. ms-python.python 2023.2.0
2023-02-27 08:52:13.544 [info] Extensions: Last sync data state does not exist.
2023-02-27 08:52:25.398 [info] Extensions: Installed extension. ms-toolsai.jupyter 2023.1.2010391206
2023-02-27 08:52:25.427 [info] Extensions: Updated last synchronized extensions.
2023-02-27 08:52:25.432 [info] Profiles: No changes found during synchronizing profiles.
2023-02-27 08:52:25.506 [info] Profiles: Updated last synchronized profiles.
2023-02-27 08:52:25.571 [info] Sync done. Took 126034ms
2023-02-27 08:52:25.713 [info] Auto Sync: Triggered by Interval
2023-02-27 08:52:25.713 [info] Sync started.
2023-02-27 08:52:25.962 [info] Settings: No changes found during synchronizing settings.
2023-02-27 08:52:25.970 [info] Keybindings: No changes found during synchronizing keybindings.
2023-02-27 08:52:25.991 [info] Snippets: No changes found during synchronizing snippets.
2023-02-27 08:52:26.040 [info] Tasks: No changes found during synchronizing tasks.
2023-02-27 08:52:26.197 [info] GlobalState: Updated remote ui state. Updated: workbench.explorer.views.state.hidden,workbench.activity.pinnedViewlets2,workbench.panel.pinnedPanels,workbench.welcomePage.walkthroughMetadata,memento/gettingStartedService.
2023-02-27 08:52:26.208 [info] GlobalState: Updated last synchronized ui state
2023-02-27 08:52:26.636 [info] Extensions: Updated remote extensions. Updated: ["mathematic.vscode-pdf","ms-azuretools.vscode-docker","ms-kubernetes-tools.vscode-kubernetes-tools","ms-mssql.data-workspace-vscode","ms-mssql.mssql","ms-mssql.sql-bindings-vscode","ms-mssql.sql-database-projects-vscode","ms-python.isort","ms-python.python","ms-python.vscode-pylance","ms-toolsai.jupyter","ms-toolsai.jupyter-keymap","ms-toolsai.jupyter-renderers","ms-toolsai.vscode-jupyter-cell-tags","ms-toolsai.vscode-jupyter-slideshow","ms-vscode-remote.remote-containers","ms-vscode-remote.remote-ssh","ms-vscode-remote.remote-ssh-edit","ms-vscode-remote.remote-wsl","ms-vscode-remote.vscode-remote-extensionpack","ms-vscode.remote-explorer","ms-vsliveshare.vsliveshare","redhat.vscode-yaml","kubescape.kubescape"].
2023-02-27 08:52:26.648 [info] Extensions: Updated last synchronized extensions.
2023-02-27 08:52:26.661 [info] Profiles: No changes found during synchronizing profiles.
2023-02-27 08:52:26.706 [info] Sync done. Took 1014ms
2023-02-27 08:52:28.961 [info] Auto Sync: Triggered by Activity
2023-02-27 08:52:28.962 [info] Sync started.
2023-02-27 08:52:29.075 [info] Settings: No changes found during synchronizing settings.
2023-02-27 08:52:29.098 [info] Keybindings: No changes found during synchronizing keybindings.
2023-02-27 08:52:29.159 [info] Snippets: No changes found during synchronizing snippets.
2023-02-27 08:52:29.206 [info] Tasks: No changes found during synchronizing tasks.
2023-02-27 08:52:29.451 [info] GlobalState: Updated remote ui state. Updated: memento/gettingStartedService.
2023-02-27 08:52:29.476 [info] GlobalState: Updated last synchronized ui state
2023-02-27 08:52:29.675 [info] Extensions: No changes found during synchronizing extensions.
2023-02-27 08:52:29.735 [info] Profiles: No changes found during synchronizing profiles.
2023-02-27 08:52:29.761 [info] Sync done. Took 801ms
