2023-02-27 08:49:53.619 [info] Added views:workbench.panel.markers.view in workbench.panel.markers
2023-02-27 08:49:53.619 [info] Added views:workbench.panel.output in workbench.panel.output
2023-02-27 08:49:53.619 [info] Added views:terminal in terminal
2023-02-27 08:49:53.619 [info] Added views:outline in workbench.view.explorer
2023-02-27 08:49:53.619 [info] Added views:workbench.scm in workbench.view.scm
2023-02-27 08:49:53.619 [info] Added views:workbench.view.search in workbench.view.search
2023-02-27 08:49:53.619 [info] Added views:timeline in workbench.view.explorer
2023-02-27 08:49:53.619 [info] Added views:workbench.explorer.emptyView in workbench.view.explorer
2023-02-27 08:49:53.707 [info] Added views:workbench.debug.variablesView,workbench.debug.watchExpressionsView,workbench.debug.callStackView,workbench.debug.breakPointsView in workbench.view.debug
2023-02-27 08:49:55.474 [info] Added views:workbench.panel.repl.view in workbench.panel.repl
2023-02-27 08:49:55.474 [info] Removed views:workbench.debug.breakPointsView,workbench.debug.callStackView,workbench.debug.watchExpressionsView,workbench.debug.variablesView from workbench.view.debug
2023-02-27 08:49:55.474 [info] Added views:workbench.debug.welcome in workbench.view.debug
2023-02-27 08:50:32.527 [info] Added views:dockerContainers,dockerImages,dockerRegistries,dockerNetworks,dockerVolumes,vscode-docker.views.dockerContexts,vscode-docker.views.help in workbench.view.extension.dockerView
2023-02-27 08:50:41.555 [info] Added views:liveshare.session,liveshare.contacts in workbench.view.extension.liveshare
2023-02-27 08:50:47.450 [info] Added views:extension.vsKubernetesExplorer,extension.vsKubernetesHelmRepoExplorer,kubernetes.cloudExplorer in workbench.view.extension.kubernetesView
2023-02-27 08:50:48.316 [info] Added views:workbench.views.extensions.installed,workbench.views.extensions.popular,extensions.recommendedList in workbench.view.extensions
2023-02-27 08:50:48.323 [info] Removed views:workbench.views.extensions.popular from workbench.view.extensions
2023-02-27 08:51:00.653 [info] Added views:objectExplorer,queryHistory in workbench.view.extension.objectExplorer
2023-02-27 08:51:09.784 [info] Added views:dataworkspace.views.main in workbench.view.extension.dataworkspace
2023-02-27 08:51:24.830 [info] Added views:cell-tag in workbench.view.explorer
2023-02-27 08:51:27.572 [info] Added views:remoteTargets in workbench.view.remote
2023-02-27 08:52:04.529 [info] Added views:targetsContainers,devVolumes in workbench.view.remote
2023-02-27 08:52:25.509 [info] Removed views:cell-tag from workbench.view.explorer
2023-02-27 08:52:25.515 [info] Added views:cell-tag in workbench.view.extension.jupyter
