[Info  - 8:54:39 AM] (7816) Pylance language server 2023.2.40 (pyright 085dfbfa) starting
[Info  - 8:54:39 AM] (7816) Server root directory: /home/javier/.vscode/extensions/ms-python.vscode-pylance-2023.2.40/dist
[Info  - 8:54:39 AM] (7816) Starting service instance "bspwm_installer"
[Info  - 8:54:39 AM] (7816) Starting service instance ".config"
[Info  - 8:54:39 AM] (7816) Auto-indent enabled
[Info  - 8:54:39 AM] (7816) No configuration file found.
[Info  - 8:54:39 AM] (7816) No pyproject.toml file found.
[Info  - 8:54:39 AM] (7816) Setting pythonPath for service "bspwm_installer": "/bin/python3"
[Warn  - 8:54:39 AM] (7816) stubPath /home/javier/Documents/dev/eyecandy/bspwm_installer/typings is not a valid directory.
[Info  - 8:54:40 AM] (7816) Assuming Python version 3.9
[Info  - 8:54:40 AM] (7816) Assuming Python platform Linux
[Info  - 8:54:40 AM] (7816) Searching for source files
[Info  - 8:54:40 AM] (7816) No source files found.
[Info  - 8:54:40 AM] (7816) No configuration file found.
[Info  - 8:54:40 AM] (7816) No pyproject.toml file found.
[Warn  - 8:54:40 AM] (7816) stubPath /home/javier/.config/typings is not a valid directory.
[Info  - 8:54:40 AM] (7816) Assuming Python platform Linux
[Info  - 8:54:40 AM] (7816) Searching for source files
[Info  - 8:54:40 AM] (7816) No source files found.
[Info  - 8:54:40 AM] (7816) Background analysis(2) root directory: /home/javier/.vscode/extensions/ms-python.vscode-pylance-2023.2.40/dist
[Info  - 8:54:40 AM] (7816) Background analysis(2) started
[Info  - 8:54:40 AM] (7816) Background analysis(1) root directory: /home/javier/.vscode/extensions/ms-python.vscode-pylance-2023.2.40/dist
[Info  - 8:54:40 AM] (7816) Background analysis(1) started
