[Info  - 9:03:58 AM] (9265) Pylance language server 2023.2.40 (pyright 085dfbfa) starting
[Info  - 9:03:58 AM] (9265) Server root directory: /home/javier/.vscode/extensions/ms-python.vscode-pylance-2023.2.40/dist
[Info  - 9:03:58 AM] (9265) Starting service instance ".config"
[Info  - 9:03:58 AM] (9265) Starting service instance "bspwm_installer"
[Info  - 9:03:58 AM] (9265) Auto-indent enabled
[Info  - 9:03:58 AM] (9265) No configuration file found.
[Info  - 9:03:58 AM] (9265) No pyproject.toml file found.
[Info  - 9:03:58 AM] (9265) Setting pythonPath for service ".config": "/bin/python3"
[Warn  - 9:03:58 AM] (9265) stubPath /home/javier/.config/typings is not a valid directory.
[Info  - 9:03:59 AM] (9265) Assuming Python version 3.9
[Info  - 9:03:59 AM] (9265) Assuming Python platform Linux
[Info  - 9:03:59 AM] (9265) Searching for source files
[Info  - 9:03:59 AM] (9265) No source files found.
[Info  - 9:03:59 AM] (9265) Background analysis(1) root directory: /home/javier/.vscode/extensions/ms-python.vscode-pylance-2023.2.40/dist
[Info  - 9:03:59 AM] (9265) Background analysis(1) started
[Info  - 9:03:59 AM] (9265) Background analysis(2) root directory: /home/javier/.vscode/extensions/ms-python.vscode-pylance-2023.2.40/dist
[Info  - 9:03:59 AM] (9265) Background analysis(2) started
[Info  - 9:03:59 AM] (9265) No configuration file found.
[Info  - 9:03:59 AM] (9265) No pyproject.toml file found.
[Info  - 9:03:59 AM] (9265) Setting pythonPath for service "bspwm_installer": "/bin/python3"
[Warn  - 9:03:59 AM] (9265) stubPath /home/javier/Documents/dev/eye/bspwm_installer/typings is not a valid directory.
[Info  - 9:03:59 AM] (9265) Assuming Python version 3.9
[Info  - 9:03:59 AM] (9265) Assuming Python platform Linux
[Info  - 9:03:59 AM] (9265) Searching for source files
[Info  - 9:03:59 AM] (9265) No source files found.
