2023-02-27 08:52:38.936 [info] Added views:workbench.panel.markers.view in workbench.panel.markers
2023-02-27 08:52:38.937 [info] Added views:workbench.panel.output in workbench.panel.output
2023-02-27 08:52:38.937 [info] Added views:terminal in terminal
2023-02-27 08:52:38.937 [info] Added views:outline in workbench.view.explorer
2023-02-27 08:52:38.937 [info] Added views:workbench.scm in workbench.view.scm
2023-02-27 08:52:38.937 [info] Added views:workbench.view.search in workbench.view.search
2023-02-27 08:52:38.937 [info] Added views:timeline in workbench.view.explorer
2023-02-27 08:52:38.937 [info] Added views:workbench.explorer.emptyView in workbench.view.explorer
2023-02-27 08:52:39.269 [info] Added views:workbench.debug.welcome in workbench.view.debug
2023-02-27 08:52:39.757 [info] Added views:dockerContainers,dockerImages,dockerRegistries,dockerNetworks,dockerVolumes,vscode-docker.views.dockerContexts,vscode-docker.views.help in workbench.view.extension.dockerView
2023-02-27 08:52:39.763 [info] Added views:extension.vsKubernetesExplorer,extension.vsKubernetesHelmRepoExplorer,kubernetes.cloudExplorer in workbench.view.extension.kubernetesView
2023-02-27 08:52:39.764 [info] Added views:objectExplorer,queryHistory in workbench.view.extension.objectExplorer
2023-02-27 08:52:39.766 [info] Added views:cell-tag in workbench.view.extension.jupyter
2023-02-27 08:52:39.767 [info] Added views:targetsContainers,devVolumes in workbench.view.remote
2023-02-27 08:52:39.772 [info] Added views:remoteTargets in workbench.view.remote
2023-02-27 08:52:40.253 [info] Added views:workbench.panel.repl.view in workbench.panel.repl
2023-02-27 08:52:40.360 [info] Added views:dataworkspace.views.main in workbench.view.extension.dataworkspace
2023-02-27 08:52:42.143 [info] Added views:liveshare.session,liveshare.contacts in workbench.view.extension.liveshare
2023-02-27 08:53:49.039 [info] Added views:workbench.panel.markers.view in workbench.panel.markers
2023-02-27 08:53:49.039 [info] Added views:workbench.panel.output in workbench.panel.output
2023-02-27 08:53:49.039 [info] Added views:terminal in terminal
2023-02-27 08:53:49.039 [info] Added views:outline in workbench.view.explorer
2023-02-27 08:53:49.039 [info] Added views:workbench.scm in workbench.view.scm
2023-02-27 08:53:49.039 [info] Added views:workbench.view.search in workbench.view.search
2023-02-27 08:53:49.039 [info] Added views:timeline in workbench.view.explorer
2023-02-27 08:53:49.039 [info] Added views:workbench.explorer.fileView in workbench.view.explorer
2023-02-27 08:53:49.499 [info] Added views:dockerContainers,dockerImages,dockerRegistries,dockerNetworks,dockerVolumes,vscode-docker.views.dockerContexts,vscode-docker.views.help in workbench.view.extension.dockerView
2023-02-27 08:53:49.500 [info] Added views:objectExplorer,queryHistory in workbench.view.extension.objectExplorer
2023-02-27 08:53:49.501 [info] Added views:targetsContainers,devVolumes in workbench.view.remote
2023-02-27 08:53:49.503 [info] Added views:remoteTargets in workbench.view.remote
2023-02-27 08:53:49.756 [info] Added views:workbench.debug.variablesView,workbench.debug.watchExpressionsView,workbench.debug.callStackView,workbench.debug.breakPointsView in workbench.view.debug
2023-02-27 08:53:49.828 [info] Added views:workbench.panel.repl.view in workbench.panel.repl
2023-02-27 08:53:49.828 [info] Removed views:workbench.debug.breakPointsView,workbench.debug.callStackView,workbench.debug.watchExpressionsView,workbench.debug.variablesView from workbench.view.debug
2023-02-27 08:53:49.829 [info] Added views:workbench.debug.welcome in workbench.view.debug
2023-02-27 08:53:49.930 [info] Added views:dataworkspace.views.main in workbench.view.extension.dataworkspace
2023-02-27 08:53:50.861 [info] Added views:liveshare.session,liveshare.contacts in workbench.view.extension.liveshare
2023-02-27 08:53:53.313 [info] Added views:extension.vsKubernetesExplorer,extension.vsKubernetesHelmRepoExplorer,kubernetes.cloudExplorer in workbench.view.extension.kubernetesView
2023-02-27 08:53:53.314 [info] Added views:cell-tag in workbench.view.extension.jupyter
2023-02-27 08:54:39.038 [info] Added views:workbench.view.testing in workbench.view.extension.test
2023-02-27 08:54:40.773 [info] Removed views:workbench.view.testing from workbench.view.extension.test
2023-02-27 08:54:41.152 [info] Removed views:workbench.panel.repl.view from workbench.panel.repl
2023-02-27 08:54:41.364 [info] Added views:workbench.panel.repl.view in workbench.panel.repl
2023-02-27 08:54:42.129 [info] Added views:workbench.view.testing in workbench.view.extension.test
2023-02-27 09:01:00.729 [info] Removed views:workbench.view.testing from workbench.view.extension.test
2023-02-27 09:01:01.314 [info] Removed views:workbench.panel.repl.view from workbench.panel.repl
2023-02-27 09:01:01.384 [info] Added views:workbench.panel.repl.view in workbench.panel.repl
2023-02-27 09:01:01.879 [info] Added views:workbench.view.testing in workbench.view.extension.test
2023-02-27 09:01:08.647 [info] Added views:workbench.explorer.emptyView in workbench.view.explorer
2023-02-27 09:01:08.656 [info] Removed views:workbench.explorer.fileView from workbench.view.explorer
2023-02-27 09:01:08.712 [info] Removed views:workbench.view.testing from workbench.view.extension.test
2023-02-27 09:01:08.975 [info] Removed views:workbench.panel.repl.view from workbench.panel.repl
2023-02-27 09:01:09.121 [info] Added views:workbench.panel.repl.view in workbench.panel.repl
2023-02-27 09:01:09.570 [info] Added views:workbench.view.testing in workbench.view.extension.test
2023-02-27 09:01:46.343 [info] Added views:workbench.explorer.fileView in workbench.view.explorer
2023-02-27 09:01:46.357 [info] Removed views:workbench.explorer.emptyView from workbench.view.explorer
2023-02-27 09:01:46.447 [info] Removed views:workbench.view.testing from workbench.view.extension.test
2023-02-27 09:01:46.941 [info] Removed views:workbench.panel.repl.view from workbench.panel.repl
2023-02-27 09:01:47.123 [info] Added views:workbench.panel.repl.view in workbench.panel.repl
2023-02-27 09:01:47.726 [info] Added views:workbench.view.testing in workbench.view.extension.test
2023-02-27 09:03:36.337 [info] Removed views:workbench.view.testing from workbench.view.extension.test
2023-02-27 09:03:36.845 [info] Removed views:workbench.panel.repl.view from workbench.panel.repl
2023-02-27 09:03:37.084 [info] Added views:workbench.panel.repl.view in workbench.panel.repl
2023-02-27 09:03:37.851 [info] Added views:workbench.view.testing in workbench.view.extension.test
2023-02-27 09:03:47.958 [info] Removed views:workbench.view.testing from workbench.view.extension.test
2023-02-27 09:03:48.524 [info] Removed views:workbench.panel.repl.view from workbench.panel.repl
2023-02-27 09:03:48.727 [info] Added views:workbench.panel.repl.view in workbench.panel.repl
2023-02-27 09:03:49.331 [info] Added views:workbench.view.testing in workbench.view.extension.test
2023-02-27 09:03:56.103 [info] Removed views:workbench.view.testing from workbench.view.extension.test
2023-02-27 09:03:56.495 [info] Removed views:workbench.panel.repl.view from workbench.panel.repl
2023-02-27 09:03:56.818 [info] Added views:workbench.panel.repl.view in workbench.panel.repl
2023-02-27 09:03:57.472 [info] Added views:workbench.view.testing in workbench.view.extension.test
2023-02-27 09:04:04.658 [info] Removed views:workbench.view.testing from workbench.view.extension.test
2023-02-27 09:04:05.037 [info] Removed views:workbench.panel.repl.view from workbench.panel.repl
2023-02-27 09:04:05.191 [info] Added views:workbench.panel.repl.view in workbench.panel.repl
2023-02-27 09:04:05.971 [info] Added views:workbench.view.testing in workbench.view.extension.test
