2023-02-27 08:52:38.155 [info] update#setState idle
2023-02-27 08:52:39.111 [info] [UtilityProcess id: 1, type: extensionHost, pid: <none>]: creating new...
2023-02-27 08:52:39.125 [info] [UtilityProcess id: 1, type: extensionHost, pid: 6888]: successfully created
2023-02-27 08:52:44.066 [error] Blocked vscode-webview request vscode-webview://0d7krbj50j3ikruarao7cturq45vln9q3dlku9jnm24eg0eotjt3/index.html?id=ab942693-2e3e-436d-9fdc-67134de4a59f&origin=ab942693-2e3e-436d-9fdc-67134de4a59f&swVersion=4&extensionId=&platform=electron&vscode-resource-base-authority=vscode-resource.vscode-cdn.net&parentOrigin=vscode-file%3A%2F%2Fvscode-app
2023-02-27 08:52:44.167 [error] Blocked vscode-webview request vscode-webview://0hlajk9ddsvlgi81joaf19gjgeg6r2skq0g75m8ndg05p8bjusjq/index.html?id=9a679f2f-1068-40f1-a253-38a1e48714b5&origin=9a679f2f-1068-40f1-a253-38a1e48714b5&swVersion=4&extensionId=&platform=electron&vscode-resource-base-authority=vscode-resource.vscode-cdn.net&parentOrigin=vscode-file%3A%2F%2Fvscode-app
2023-02-27 08:52:44.546 [error] Blocked vscode-webview request vscode-webview://1t5cghrl6u3cvd9b3b01s860grsh4sonsnsetc3721i23paoolsv/index.html?id=46fb7052-4d93-4458-9b12-fd793669c2b6&origin=46fb7052-4d93-4458-9b12-fd793669c2b6&swVersion=4&extensionId=&platform=electron&vscode-resource-base-authority=vscode-resource.vscode-cdn.net&parentOrigin=vscode-file%3A%2F%2Fvscode-app
2023-02-27 08:53:08.158 [info] update#setState checking for updates
2023-02-27 08:53:08.217 [info] update#setState idle
2023-02-27 08:53:09.587 [error] Blocked vscode-webview request vscode-webview://06svp0l9vj9209boimnff4i7uputmienf7b4t5k46flt07vlov0u/index.html?id=efddbbf0-6a01-4e4c-8d83-a36aad7d7205&origin=efddbbf0-6a01-4e4c-8d83-a36aad7d7205&swVersion=4&extensionId=&platform=electron&vscode-resource-base-authority=vscode-resource.vscode-cdn.net&parentOrigin=vscode-file%3A%2F%2Fvscode-app
2023-02-27 08:53:09.649 [error] Blocked vscode-webview request vscode-webview://1i2or6nd76hpi3r26ndcvqb1o4j5mnpnj3dlkemnummoifkseld9/index.html?id=3928aa9e-15c1-4cf3-a194-67dca03f0eb0&origin=3928aa9e-15c1-4cf3-a194-67dca03f0eb0&swVersion=4&extensionId=&platform=electron&vscode-resource-base-authority=vscode-resource.vscode-cdn.net&parentOrigin=vscode-file%3A%2F%2Fvscode-app
2023-02-27 08:53:09.712 [error] Blocked vscode-webview request vscode-webview://17tkp4ildvkkmq28gepfm1ec4inlcfm2r59e130lka7b6tsa9ueg/index.html?id=651fa78c-b7cf-4e3e-acfc-f527bfd4f3f3&origin=651fa78c-b7cf-4e3e-acfc-f527bfd4f3f3&swVersion=4&extensionId=&platform=electron&vscode-resource-base-authority=vscode-resource.vscode-cdn.net&parentOrigin=vscode-file%3A%2F%2Fvscode-app
2023-02-27 08:53:09.782 [error] Blocked vscode-webview request vscode-webview://0cmjle8jhfr0n3p56o28skadsqk2hg88cq50fbd8i2qnah0fier9/index.html?id=566f4e7f-0ee3-4efa-aa9e-205fb1555fa1&origin=566f4e7f-0ee3-4efa-aa9e-205fb1555fa1&swVersion=4&extensionId=&platform=electron&vscode-resource-base-authority=vscode-resource.vscode-cdn.net&parentOrigin=vscode-file%3A%2F%2Fvscode-app
2023-02-27 08:53:10.150 [error] Blocked vscode-webview request vscode-webview://1eaa265qb9ktifrfb52quk4a4bfpdfobvth7tdm677thmkdahg60/index.html?id=208c9672-7c3b-44ab-ab12-447b00495334&origin=208c9672-7c3b-44ab-ab12-447b00495334&swVersion=4&extensionId=&platform=electron&vscode-resource-base-authority=vscode-resource.vscode-cdn.net&parentOrigin=vscode-file%3A%2F%2Fvscode-app
2023-02-27 08:53:10.167 [error] Blocked vscode-webview request vscode-webview://0ho556qvo03tc0and8s6ik3pjgsqrq3e34q67bdn08g32vajf05k/index.html?id=152f7592-47f6-44ff-8a75-1fa05c703ac4&origin=152f7592-47f6-44ff-8a75-1fa05c703ac4&swVersion=4&extensionId=&platform=electron&vscode-resource-base-authority=vscode-resource.vscode-cdn.net&parentOrigin=vscode-file%3A%2F%2Fvscode-app
2023-02-27 08:53:46.745 [error] Blocked vscode-webview request vscode-webview://11pa9ql7jlp71issfnmhl92gjstnhbqque4lkopoukai1f5u7tgg/index.html?id=6646842a-e520-47e5-8fce-53ef2d6b8c37&origin=6646842a-e520-47e5-8fce-53ef2d6b8c37&swVersion=4&extensionId=&platform=electron&vscode-resource-base-authority=vscode-resource.vscode-cdn.net&parentOrigin=vscode-file%3A%2F%2Fvscode-app
2023-02-27 08:53:46.831 [error] Blocked vscode-webview request vscode-webview://18200p4j1oha4okvlkv47n8ksar5ubdo54dbqlv8to84cjhtb69j/index.html?id=25951890-6d55-4349-8879-5b76ef8320af&origin=25951890-6d55-4349-8879-5b76ef8320af&swVersion=4&extensionId=&platform=electron&vscode-resource-base-authority=vscode-resource.vscode-cdn.net&parentOrigin=vscode-file%3A%2F%2Fvscode-app
2023-02-27 08:53:46.901 [error] Blocked vscode-webview request vscode-webview://03qdhadb8pgv3bfrhavj167fao0d9v7ru41c2i4jlhqrilpo5tc7/index.html?id=4c77953b-4732-445f-b31c-9c244ed7e897&origin=4c77953b-4732-445f-b31c-9c244ed7e897&swVersion=4&extensionId=&platform=electron&vscode-resource-base-authority=vscode-resource.vscode-cdn.net&parentOrigin=vscode-file%3A%2F%2Fvscode-app
2023-02-27 08:53:46.985 [error] Blocked vscode-webview request vscode-webview://1b4h291ot23faacunlrmj7lrq9lss75n7b4o7t8pungvqi87pjda/index.html?id=a1483957-3c8c-4628-887c-3d651f0a5b68&origin=a1483957-3c8c-4628-887c-3d651f0a5b68&swVersion=4&extensionId=&platform=electron&vscode-resource-base-authority=vscode-resource.vscode-cdn.net&parentOrigin=vscode-file%3A%2F%2Fvscode-app
2023-02-27 08:53:47.040 [error] Blocked vscode-webview request vscode-webview://0kll70r7k43efcj1e6he54pc9ao6uc4le6kd8po1cq121asdue17/index.html?id=2c8007f8-edf5-498e-8a8e-0ccbadd59de0&origin=2c8007f8-edf5-498e-8a8e-0ccbadd59de0&swVersion=4&extensionId=&platform=electron&vscode-resource-base-authority=vscode-resource.vscode-cdn.net&parentOrigin=vscode-file%3A%2F%2Fvscode-app
2023-02-27 08:53:47.277 [error] Blocked vscode-webview request vscode-webview://111auf0nh4u8u0s4cfq4reretf50iia3u91sihsr8h81ho483ja0/index.html?id=2db3b283-ede6-4b69-b0ec-24cfcb9ce76f&origin=2db3b283-ede6-4b69-b0ec-24cfcb9ce76f&swVersion=4&extensionId=&platform=electron&vscode-resource-base-authority=vscode-resource.vscode-cdn.net&parentOrigin=vscode-file%3A%2F%2Fvscode-app
2023-02-27 08:53:48.424 [info] [UtilityProcess id: 1, type: extensionHost, pid: 6888]: received exit event with code 0
2023-02-27 08:53:48.424 [info] Extension host with pid 6888 exited with code: 0, signal: unknown.
2023-02-27 08:53:49.098 [info] [UtilityProcess id: 2, type: extensionHost, pid: <none>]: creating new...
2023-02-27 08:53:49.125 [info] [UtilityProcess id: 2, type: extensionHost, pid: 7657]: successfully created
2023-02-27 08:54:40.839 [info] [UtilityProcess id: 3, type: extensionHost, pid: <none>]: creating new...
2023-02-27 08:54:40.862 [info] [UtilityProcess id: 3, type: extensionHost, pid: 7847]: successfully created
2023-02-27 08:54:40.938 [info] [UtilityProcess id: 2, type: extensionHost, pid: 7657]: received exit event with code 0
2023-02-27 08:54:40.938 [info] Extension host with pid 7657 exited with code: 0, signal: unknown.
2023-02-27 09:01:00.796 [info] [UtilityProcess id: 3, type: extensionHost, pid: 7847]: received exit event with code 0
2023-02-27 09:01:00.796 [info] Extension host with pid 7847 exited with code: 0, signal: unknown.
2023-02-27 09:01:00.836 [info] [UtilityProcess id: 4, type: extensionHost, pid: <none>]: creating new...
2023-02-27 09:01:00.848 [info] [UtilityProcess id: 4, type: extensionHost, pid: 8508]: successfully created
2023-02-27 09:01:08.751 [info] [UtilityProcess id: 5, type: extensionHost, pid: <none>]: creating new...
2023-02-27 09:01:08.757 [info] [UtilityProcess id: 5, type: extensionHost, pid: 8581]: successfully created
2023-02-27 09:01:08.758 [info] [UtilityProcess id: 4, type: extensionHost, pid: 8508]: received exit event with code 0
2023-02-27 09:01:08.758 [info] Extension host with pid 8508 exited with code: 0, signal: unknown.
2023-02-27 09:01:46.543 [info] [UtilityProcess id: 6, type: extensionHost, pid: <none>]: creating new...
2023-02-27 09:01:46.553 [info] [UtilityProcess id: 6, type: extensionHost, pid: 8648]: successfully created
2023-02-27 09:01:46.674 [info] [UtilityProcess id: 5, type: extensionHost, pid: 8581]: received exit event with code 0
2023-02-27 09:01:46.675 [info] Extension host with pid 8581 exited with code: 0, signal: unknown.
2023-02-27 09:03:36.373 [info] [UtilityProcess id: 6, type: extensionHost, pid: 8648]: received exit event with code 0
2023-02-27 09:03:36.373 [info] Extension host with pid 8648 exited with code: 0, signal: unknown.
2023-02-27 09:03:36.436 [info] [UtilityProcess id: 7, type: extensionHost, pid: <none>]: creating new...
2023-02-27 09:03:36.453 [info] [UtilityProcess id: 7, type: extensionHost, pid: 8918]: successfully created
2023-02-27 09:03:48.012 [info] [UtilityProcess id: 7, type: extensionHost, pid: 8918]: received exit event with code 0
2023-02-27 09:03:48.012 [info] Extension host with pid 8918 exited with code: 0, signal: unknown.
2023-02-27 09:03:48.021 [info] [UtilityProcess id: 8, type: extensionHost, pid: <none>]: creating new...
2023-02-27 09:03:48.037 [info] [UtilityProcess id: 8, type: extensionHost, pid: 9051]: successfully created
2023-02-27 09:03:56.167 [info] [UtilityProcess id: 9, type: extensionHost, pid: <none>]: creating new...
2023-02-27 09:03:56.190 [info] [UtilityProcess id: 9, type: extensionHost, pid: 9195]: successfully created
2023-02-27 09:03:56.210 [info] [UtilityProcess id: 8, type: extensionHost, pid: 9051]: received exit event with code 0
2023-02-27 09:03:56.211 [info] Extension host with pid 9051 exited with code: 0, signal: unknown.
2023-02-27 09:04:04.699 [info] [UtilityProcess id: 10, type: extensionHost, pid: <none>]: creating new...
2023-02-27 09:04:04.715 [info] [UtilityProcess id: 10, type: extensionHost, pid: 9326]: successfully created
2023-02-27 09:04:04.737 [info] [UtilityProcess id: 9, type: extensionHost, pid: 9195]: received exit event with code 0
2023-02-27 09:04:04.737 [info] Extension host with pid 9195 exited with code: 0, signal: unknown.
