{"logTime": "0227/074524", "correlationVector":"R908UEsAOkeQHoaMCJpcmp.99","action":"GetUpdates", "result":"DeleteReceived", "context":{"id":"5c005db2-1986-4cd4-95aa-887c5fd8d7ae", "isDeleted:":"true", "version":"1676710023569"}}
{"logTime": "0227/074524", "correlationVector":"R908UEsAOkeQHoaMCJpcmp.100","action":"GetUpdates", "result":"DeleteReceived", "context":{"id":"f2bb38c2-bfea-4672-a2c4-8d643bf6865b", "isDeleted:":"true", "version":"1676710023570"}}
{"logTime": "0227/074524", "correlationVector":"R908UEsAOkeQHoaMCJpcmp.101","action":"GetUpdates", "result":"DeleteReceived", "context":{"id":"e04f8b0a-26c1-4a66-9136-a7a95f7197b5", "isDeleted:":"true", "version":"1676710023571"}}
{"logTime": "0227/074524", "correlationVector":"R908UEsAOkeQHoaMCJpcmp.102","action":"GetUpdates", "result":"DeleteReceived", "context":{"id":"9bd027a4-f6b9-4592-84b2-a8b939257276", "isDeleted:":"true", "version":"1676710023572"}}
{"logTime": "0227/074524", "correlationVector":"R908UEsAOkeQHoaMCJpcmp.103","action":"GetUpdates", "result":"DeleteReceived", "context":{"id":"4b126b55-1004-46ef-9be8-837ccbf06658", "isDeleted:":"true", "version":"1676710023573"}}
{"logTime": "0227/074524", "correlationVector":"R908UEsAOkeQHoaMCJpcmp.104","action":"GetUpdates", "result":"DeleteReceived", "context":{"id":"55ac4dd6-c8d1-4f97-b5b9-c218398b6344", "isDeleted:":"true", "version":"1676710023574"}}
{"logTime": "0227/074524", "correlationVector":"R908UEsAOkeQHoaMCJpcmp.105","action":"GetUpdates", "result":"DeleteReceived", "context":{"id":"401dfd3d-e5c3-4d47-a33e-02b16774043e", "isDeleted:":"true", "version":"1676710023575"}}
{"logTime": "0227/074524", "correlationVector":"R908UEsAOkeQHoaMCJpcmp.106","action":"GetUpdates", "result":"DeleteReceived", "context":{"id":"4842d913-07bb-4286-8212-d61e9f3651ca", "isDeleted:":"true", "version":"1676710023577"}}
{"logTime": "0227/074524", "correlationVector":"R908UEsAOkeQHoaMCJpcmp.107","action":"GetUpdates", "result":"DeleteReceived", "context":{"id":"0a080821-86fb-4637-8272-530d469738af", "isDeleted:":"true", "version":"1676710023578"}}
{"logTime": "0227/074524", "correlationVector":"R908UEsAOkeQHoaMCJpcmp.108","action":"GetUpdates", "result":"DeleteReceived", "context":{"id":"62243df8-3e9d-42a7-b3b6-40fc1cbf7a3c", "isDeleted:":"true", "version":"1676710023579"}}
{"logTime": "0227/074524", "correlationVector":"R908UEsAOkeQHoaMCJpcmp.109","action":"GetUpdates", "result":"DeleteReceived", "context":{"id":"b24ad197-c213-42a7-97e9-9630fac4fa62", "isDeleted:":"true", "version":"1676710023580"}}
{"logTime": "0227/074524", "correlationVector":"R908UEsAOkeQHoaMCJpcmp.110","action":"GetUpdates", "result":"DeleteReceived", "context":{"id":"91fad63c-e905-4df6-8ee9-31d3cbee1971", "isDeleted:":"true", "version":"1676710023581"}}
{"logTime": "0227/074524", "correlationVector":"R908UEsAOkeQHoaMCJpcmp.111","action":"GetUpdates", "result":"DeleteReceived", "context":{"id":"233b5026-3b8a-43c9-9e07-1fd7ddff261e", "isDeleted:":"true", "version":"1676710023582"}}
{"logTime": "0227/074524", "correlationVector":"R908UEsAOkeQHoaMCJpcmp.112","action":"GetUpdates", "result":"DeleteReceived", "context":{"id":"3334fcaa-1669-4dbd-8ce4-aa8605fbbc9d", "isDeleted:":"true", "version":"1676710023583"}}
{"logTime": "0227/074524", "correlationVector":"R908UEsAOkeQHoaMCJpcmp.113","action":"GetUpdates", "result":"DeleteReceived", "context":{"id":"8f092d55-6ab2-4a9c-97f5-9cb650f4e732", "isDeleted:":"true", "version":"1676710023584"}}
{"logTime": "0227/074524", "correlationVector":"R908UEsAOkeQHoaMCJpcmp.114","action":"GetUpdates", "result":"DeleteReceived", "context":{"id":"056f3a65-cbce-4255-b015-352042202aa2", "isDeleted:":"true", "version":"1676710024698"}}
{"logTime": "0227/074524", "correlationVector":"R908UEsAOkeQHoaMCJpcmp.115","action":"GetUpdates", "result":"DeleteReceived", "context":{"id":"cc292f7e-3428-419f-af62-ade20b0074a1", "isDeleted:":"true", "version":"1676710024699"}}
{"logTime": "0227/074524", "correlationVector":"R908UEsAOkeQHoaMCJpcmp.116","action":"GetUpdates", "result":"DeleteReceived", "context":{"id":"35bf9464-c937-43b9-b104-a888c4e07f17", "isDeleted:":"true", "version":"1676721079597"}}
{"logTime": "0227/074524", "correlationVector":"R908UEsAOkeQHoaMCJpcmp.117","action":"GetUpdates", "result":"DeleteReceived", "context":{"id":"c74c09a4-c715-4f24-a811-306a14e239eb", "isDeleted:":"true", "version":"1676721171927"}}
{"logTime": "0227/074524", "correlationVector":"R908UEsAOkeQHoaMCJpcmp.118","action":"GetUpdates", "result":"DeleteReceived", "context":{"id":"1e706a6e-fe64-486f-81dc-5d4e9aba12af", "isDeleted:":"true", "version":"1676721359352"}}
{"logTime": "0227/074524", "correlationVector":"R908UEsAOkeQHoaMCJpcmp.119","action":"GetUpdates", "result":"DeleteReceived", "context":{"id":"7174daff-fc42-404d-bc51-cef40a15682a", "isDeleted:":"true", "version":"1676721359353"}}
{"logTime": "0227/074524", "correlationVector":"R908UEsAOkeQHoaMCJpcmp.120","action":"GetUpdates", "result":"DeleteReceived", "context":{"id":"12e8923b-4d39-4a7e-935c-b0ac14c541b3", "isDeleted:":"true", "version":"1676721359355"}}
{"logTime": "0227/074524", "correlationVector":"R908UEsAOkeQHoaMCJpcmp.121","action":"GetUpdates", "result":"DeleteReceived", "context":{"id":"5b104c1f-da88-418c-bc8c-42092df1267c", "isDeleted:":"true", "version":"1676721359356"}}
{"logTime": "0227/074524", "correlationVector":"R908UEsAOkeQHoaMCJpcmp.122","action":"GetUpdates", "result":"DeleteReceived", "context":{"id":"60492d7e-a8f6-4ec0-bc75-d8de810d7cb1", "isDeleted:":"true", "version":"1676721359358"}}
{"logTime": "0227/074524", "correlationVector":"R908UEsAOkeQHoaMCJpcmp.123","action":"GetUpdates", "result":"DeleteReceived", "context":{"id":"67325f42-0327-4a52-84c5-e4a4278ee9d9", "isDeleted:":"true", "version":"1676721389790"}}
{"logTime": "0227/074524", "correlationVector":"R908UEsAOkeQHoaMCJpcmp.124","action":"GetUpdates", "result":"DeleteReceived", "context":{"id":"70645f66-23b1-4852-82f8-132695df5683", "isDeleted:":"true", "version":"1676742499120"}}
{"logTime": "0227/074524", "correlationVector":"R908UEsAOkeQHoaMCJpcmp.125","action":"GetUpdates", "result":"DeleteReceived", "context":{"id":"0f61ead1-3f02-4fcb-8f34-842e8902952c", "isDeleted:":"true", "version":"1676742499121"}}
{"logTime": "0227/074524", "correlationVector":"R908UEsAOkeQHoaMCJpcmp.126","action":"GetUpdates", "result":"DeleteReceived", "context":{"id":"c600ddf9-71b3-42b9-822b-1a09abdd4fda", "isDeleted:":"true", "version":"1676742499122"}}
{"logTime": "0227/074524", "correlationVector":"R908UEsAOkeQHoaMCJpcmp.127","action":"GetUpdates", "result":"DeleteReceived", "context":{"id":"06cf78ab-75b2-43d5-a190-be86c3d1f012", "isDeleted:":"true", "version":"1676742499123"}}
{"logTime": "0227/074524", "correlationVector":"R908UEsAOkeQHoaMCJpcmp.128","action":"GetUpdates", "result":"DeleteReceived", "context":{"id":"e0888618-91f1-4b65-b158-64e583ac14c0", "isDeleted:":"true", "version":"1676742499124"}}
{"logTime": "0227/074524", "correlationVector":"R908UEsAOkeQHoaMCJpcmp.129","action":"GetUpdates", "result":"DeleteReceived", "context":{"id":"994adb16-c86a-47a2-b23e-2f8e46e3d1f0", "isDeleted:":"true", "version":"1676742499125"}}
{"logTime": "0227/074524", "correlationVector":"R908UEsAOkeQHoaMCJpcmp.130","action":"GetUpdates", "result":"DeleteReceived", "context":{"id":"5177d359-e402-433c-9a7c-cfa2be701dc7", "isDeleted:":"true", "version":"1676742499126"}}
{"logTime": "0227/074524", "correlationVector":"R908UEsAOkeQHoaMCJpcmp.131","action":"GetUpdates", "result":"DeleteReceived", "context":{"id":"a34608cf-6a17-49c0-a979-f55d5adb5af3", "isDeleted:":"true", "version":"1676742499127"}}
{"logTime": "0227/074524", "correlationVector":"R908UEsAOkeQHoaMCJpcmp.132","action":"GetUpdates", "result":"DeleteReceived", "context":{"id":"c345d65d-de2a-4d5c-a48a-114aa3ae6d25", "isDeleted:":"true", "version":"1676742499128"}}
{"logTime": "0227/074524", "correlationVector":"R908UEsAOkeQHoaMCJpcmp.133","action":"GetUpdates", "result":"DeleteReceived", "context":{"id":"c8ec436a-4112-408a-a1df-6d056d679d4d", "isDeleted:":"true", "version":"1676742499130"}}
{"logTime": "0227/074524", "correlationVector":"R908UEsAOkeQHoaMCJpcmp.134","action":"GetUpdates", "result":"DeleteReceived", "context":{"id":"29d871d8-9f04-40e3-bf43-9f5c34b863a7", "isDeleted:":"true", "version":"1676742499131"}}
{"logTime": "0227/074524", "correlationVector":"R908UEsAOkeQHoaMCJpcmp.135","action":"GetUpdates", "result":"DeleteReceived", "context":{"id":"088b023f-0b90-42a0-b727-0e9d74964ba7", "isDeleted:":"true", "version":"1676742499132"}}
{"logTime": "0227/074524", "correlationVector":"R908UEsAOkeQHoaMCJpcmp.136","action":"GetUpdates", "result":"DeleteReceived", "context":{"id":"971db096-1760-45fe-b707-ed75d5a93f7d", "isDeleted:":"true", "version":"1676742499133"}}
{"logTime": "0227/074524", "correlationVector":"R908UEsAOkeQHoaMCJpcmp.137","action":"GetUpdates", "result":"DeleteReceived", "context":{"id":"35724c71-afff-45fc-9b66-d251bb1eb6b5", "isDeleted:":"true", "version":"1676742499134"}}
{"logTime": "0227/074524", "correlationVector":"R908UEsAOkeQHoaMCJpcmp.138","action":"GetUpdates", "result":"DeleteReceived", "context":{"id":"df6243b3-f6e7-4352-b313-1f1a7f8d43d3", "isDeleted:":"true", "version":"1676742499135"}}
{"logTime": "0227/074524", "correlationVector":"R908UEsAOkeQHoaMCJpcmp.139","action":"GetUpdates", "result":"DeleteReceived", "context":{"id":"8ae7bfbb-5b6f-497e-b2e3-67b9fb69e79c", "isDeleted:":"true", "version":"1676742499136"}}
{"logTime": "0227/074524", "correlationVector":"R908UEsAOkeQHoaMCJpcmp.140","action":"GetUpdates", "result":"DeleteReceived", "context":{"id":"06df6183-18e6-4e4a-883c-ca1ec017da20", "isDeleted:":"true", "version":"1676742499137"}}
{"logTime": "0227/074524", "correlationVector":"R908UEsAOkeQHoaMCJpcmp.141","action":"GetUpdates", "result":"DeleteReceived", "context":{"id":"dace2c53-4131-4add-b108-bd8690a7f43c", "isDeleted:":"true", "version":"1676742499138"}}
{"logTime": "0227/074524", "correlationVector":"R908UEsAOkeQHoaMCJpcmp.142","action":"GetUpdates", "result":"DeleteReceived", "context":{"id":"cd0fa5f8-ae8b-438e-aac3-e9aa7b9b9b2c", "isDeleted:":"true", "version":"1676742499139"}}
{"logTime": "0227/074524", "correlationVector":"R908UEsAOkeQHoaMCJpcmp.143","action":"GetUpdates", "result":"DeleteReceived", "context":{"id":"ff5f64e8-2cc2-4c0f-8af2-10b37ba1fc48", "isDeleted:":"true", "version":"1676742499886"}}
{"logTime": "0227/074524", "correlationVector":"R908UEsAOkeQHoaMCJpcmp.144","action":"GetUpdates", "result":"DeleteReceived", "context":{"id":"6804be1d-c6c4-4261-a33e-d061501a69b3", "isDeleted:":"true", "version":"1676742499887"}}
{"logTime": "0227/074524", "correlationVector":"R908UEsAOkeQHoaMCJpcmp.145","action":"GetUpdates", "result":"DeleteReceived", "context":{"id":"32383472-33bc-4de7-9a39-ccc9157f927e", "isDeleted:":"true", "version":"1676751272615"}}
{"logTime": "0227/074524", "correlationVector":"R908UEsAOkeQHoaMCJpcmp.146","action":"GetUpdates", "result":"DeleteReceived", "context":{"id":"e5a4be58-5b6d-40c8-a758-396c26ddb7a2", "isDeleted:":"true", "version":"1676753837982"}}
{"logTime": "0227/074524", "correlationVector":"R908UEsAOkeQHoaMCJpcmp.147","action":"GetUpdates", "result":"DeleteReceived", "context":{"id":"0f9febc6-8ecd-4992-bb78-41d41f730de6", "isDeleted:":"true", "version":"1676753837984"}}
{"logTime": "0227/074524", "correlationVector":"R908UEsAOkeQHoaMCJpcmp.148","action":"GetUpdates", "result":"DeleteReceived", "context":{"id":"cfd7e98d-fb1c-4b34-b6af-aa4144803bce", "isDeleted:":"true", "version":"1676753837985"}}
{"logTime": "0227/074524", "correlationVector":"R908UEsAOkeQHoaMCJpcmp.149","action":"GetUpdates", "result":"DeleteReceived", "context":{"id":"39fd1b92-e8fd-48f6-af49-451b4db265e0", "isDeleted:":"true", "version":"1676753881016"}}
{"logTime": "0227/074524", "correlationVector":"R908UEsAOkeQHoaMCJpcmp.150","action":"GetUpdates", "result":"DeleteReceived", "context":{"id":"6523c2ba-98e2-40fa-8871-cb222e92aeec", "isDeleted:":"true", "version":"1676753881017"}}
{"logTime": "0227/074524", "correlationVector":"R908UEsAOkeQHoaMCJpcmp.151","action":"GetUpdates", "result":"DeleteReceived", "context":{"id":"b26cbaf1-a692-4e06-b2d8-1992a3762194", "isDeleted:":"true", "version":"1676753881018"}}
{"logTime": "0227/074524", "correlationVector":"R908UEsAOkeQHoaMCJpcmp.152","action":"GetUpdates", "result":"DeleteReceived", "context":{"id":"f5f292ea-304e-4817-a28c-3bbb1757dd19", "isDeleted:":"true", "version":"1676753881019"}}
{"logTime": "0227/074524", "correlationVector":"R908UEsAOkeQHoaMCJpcmp.153","action":"GetUpdates", "result":"DeleteReceived", "context":{"id":"e4eaa0fe-0543-4444-9405-970ded97c548", "isDeleted:":"true", "version":"1676753881020"}}
{"logTime": "0227/074524", "correlationVector":"R908UEsAOkeQHoaMCJpcmp.154","action":"GetUpdates", "result":"DeleteReceived", "context":{"id":"3c5e4926-6291-4b4a-862d-8ea3c3194ad9", "isDeleted:":"true", "version":"1676753881022"}}
{"logTime": "0227/074524", "correlationVector":"R908UEsAOkeQHoaMCJpcmp.155","action":"GetUpdates", "result":"DeleteReceived", "context":{"id":"f3f33681-5a8f-4a0c-855e-a1a8e21733ea", "isDeleted:":"true", "version":"1676753881023"}}
{"logTime": "0227/074524", "correlationVector":"R908UEsAOkeQHoaMCJpcmp.156","action":"GetUpdates", "result":"DeleteReceived", "context":{"id":"09ddb543-e146-45f8-a2bf-df662087f72d", "isDeleted:":"true", "version":"1676753881024"}}
{"logTime": "0227/074524", "correlationVector":"R908UEsAOkeQHoaMCJpcmp.157","action":"GetUpdates", "result":"DeleteReceived", "context":{"id":"1789b336-44bb-4164-b9ff-3163ab46ff27", "isDeleted:":"true", "version":"1676753881025"}}
{"logTime": "0227/074524", "correlationVector":"R908UEsAOkeQHoaMCJpcmp.158","action":"GetUpdates", "result":"DeleteReceived", "context":{"id":"fe1fcc80-ed11-4216-9003-ddd21b692eea", "isDeleted:":"true", "version":"1676753881026"}}
{"logTime": "0227/074524", "correlationVector":"R908UEsAOkeQHoaMCJpcmp.159","action":"GetUpdates", "result":"DeleteReceived", "context":{"id":"cff81bd8-0fcd-4755-b239-7917e3a97485", "isDeleted:":"true", "version":"1676753881027"}}
{"logTime": "0227/074524", "correlationVector":"R908UEsAOkeQHoaMCJpcmp.160","action":"GetUpdates", "result":"DeleteReceived", "context":{"id":"acc7e24d-9e32-487e-9269-212a464782d1", "isDeleted:":"true", "version":"1676753881028"}}
{"logTime": "0227/074524", "correlationVector":"R908UEsAOkeQHoaMCJpcmp.161","action":"GetUpdates", "result":"DeleteReceived", "context":{"id":"28e4890b-53ee-47df-aeaf-a6496cb953de", "isDeleted:":"true", "version":"1676755863080"}}
{"logTime": "0227/074524", "correlationVector":"R908UEsAOkeQHoaMCJpcmp.162","action":"GetUpdates", "result":"DeleteReceived", "context":{"id":"26e07c8f-a092-455e-a17d-042b060d4d13", "isDeleted:":"true", "version":"1676755863082"}}
{"logTime": "0227/074524", "correlationVector":"R908UEsAOkeQHoaMCJpcmp.163","action":"GetUpdates", "result":"DeleteReceived", "context":{"id":"aef978f9-2589-4bbc-b8be-08190ed8f37e", "isDeleted:":"true", "version":"1676755942911"}}
{"logTime": "0227/074524", "correlationVector":"R908UEsAOkeQHoaMCJpcmp.164","action":"GetUpdates", "result":"DeleteReceived", "context":{"id":"70cc7d32-1d91-41f0-b234-9ba7b544f0cf", "isDeleted:":"true", "version":"1676755942912"}}
{"logTime": "0227/074524", "correlationVector":"R908UEsAOkeQHoaMCJpcmp.165","action":"GetUpdates", "result":"DeleteReceived", "context":{"id":"a84cbd43-068d-4581-a6ef-775134f33bc0", "isDeleted:":"true", "version":"1676756522476"}}
{"logTime": "0227/074524", "correlationVector":"R908UEsAOkeQHoaMCJpcmp.166","action":"GetUpdates", "result":"DeleteReceived", "context":{"id":"ba540072-a9c7-4a06-a965-2370eca0dcd4", "isDeleted:":"true", "version":"1676756522477"}}
{"logTime": "0227/074524", "correlationVector":"R908UEsAOkeQHoaMCJpcmp.167","action":"GetUpdates", "result":"DeleteReceived", "context":{"id":"56f74858-f867-4ea2-8b89-5687bbea53aa", "isDeleted:":"true", "version":"1676756522478"}}
{"logTime": "0227/074524", "correlationVector":"R908UEsAOkeQHoaMCJpcmp.168","action":"GetUpdates", "result":"DeleteReceived", "context":{"id":"e8cb6c66-bf56-4fb7-b1ed-6644ca9d73e7", "isDeleted:":"true", "version":"1676756522479"}}
{"logTime": "0227/074524", "correlationVector":"R908UEsAOkeQHoaMCJpcmp.169","action":"GetUpdates", "result":"DeleteReceived", "context":{"id":"3913a05e-f75a-4597-93ff-9155e0a781c7", "isDeleted:":"true", "version":"1676756522480"}}
{"logTime": "0227/074524", "correlationVector":"R908UEsAOkeQHoaMCJpcmp.170","action":"GetUpdates", "result":"DeleteReceived", "context":{"id":"69719d48-3bcd-4016-bb47-8872ca474b70", "isDeleted:":"true", "version":"1676756522481"}}
{"logTime": "0227/074524", "correlationVector":"R908UEsAOkeQHoaMCJpcmp.171","action":"GetUpdates", "result":"DeleteReceived", "context":{"id":"e587f727-5914-4c00-a3e0-ea8ba6c28d15", "isDeleted:":"true", "version":"1676756522482"}}
{"logTime": "0227/074524", "correlationVector":"R908UEsAOkeQHoaMCJpcmp.172","action":"GetUpdates", "result":"DeleteReceived", "context":{"id":"f751dc46-12a5-46bb-9331-85a2d8cf147b", "isDeleted:":"true", "version":"1676756522484"}}
{"logTime": "0227/074524", "correlationVector":"R908UEsAOkeQHoaMCJpcmp.173","action":"GetUpdates", "result":"DeleteReceived", "context":{"id":"5ab5d1d8-ed87-4bcb-a2ce-815c1117956b", "isDeleted:":"true", "version":"1676756522485"}}
{"logTime": "0227/074524", "correlationVector":"R908UEsAOkeQHoaMCJpcmp.174","action":"GetUpdates", "result":"DeleteReceived", "context":{"id":"bdf1ddaf-2f95-40cb-a7ff-328a5b37f8c1", "isDeleted:":"true", "version":"1676756522487"}}
{"logTime": "0227/074524", "correlationVector":"R908UEsAOkeQHoaMCJpcmp.175","action":"GetUpdates", "result":"DeleteReceived", "context":{"id":"cdc04370-5959-4920-84d2-8d594dd54af4", "isDeleted:":"true", "version":"1676756522488"}}
{"logTime": "0227/074524", "correlationVector":"R908UEsAOkeQHoaMCJpcmp.176","action":"GetUpdates", "result":"DeleteReceived", "context":{"id":"558f9a82-d0e3-4b69-9ee1-b6ff209f9629", "isDeleted:":"true", "version":"1676756522489"}}
{"logTime": "0227/074524", "correlationVector":"R908UEsAOkeQHoaMCJpcmp.177","action":"GetUpdates", "result":"DeleteReceived", "context":{"id":"428a2dee-524a-48c0-9c1f-f3192b408492", "isDeleted:":"true", "version":"1676756522490"}}
{"logTime": "0227/074524", "correlationVector":"R908UEsAOkeQHoaMCJpcmp.178","action":"GetUpdates", "result":"DeleteReceived", "context":{"id":"add4d296-eebe-4f80-98f2-600d590a725c", "isDeleted:":"true", "version":"1676756522491"}}
{"logTime": "0227/074524", "correlationVector":"R908UEsAOkeQHoaMCJpcmp.179","action":"GetUpdates", "result":"DeleteReceived", "context":{"id":"c995a33f-3efc-4640-bc37-30509f51a546", "isDeleted:":"true", "version":"1676756522492"}}
{"logTime": "0227/074524", "correlationVector":"R908UEsAOkeQHoaMCJpcmp.180","action":"GetUpdates", "result":"DeleteReceived", "context":{"id":"266c9215-2477-4005-a146-4c9f32cf780b", "isDeleted:":"true", "version":"1676756522493"}}
{"logTime": "0227/074524", "correlationVector":"R908UEsAOkeQHoaMCJpcmp.181","action":"GetUpdates", "result":"DeleteReceived", "context":{"id":"d87eff8b-7246-47ec-af7b-ba4843a7feac", "isDeleted:":"true", "version":"1676756522494"}}
{"logTime": "0227/074524", "correlationVector":"R908UEsAOkeQHoaMCJpcmp.182","action":"GetUpdates", "result":"DeleteReceived", "context":{"id":"893a1c1d-3cc3-4705-8302-f438e1ce39b7", "isDeleted:":"true", "version":"1676758759714"}}
{"logTime": "0227/074524", "correlationVector":"R908UEsAOkeQHoaMCJpcmp.183","action":"GetUpdates", "result":"DeleteReceived", "context":{"id":"2cb19b8b-af28-4ac4-95cb-c7c1ae3b21a9", "isDeleted:":"true", "version":"1676758895734"}}
{"logTime": "0227/074524", "correlationVector":"R908UEsAOkeQHoaMCJpcmp.184","action":"GetUpdates", "result":"DeleteReceived", "context":{"id":"c9a42d87-78a3-4c86-a50f-073a46bbb163", "isDeleted:":"true", "version":"1676758926309"}}
{"logTime": "0227/074524", "correlationVector":"R908UEsAOkeQHoaMCJpcmp.185","action":"GetUpdates", "result":"DeleteReceived", "context":{"id":"2335fb67-e1b3-4815-98ed-39ad2fa81c28", "isDeleted:":"true", "version":"1676758926310"}}
{"logTime": "0227/074524", "correlationVector":"R908UEsAOkeQHoaMCJpcmp.186","action":"GetUpdates", "result":"DeleteReceived", "context":{"id":"d1366aa2-e47f-460a-8d7a-9ef62a7ee46c", "isDeleted:":"true", "version":"1676758926311"}}
{"logTime": "0227/074524", "correlationVector":"R908UEsAOkeQHoaMCJpcmp.187","action":"GetUpdates", "result":"DeleteReceived", "context":{"id":"1b1899d0-455e-4413-91a8-c562aad2fa41", "isDeleted:":"true", "version":"1676758926313"}}
{"logTime": "0227/074524", "correlationVector":"R908UEsAOkeQHoaMCJpcmp.188","action":"GetUpdates", "result":"DeleteReceived", "context":{"id":"47544d64-c767-4c09-86dd-4b2a26cf8b35", "isDeleted:":"true", "version":"1676758926314"}}
{"logTime": "0227/074524", "correlationVector":"R908UEsAOkeQHoaMCJpcmp.189","action":"GetUpdates", "result":"DeleteReceived", "context":{"id":"dd9f3f66-752f-4271-9a5d-f9b5db947bf3", "isDeleted:":"true", "version":"1676758926315"}}
{"logTime": "0227/074524", "correlationVector":"R908UEsAOkeQHoaMCJpcmp.190","action":"GetUpdates", "result":"DeleteReceived", "context":{"id":"dc1ae985-7cb4-43a5-8d39-1aa7a4660393", "isDeleted:":"true", "version":"1676758926316"}}
{"logTime": "0227/074524", "correlationVector":"R908UEsAOkeQHoaMCJpcmp.191","action":"GetUpdates", "result":"DeleteReceived", "context":{"id":"23c261d4-2f31-42e4-a930-03f64057bd62", "isDeleted:":"true", "version":"1676758926317"}}
{"logTime": "0227/074524", "correlationVector":"R908UEsAOkeQHoaMCJpcmp.192","action":"GetUpdates", "result":"DeleteReceived", "context":{"id":"cf9992bb-7ce5-418c-8b27-1d6befe582fa", "isDeleted:":"true", "version":"1676758926318"}}
{"logTime": "0227/074524", "correlationVector":"R908UEsAOkeQHoaMCJpcmp.193","action":"GetUpdates", "result":"DeleteReceived", "context":{"id":"197e18f4-3131-44d6-ae13-31f93159240e", "isDeleted:":"true", "version":"1676761523046"}}
{"logTime": "0227/074524", "correlationVector":"R908UEsAOkeQHoaMCJpcmp.194","action":"GetUpdates", "result":"DeleteReceived", "context":{"id":"184f8928-424a-4e44-b949-0169748e07ab", "isDeleted:":"true", "version":"1676761553726"}}
{"logTime": "0227/074524", "correlationVector":"R908UEsAOkeQHoaMCJpcmp.195","action":"GetUpdates", "result":"DeleteReceived", "context":{"id":"2b2c1ee4-2b68-47ef-8d27-811c88844e94", "isDeleted:":"true", "version":"1676764979018"}}
{"logTime": "0227/074524", "correlationVector":"R908UEsAOkeQHoaMCJpcmp.196","action":"GetUpdates", "result":"DeleteReceived", "context":{"id":"85779741-5430-442d-a639-962ed9f5b5d7", "isDeleted:":"true", "version":"1676804016367"}}
{"logTime": "0227/074524", "correlationVector":"R908UEsAOkeQHoaMCJpcmp.197","action":"GetUpdates", "result":"DeleteReceived", "context":{"id":"5d0068dc-6d5b-4e0f-81f2-63ec6a76f987", "isDeleted:":"true", "version":"1676804016368"}}
{"logTime": "0227/074524", "correlationVector":"R908UEsAOkeQHoaMCJpcmp.198","action":"GetUpdates", "result":"DeleteReceived", "context":{"id":"4e13fce9-9d8d-4afa-b224-10023c6e857c", "isDeleted:":"true", "version":"1676804016369"}}
{"logTime": "0227/074524", "correlationVector":"R908UEsAOkeQHoaMCJpcmp.199","action":"GetUpdates", "result":"DeleteReceived", "context":{"id":"d255a33e-c3f5-4a8f-b071-241dd3291f9d", "isDeleted:":"true", "version":"1676804016370"}}
{"logTime": "0227/074524", "correlationVector":"R908UEsAOkeQHoaMCJpcmp.200","action":"GetUpdates", "result":"DeleteReceived", "context":{"id":"a66257c8-a136-4135-9345-34b7aaf5a535", "isDeleted:":"true", "version":"1676804016371"}}
{"logTime": "0227/074524", "correlationVector":"R908UEsAOkeQHoaMCJpcmp.201","action":"GetUpdates", "result":"DeleteReceived", "context":{"id":"ee20837a-9c6b-4756-b22b-0dec7a604c12", "isDeleted:":"true", "version":"1676804016372"}}
{"logTime": "0227/074524", "correlationVector":"R908UEsAOkeQHoaMCJpcmp.202","action":"GetUpdates", "result":"DeleteReceived", "context":{"id":"b4f5eb85-4b52-41a4-8fb6-abc6a6138ce4", "isDeleted:":"true", "version":"1676804016374"}}
{"logTime": "0227/074524", "correlationVector":"R908UEsAOkeQHoaMCJpcmp.203","action":"GetUpdates", "result":"DeleteReceived", "context":{"id":"75e535ab-9139-4a5f-b55e-cc8dfe7ac507", "isDeleted:":"true", "version":"1676804016375"}}
{"logTime": "0227/074524", "correlationVector":"R908UEsAOkeQHoaMCJpcmp.204","action":"GetUpdates", "result":"DeleteReceived", "context":{"id":"808c1aa6-f206-4bf9-9af8-9aca1f18f2d8", "isDeleted:":"true", "version":"1676804016376"}}
{"logTime": "0227/074524", "correlationVector":"R908UEsAOkeQHoaMCJpcmp.205","action":"GetUpdates", "result":"DeleteReceived", "context":{"id":"aad77870-e773-413c-9407-bfe3da221dd1", "isDeleted:":"true", "version":"1676804016377"}}
{"logTime": "0227/074524", "correlationVector":"R908UEsAOkeQHoaMCJpcmp.206","action":"GetUpdates", "result":"DeleteReceived", "context":{"id":"6e850957-71f1-49ea-a1fe-8f1db8357417", "isDeleted:":"true", "version":"1676804016378"}}
{"logTime": "0227/074524", "correlationVector":"R908UEsAOkeQHoaMCJpcmp.207","action":"GetUpdates", "result":"DeleteReceived", "context":{"id":"45a55401-e988-4aad-90fa-96f2d0ca6328", "isDeleted:":"true", "version":"1676805600273"}}
{"logTime": "0227/074524", "correlationVector":"R908UEsAOkeQHoaMCJpcmp.208","action":"GetUpdates", "result":"DeleteReceived", "context":{"id":"49b99d9d-17c7-4b39-85e7-6bd72bab638f", "isDeleted:":"true", "version":"1676805600274"}}
{"logTime": "0227/074524", "correlationVector":"R908UEsAOkeQHoaMCJpcmp.209","action":"GetUpdates", "result":"DeleteReceived", "context":{"id":"5397cbae-1ab6-413d-b27c-70b18552c553", "isDeleted:":"true", "version":"1676805600276"}}
{"logTime": "0227/074524", "correlationVector":"R908UEsAOkeQHoaMCJpcmp.210","action":"GetUpdates", "result":"DeleteReceived", "context":{"id":"8d53b3d5-ab32-4717-a20f-8eff00958157", "isDeleted:":"true", "version":"1676805600277"}}
{"logTime": "0227/074524", "correlationVector":"R908UEsAOkeQHoaMCJpcmp.211","action":"GetUpdates", "result":"DeleteReceived", "context":{"id":"6a447a11-0da6-4874-ae79-e7256dd39d5e", "isDeleted:":"true", "version":"1676805600279"}}
{"logTime": "0227/074524", "correlationVector":"R908UEsAOkeQHoaMCJpcmp.212","action":"GetUpdates", "result":"DeleteReceived", "context":{"id":"fc077467-f72f-466e-942c-5200662c2896", "isDeleted:":"true", "version":"1676805600280"}}
{"logTime": "0227/074524", "correlationVector":"R908UEsAOkeQHoaMCJpcmp.213","action":"GetUpdates", "result":"DeleteReceived", "context":{"id":"6865f0f0-f096-49e7-bfce-cad8a9b09053", "isDeleted:":"true", "version":"1676913740708"}}
{"logTime": "0227/074524", "correlationVector":"R908UEsAOkeQHoaMCJpcmp.214","action":"GetUpdates Response", "result":"SERVER_MORE_TO_DOWNLOAD", "context":Received 250 update(s).  Some updates remain.}
{"logTime": "0227/074524", "correlationVector":"3q58Lgz21elHphC3CoH5+t","action":"Initial GetUpdates", "result":"", "context":Reason: NEWLY_SUPPORTED_DATATYPE. cV=3q58Lgz21elHphC3CoH5+t}
{"logTime": "0227/074525", "correlationVector":"3q58Lgz21elHphC3CoH5+t.1","action":"SyncServerConnectionManagerRequest", "result":"SYNC_SERVER_OK", "context":{"environment":"Prod_WestEurope_x00e", "server":"general01000023"}}
{"logTime": "0227/074525", "correlationVector":"3q58Lgz21elHphC3CoH5+t.2","action":"GetUpdates", "result":"DeleteReceived", "context":{"id":"91676249-179f-4061-bf75-acff65ff5c45", "isDeleted:":"true", "version":"1676913740709"}}
{"logTime": "0227/074525", "correlationVector":"3q58Lgz21elHphC3CoH5+t.3","action":"GetUpdates", "result":"DeleteReceived", "context":{"id":"4bee5079-1b52-43a8-8ffb-cce0c3add28f", "isDeleted:":"true", "version":"1676913740710"}}
{"logTime": "0227/074525", "correlationVector":"3q58Lgz21elHphC3CoH5+t.4","action":"GetUpdates", "result":"DeleteReceived", "context":{"id":"685a57a8-b5a4-49b8-b24e-3efc98901ac3", "isDeleted:":"true", "version":"1676913740711"}}
{"logTime": "0227/074525", "correlationVector":"3q58Lgz21elHphC3CoH5+t.5","action":"GetUpdates", "result":"DeleteReceived", "context":{"id":"47ae62c7-6b9a-461d-85d2-2c07878404e1", "isDeleted:":"true", "version":"1676913740712"}}
{"logTime": "0227/074525", "correlationVector":"3q58Lgz21elHphC3CoH5+t.6","action":"GetUpdates", "result":"DeleteReceived", "context":{"id":"ec9e5cd8-382a-43a4-a9ce-5b2e7f5f0aac", "isDeleted:":"true", "version":"1676913740714"}}
{"logTime": "0227/074525", "correlationVector":"3q58Lgz21elHphC3CoH5+t.7","action":"GetUpdates", "result":"DeleteReceived", "context":{"id":"53e7faf4-6f90-4fd4-8377-15f2b80ef56f", "isDeleted:":"true", "version":"1676913740715"}}
{"logTime": "0227/074525", "correlationVector":"3q58Lgz21elHphC3CoH5+t.8","action":"GetUpdates", "result":"DeleteReceived", "context":{"id":"f4bf94f2-7b51-4b86-b329-f23f4d581227", "isDeleted:":"true", "version":"1676913740716"}}
{"logTime": "0227/074525", "correlationVector":"3q58Lgz21elHphC3CoH5+t.9","action":"GetUpdates", "result":"DeleteReceived", "context":{"id":"2dee4159-d81f-4fa6-adcb-1c17238c59d4", "isDeleted:":"true", "version":"1676913740717"}}
{"logTime": "0227/074525", "correlationVector":"3q58Lgz21elHphC3CoH5+t.10","action":"GetUpdates", "result":"DeleteReceived", "context":{"id":"1267e83d-7774-4959-82aa-06b28ffb819e", "isDeleted:":"true", "version":"1676928484626"}}
{"logTime": "0227/074525", "correlationVector":"3q58Lgz21elHphC3CoH5+t.11","action":"GetUpdates", "result":"DeleteReceived", "context":{"id":"9b9dafa2-abb3-4359-97c5-b80809476d72", "isDeleted:":"true", "version":"1676933735091"}}
{"logTime": "0227/074525", "correlationVector":"3q58Lgz21elHphC3CoH5+t.12","action":"GetUpdates", "result":"DeleteReceived", "context":{"id":"a004d751-5f9e-48d5-9d6a-091a98083084", "isDeleted:":"true", "version":"1676996080003"}}
{"logTime": "0227/074525", "correlationVector":"3q58Lgz21elHphC3CoH5+t.13","action":"GetUpdates", "result":"DeleteReceived", "context":{"id":"582196cf-a604-4723-82db-618d8c7713e0", "isDeleted:":"true", "version":"1676996080004"}}
{"logTime": "0227/074525", "correlationVector":"3q58Lgz21elHphC3CoH5+t.14","action":"GetUpdates", "result":"DeleteReceived", "context":{"id":"ce285561-120d-43ac-947b-25397dffd1c9", "isDeleted:":"true", "version":"1676996080005"}}
{"logTime": "0227/074525", "correlationVector":"3q58Lgz21elHphC3CoH5+t.15","action":"GetUpdates", "result":"DeleteReceived", "context":{"id":"c93ea6a4-d356-4cb8-8acb-40ebc1034eaf", "isDeleted:":"true", "version":"1676996080006"}}
{"logTime": "0227/074525", "correlationVector":"3q58Lgz21elHphC3CoH5+t.16","action":"GetUpdates", "result":"DeleteReceived", "context":{"id":"52ebc5ba-66d9-49d6-a83e-c4bbf8e8abc9", "isDeleted:":"true", "version":"1676996080008"}}
{"logTime": "0227/074525", "correlationVector":"3q58Lgz21elHphC3CoH5+t.17","action":"GetUpdates", "result":"DeleteReceived", "context":{"id":"6c4019a5-705e-4cf5-8e36-bd734c56d3a3", "isDeleted:":"true", "version":"1676996080009"}}
{"logTime": "0227/074525", "correlationVector":"3q58Lgz21elHphC3CoH5+t.18","action":"GetUpdates", "result":"DeleteReceived", "context":{"id":"ea03b08a-4fb2-4bdd-aad2-4929ddac953d", "isDeleted:":"true", "version":"1676996080010"}}
{"logTime": "0227/074525", "correlationVector":"3q58Lgz21elHphC3CoH5+t.19","action":"GetUpdates", "result":"DeleteReceived", "context":{"id":"fefe0b69-2080-4e67-8f14-d6b5c8698c75", "isDeleted:":"true", "version":"1677000256031"}}
{"logTime": "0227/074525", "correlationVector":"3q58Lgz21elHphC3CoH5+t.20","action":"GetUpdates", "result":"DeleteReceived", "context":{"id":"270ca03b-30c6-43a8-85d8-0c28326cd740", "isDeleted:":"true", "version":"1677000388954"}}
{"logTime": "0227/074525", "correlationVector":"3q58Lgz21elHphC3CoH5+t.21","action":"GetUpdates", "result":"DeleteReceived", "context":{"id":"45bac635-359a-402c-b8bc-04b28fe72c12", "isDeleted:":"true", "version":"1677005125767"}}
{"logTime": "0227/074525", "correlationVector":"3q58Lgz21elHphC3CoH5+t.22","action":"GetUpdates", "result":"DeleteReceived", "context":{"id":"6ca2569c-b805-4d9c-a095-7627a06fd683", "isDeleted:":"true", "version":"1677005125768"}}
{"logTime": "0227/074525", "correlationVector":"3q58Lgz21elHphC3CoH5+t.23","action":"GetUpdates", "result":"DeleteReceived", "context":{"id":"2d4e91db-4937-42ab-8355-838a2194668b", "isDeleted:":"true", "version":"1677005125770"}}
{"logTime": "0227/074525", "correlationVector":"3q58Lgz21elHphC3CoH5+t.24","action":"GetUpdates", "result":"DeleteReceived", "context":{"id":"807b909a-ec00-4258-9bca-4a1d6a4c2d42", "isDeleted:":"true", "version":"1677005125771"}}
{"logTime": "0227/074525", "correlationVector":"3q58Lgz21elHphC3CoH5+t.25","action":"GetUpdates", "result":"DeleteReceived", "context":{"id":"c611aec2-b46d-4826-a728-07293dfb387d", "isDeleted:":"true", "version":"1677005125772"}}
{"logTime": "0227/074525", "correlationVector":"3q58Lgz21elHphC3CoH5+t.26","action":"GetUpdates", "result":"DeleteReceived", "context":{"id":"4940671e-17b0-4444-a18f-26f20e23116a", "isDeleted:":"true", "version":"1677006382137"}}
{"logTime": "0227/074525", "correlationVector":"3q58Lgz21elHphC3CoH5+t.27","action":"GetUpdates", "result":"DeleteReceived", "context":{"id":"43dad8a9-2f9f-40d5-a4bf-ea4f55634d6b", "isDeleted:":"true", "version":"1677006415141"}}
{"logTime": "0227/074525", "correlationVector":"3q58Lgz21elHphC3CoH5+t.28","action":"GetUpdates", "result":"DeleteReceived", "context":{"id":"56e69ab0-1f57-44d7-895d-94fd9322f7e3", "isDeleted:":"true", "version":"1677006415143"}}
{"logTime": "0227/074525", "correlationVector":"3q58Lgz21elHphC3CoH5+t.29","action":"GetUpdates", "result":"DeleteReceived", "context":{"id":"14438028-58e8-49a7-b171-3fe1f97fa042", "isDeleted:":"true", "version":"1677006415145"}}
{"logTime": "0227/074525", "correlationVector":"3q58Lgz21elHphC3CoH5+t.30","action":"GetUpdates", "result":"DeleteReceived", "context":{"id":"9f820f36-abbe-4f4d-bd47-b3bc58e56717", "isDeleted:":"true", "version":"1677006415146"}}
{"logTime": "0227/074525", "correlationVector":"3q58Lgz21elHphC3CoH5+t.31","action":"GetUpdates", "result":"DeleteReceived", "context":{"id":"f14416aa-8972-43b2-b3b8-21d2b6e2138d", "isDeleted:":"true", "version":"1677006415147"}}
{"logTime": "0227/074525", "correlationVector":"3q58Lgz21elHphC3CoH5+t.32","action":"GetUpdates", "result":"DeleteReceived", "context":{"id":"c34bdd04-519f-4ac2-b4a9-f4d37be436a1", "isDeleted:":"true", "version":"1677006415148"}}
{"logTime": "0227/074525", "correlationVector":"3q58Lgz21elHphC3CoH5+t.33","action":"GetUpdates", "result":"DeleteReceived", "context":{"id":"4d9d578b-8c20-4516-bd8a-8232033f3be8", "isDeleted:":"true", "version":"1677006445557"}}
{"logTime": "0227/074525", "correlationVector":"3q58Lgz21elHphC3CoH5+t.34","action":"GetUpdates", "result":"DeleteReceived", "context":{"id":"fe2a73e2-886f-4d72-ab45-4c604aff8c53", "isDeleted:":"true", "version":"1677006445559"}}
{"logTime": "0227/074525", "correlationVector":"3q58Lgz21elHphC3CoH5+t.35","action":"GetUpdates", "result":"DeleteReceived", "context":{"id":"cb962bd1-fe0b-497a-973c-6a9818f585c7", "isDeleted:":"true", "version":"1677006445560"}}
{"logTime": "0227/074525", "correlationVector":"3q58Lgz21elHphC3CoH5+t.36","action":"GetUpdates", "result":"DeleteReceived", "context":{"id":"be48d365-7264-41d5-9a12-ef37998bd2b9", "isDeleted:":"true", "version":"1677006445561"}}
{"logTime": "0227/074525", "correlationVector":"3q58Lgz21elHphC3CoH5+t.37","action":"GetUpdates", "result":"DeleteReceived", "context":{"id":"cd8536ca-7032-4b3a-8a09-458064f2b456", "isDeleted:":"true", "version":"1677006445562"}}
{"logTime": "0227/074525", "correlationVector":"3q58Lgz21elHphC3CoH5+t.38","action":"GetUpdates", "result":"DeleteReceived", "context":{"id":"1d649f2d-d4b1-4412-ac68-ff1e8ba77b71", "isDeleted:":"true", "version":"1677006445563"}}
{"logTime": "0227/074525", "correlationVector":"3q58Lgz21elHphC3CoH5+t.39","action":"GetUpdates", "result":"DeleteReceived", "context":{"id":"9343d956-28e8-471f-9004-b920675714ba", "isDeleted:":"true", "version":"1677006445564"}}
{"logTime": "0227/074525", "correlationVector":"3q58Lgz21elHphC3CoH5+t.40","action":"GetUpdates", "result":"DeleteReceived", "context":{"id":"39be899b-9d1a-4c3e-b378-8ae230a4a0d6", "isDeleted:":"true", "version":"1677006445566"}}
{"logTime": "0227/074525", "correlationVector":"3q58Lgz21elHphC3CoH5+t.41","action":"GetUpdates", "result":"DeleteReceived", "context":{"id":"0488d025-1273-488d-bdf2-b584e77bfa14", "isDeleted:":"true", "version":"1677006445567"}}
{"logTime": "0227/074525", "correlationVector":"3q58Lgz21elHphC3CoH5+t.42","action":"GetUpdates", "result":"DeleteReceived", "context":{"id":"f2bff534-fec3-4952-83f5-66bde3af5714", "isDeleted:":"true", "version":"1677006445568"}}
{"logTime": "0227/074525", "correlationVector":"3q58Lgz21elHphC3CoH5+t.43","action":"GetUpdates", "result":"DeleteReceived", "context":{"id":"f5ae875a-d84a-4ab5-b2b7-fe37fe450193", "isDeleted:":"true", "version":"1677006445569"}}
{"logTime": "0227/074525", "correlationVector":"3q58Lgz21elHphC3CoH5+t.44","action":"GetUpdates", "result":"DeleteReceived", "context":{"id":"7325528c-7737-400b-add8-ac1cfd0dff33", "isDeleted:":"true", "version":"1677006445570"}}
{"logTime": "0227/074525", "correlationVector":"3q58Lgz21elHphC3CoH5+t.45","action":"GetUpdates", "result":"DeleteReceived", "context":{"id":"18542ec5-bb64-4fe6-bf98-6d359fdeb53b", "isDeleted:":"true", "version":"1677006445571"}}
{"logTime": "0227/074525", "correlationVector":"3q58Lgz21elHphC3CoH5+t.46","action":"GetUpdates", "result":"DeleteReceived", "context":{"id":"692e36ef-2430-49b1-a205-ea73a907b288", "isDeleted:":"true", "version":"1677009712067"}}
{"logTime": "0227/074525", "correlationVector":"3q58Lgz21elHphC3CoH5+t.47","action":"GetUpdates", "result":"DeleteReceived", "context":{"id":"21b62193-075f-4321-afee-5f3bf884331b", "isDeleted:":"true", "version":"1677011190543"}}
{"logTime": "0227/074525", "correlationVector":"3q58Lgz21elHphC3CoH5+t.48","action":"GetUpdates", "result":"DeleteReceived", "context":{"id":"cdf465f4-8e42-4049-9d8c-75c8aa6d61df", "isDeleted:":"true", "version":"1677011190545"}}
{"logTime": "0227/074525", "correlationVector":"3q58Lgz21elHphC3CoH5+t.49","action":"GetUpdates", "result":"DeleteReceived", "context":{"id":"2d9967df-0c82-4414-a559-9f4a01ff1643", "isDeleted:":"true", "version":"1677011190546"}}
{"logTime": "0227/074525", "correlationVector":"3q58Lgz21elHphC3CoH5+t.50","action":"GetUpdates", "result":"DeleteReceived", "context":{"id":"c785a77b-6c9f-4d04-9bac-cb876f0df82b", "isDeleted:":"true", "version":"1677011190547"}}
{"logTime": "0227/074525", "correlationVector":"3q58Lgz21elHphC3CoH5+t.51","action":"GetUpdates", "result":"DeleteReceived", "context":{"id":"fe943637-0c83-4a6a-a6fc-1d71d489d224", "isDeleted:":"true", "version":"1677011190548"}}
{"logTime": "0227/074525", "correlationVector":"3q58Lgz21elHphC3CoH5+t.52","action":"GetUpdates", "result":"DeleteReceived", "context":{"id":"81fe389a-20c7-4cf4-982c-c114f05b5448", "isDeleted:":"true", "version":"1677011190550"}}
{"logTime": "0227/074525", "correlationVector":"3q58Lgz21elHphC3CoH5+t.53","action":"GetUpdates", "result":"DeleteReceived", "context":{"id":"cb8ee985-b1b1-4d95-9e7f-124ed71b32c1", "isDeleted:":"true", "version":"1677011190551"}}
{"logTime": "0227/074525", "correlationVector":"3q58Lgz21elHphC3CoH5+t.54","action":"GetUpdates", "result":"DeleteReceived", "context":{"id":"e3a6c8d6-a18f-4651-9e62-68c86cdfcac2", "isDeleted:":"true", "version":"1677011190552"}}
{"logTime": "0227/074525", "correlationVector":"3q58Lgz21elHphC3CoH5+t.55","action":"GetUpdates", "result":"DeleteReceived", "context":{"id":"68443ddd-6887-4abe-864b-ca00d22f52fb", "isDeleted:":"true", "version":"1677011190553"}}
{"logTime": "0227/074525", "correlationVector":"3q58Lgz21elHphC3CoH5+t.56","action":"GetUpdates", "result":"DeleteReceived", "context":{"id":"bc69f16c-a80b-4c4d-848b-b4a76884661c", "isDeleted:":"true", "version":"1677011190554"}}
{"logTime": "0227/074525", "correlationVector":"3q58Lgz21elHphC3CoH5+t.57","action":"GetUpdates", "result":"DeleteReceived", "context":{"id":"f1a129db-bac3-46ce-8d9f-b1fe7b366675", "isDeleted:":"true", "version":"1677011190555"}}
{"logTime": "0227/074525", "correlationVector":"3q58Lgz21elHphC3CoH5+t.58","action":"GetUpdates", "result":"DeleteReceived", "context":{"id":"2c28db07-2662-4ab3-961d-fd7e5fcbf191", "isDeleted:":"true", "version":"1677011190556"}}
{"logTime": "0227/074525", "correlationVector":"3q58Lgz21elHphC3CoH5+t.59","action":"GetUpdates", "result":"DeleteReceived", "context":{"id":"b77c9b08-337a-4a6b-92c1-add0a4f3f519", "isDeleted:":"true", "version":"1677011260968"}}
{"logTime": "0227/074525", "correlationVector":"3q58Lgz21elHphC3CoH5+t.60","action":"GetUpdates", "result":"DeleteReceived", "context":{"id":"a0e3dda9-6916-437e-bc33-54045c6a1070", "isDeleted:":"true", "version":"1677011779681"}}
{"logTime": "0227/074525", "correlationVector":"3q58Lgz21elHphC3CoH5+t.61","action":"GetUpdates", "result":"DeleteReceived", "context":{"id":"d8318182-b66f-4851-91d8-f97f5ca70a12", "isDeleted:":"true", "version":"1677011811484"}}
{"logTime": "0227/074525", "correlationVector":"3q58Lgz21elHphC3CoH5+t.62","action":"GetUpdates", "result":"DeleteReceived", "context":{"id":"fb4d6468-ce05-4e9d-8cf4-03edfdaf1d78", "isDeleted:":"true", "version":"1677011811485"}}
{"logTime": "0227/074525", "correlationVector":"3q58Lgz21elHphC3CoH5+t.63","action":"GetUpdates", "result":"DeleteReceived", "context":{"id":"c9ce69f5-ac49-44d2-88aa-8741273e0308", "isDeleted:":"true", "version":"1677011811487"}}
{"logTime": "0227/074525", "correlationVector":"3q58Lgz21elHphC3CoH5+t.64","action":"GetUpdates", "result":"DeleteReceived", "context":{"id":"27e7e6cb-717e-4972-8e89-9c4d898d3c19", "isDeleted:":"true", "version":"1677012034548"}}
{"logTime": "0227/074525", "correlationVector":"3q58Lgz21elHphC3CoH5+t.65","action":"GetUpdates", "result":"DeleteReceived", "context":{"id":"1034d1b7-dbb2-4b5d-8007-79bcc08bdc0d", "isDeleted:":"true", "version":"1677012748884"}}
{"logTime": "0227/074525", "correlationVector":"3q58Lgz21elHphC3CoH5+t.66","action":"GetUpdates", "result":"DeleteReceived", "context":{"id":"ccfb2ee9-736b-4383-ab57-5dc2f944c15a", "isDeleted:":"true", "version":"1677012805109"}}
{"logTime": "0227/074525", "correlationVector":"3q58Lgz21elHphC3CoH5+t.67","action":"GetUpdates", "result":"DeleteReceived", "context":{"id":"871dafda-93e3-4937-aee7-f7418b26819a", "isDeleted:":"true", "version":"1677012956964"}}
{"logTime": "0227/074525", "correlationVector":"3q58Lgz21elHphC3CoH5+t.68","action":"GetUpdates", "result":"DeleteReceived", "context":{"id":"d03fe23b-9a92-43fd-a513-360e72d53ff1", "isDeleted:":"true", "version":"1677012956965"}}
{"logTime": "0227/074525", "correlationVector":"3q58Lgz21elHphC3CoH5+t.69","action":"GetUpdates", "result":"DeleteReceived", "context":{"id":"d3c6eaac-5fbf-438e-8a08-36afd5135317", "isDeleted:":"true", "version":"1677014593004"}}
{"logTime": "0227/074525", "correlationVector":"3q58Lgz21elHphC3CoH5+t.70","action":"GetUpdates", "result":"DeleteReceived", "context":{"id":"d1e122cd-fca2-40dc-9cbe-26a9b06111af", "isDeleted:":"true", "version":"1677015275750"}}
{"logTime": "0227/074525", "correlationVector":"3q58Lgz21elHphC3CoH5+t.71","action":"GetUpdates", "result":"DeleteReceived", "context":{"id":"e036ecfd-d696-4512-849f-220d2dabfb9b", "isDeleted:":"true", "version":"1677015332184"}}
{"logTime": "0227/074525", "correlationVector":"3q58Lgz21elHphC3CoH5+t.72","action":"GetUpdates", "result":"DeleteReceived", "context":{"id":"cc20c418-4200-4aee-9ab9-08dcdb0633f0", "isDeleted:":"true", "version":"1677015407249"}}
{"logTime": "0227/074525", "correlationVector":"3q58Lgz21elHphC3CoH5+t.73","action":"GetUpdates", "result":"DeleteReceived", "context":{"id":"70b09337-5d23-4145-a58d-379fddd00195", "isDeleted:":"true", "version":"1677015810085"}}
{"logTime": "0227/074525", "correlationVector":"3q58Lgz21elHphC3CoH5+t.74","action":"GetUpdates", "result":"DeleteReceived", "context":{"id":"a4197182-ce1a-4cdc-a051-121aead577b0", "isDeleted:":"true", "version":"1677015858120"}}
{"logTime": "0227/074525", "correlationVector":"3q58Lgz21elHphC3CoH5+t.75","action":"GetUpdates", "result":"DeleteReceived", "context":{"id":"640f6e73-ea17-4cd5-aa93-8eaaf07963c9", "isDeleted:":"true", "version":"1677015858121"}}
{"logTime": "0227/074525", "correlationVector":"3q58Lgz21elHphC3CoH5+t.76","action":"GetUpdates", "result":"DeleteReceived", "context":{"id":"de0f47c2-1a77-4f03-8265-4a7db065f4d1", "isDeleted:":"true", "version":"1677015858122"}}
{"logTime": "0227/074525", "correlationVector":"3q58Lgz21elHphC3CoH5+t.77","action":"GetUpdates", "result":"DeleteReceived", "context":{"id":"e6903357-658b-4df2-ab66-63a0e967b281", "isDeleted:":"true", "version":"1677015858123"}}
{"logTime": "0227/074525", "correlationVector":"3q58Lgz21elHphC3CoH5+t.78","action":"GetUpdates", "result":"DeleteReceived", "context":{"id":"69d58992-2e22-45ac-b89e-d129430fc703", "isDeleted:":"true", "version":"1677015858125"}}
{"logTime": "0227/074525", "correlationVector":"3q58Lgz21elHphC3CoH5+t.79","action":"GetUpdates", "result":"DeleteReceived", "context":{"id":"3c5ea51f-5a12-42fe-9324-fa1bf6b7df14", "isDeleted:":"true", "version":"1677015858127"}}
{"logTime": "0227/074525", "correlationVector":"3q58Lgz21elHphC3CoH5+t.80","action":"GetUpdates", "result":"DeleteReceived", "context":{"id":"a502eb4e-7576-4e4c-bb22-3e50cbdc5459", "isDeleted:":"true", "version":"1677016191851"}}
{"logTime": "0227/074525", "correlationVector":"3q58Lgz21elHphC3CoH5+t.81","action":"GetUpdates", "result":"DeleteReceived", "context":{"id":"80e52f74-dc00-45fc-851a-e1e26847aa35", "isDeleted:":"true", "version":"1677016254897"}}
{"logTime": "0227/074525", "correlationVector":"3q58Lgz21elHphC3CoH5+t.82","action":"GetUpdates", "result":"DeleteReceived", "context":{"id":"945f01c3-8248-4505-8126-8f8c71f1a69b", "isDeleted:":"true", "version":"1677016254899"}}
{"logTime": "0227/074525", "correlationVector":"3q58Lgz21elHphC3CoH5+t.83","action":"GetUpdates", "result":"DeleteReceived", "context":{"id":"8f9a3336-aadf-4301-87d5-aacc85958ead", "isDeleted:":"true", "version":"1677016555901"}}
{"logTime": "0227/074525", "correlationVector":"3q58Lgz21elHphC3CoH5+t.84","action":"GetUpdates", "result":"DeleteReceived", "context":{"id":"0f4dd495-becd-477d-878d-1bb4b12315f5", "isDeleted:":"true", "version":"1677016555904"}}
{"logTime": "0227/074525", "correlationVector":"3q58Lgz21elHphC3CoH5+t.85","action":"GetUpdates", "result":"DeleteReceived", "context":{"id":"ae52bf3e-d12b-4871-91a4-0d2b10cc324d", "isDeleted:":"true", "version":"1677016587146"}}
{"logTime": "0227/074525", "correlationVector":"3q58Lgz21elHphC3CoH5+t.86","action":"GetUpdates", "result":"DeleteReceived", "context":{"id":"d11c240b-9867-48c2-9a8c-e509ebfc2925", "isDeleted:":"true", "version":"1677019388024"}}
{"logTime": "0227/074525", "correlationVector":"3q58Lgz21elHphC3CoH5+t.87","action":"GetUpdates", "result":"DeleteReceived", "context":{"id":"6cf5ad10-bb45-4036-bece-c7eaaafe7aa7", "isDeleted:":"true", "version":"1677019454076"}}
{"logTime": "0227/074525", "correlationVector":"3q58Lgz21elHphC3CoH5+t.88","action":"GetUpdates", "result":"DeleteReceived", "context":{"id":"e68dc07e-c9be-40bd-9355-26d8ee44d026", "isDeleted:":"true", "version":"1677019484296"}}
{"logTime": "0227/074525", "correlationVector":"3q58Lgz21elHphC3CoH5+t.89","action":"GetUpdates", "result":"DeleteReceived", "context":{"id":"6e16777b-d30d-47fe-850e-071691ca0ad4", "isDeleted:":"true", "version":"1677019654243"}}
{"logTime": "0227/074525", "correlationVector":"3q58Lgz21elHphC3CoH5+t.90","action":"GetUpdates", "result":"DeleteReceived", "context":{"id":"b6ccc14d-6486-4234-bf4f-863155a30ad5", "isDeleted:":"true", "version":"1677019823808"}}
{"logTime": "0227/074525", "correlationVector":"3q58Lgz21elHphC3CoH5+t.91","action":"GetUpdates", "result":"DeleteReceived", "context":{"id":"2bd5dddb-a034-4dfd-8232-c2d29c70f0e7", "isDeleted:":"true", "version":"1677019823809"}}
{"logTime": "0227/074525", "correlationVector":"3q58Lgz21elHphC3CoH5+t.92","action":"GetUpdates", "result":"DeleteReceived", "context":{"id":"fe777ebc-d60c-4897-b0e8-5e9ec397e5a9", "isDeleted:":"true", "version":"1677019823810"}}
{"logTime": "0227/074525", "correlationVector":"3q58Lgz21elHphC3CoH5+t.93","action":"GetUpdates", "result":"DeleteReceived", "context":{"id":"ab4e3299-3d9a-462c-a3d4-38e5bf7dc7f2", "isDeleted:":"true", "version":"1677019823813"}}
{"logTime": "0227/074525", "correlationVector":"3q58Lgz21elHphC3CoH5+t.94","action":"GetUpdates", "result":"DeleteReceived", "context":{"id":"f7e98bd5-08c0-41cf-8926-e1d1e7ef0168", "isDeleted:":"true", "version":"1677020677570"}}
{"logTime": "0227/074525", "correlationVector":"3q58Lgz21elHphC3CoH5+t.95","action":"GetUpdates", "result":"DeleteReceived", "context":{"id":"a3969a2b-b00c-40cf-8c1f-95454dbbff0e", "isDeleted:":"true", "version":"1677021320328"}}
{"logTime": "0227/074525", "correlationVector":"3q58Lgz21elHphC3CoH5+t.96","action":"GetUpdates", "result":"DeleteReceived", "context":{"id":"c3ba7949-3b43-4a58-9e69-7d4ab7ae890b", "isDeleted:":"true", "version":"1677021320329"}}
{"logTime": "0227/074525", "correlationVector":"3q58Lgz21elHphC3CoH5+t.97","action":"GetUpdates", "result":"DeleteReceived", "context":{"id":"81aec6b1-b3ec-4c01-b633-540bdc3d2035", "isDeleted:":"true", "version":"1677021418118"}}
{"logTime": "0227/074525", "correlationVector":"3q58Lgz21elHphC3CoH5+t.98","action":"GetUpdates", "result":"DeleteReceived", "context":{"id":"4441ede0-23b9-4583-b226-86452ba5fcaa", "isDeleted:":"true", "version":"1677021448885"}}
{"logTime": "0227/074525", "correlationVector":"3q58Lgz21elHphC3CoH5+t.99","action":"GetUpdates", "result":"DeleteReceived", "context":{"id":"1e39b5ea-9986-438e-a2c9-564793750596", "isDeleted:":"true", "version":"1677021839054"}}
{"logTime": "0227/074525", "correlationVector":"3q58Lgz21elHphC3CoH5+t.100","action":"GetUpdates", "result":"DeleteReceived", "context":{"id":"d56da344-8ef9-4a98-a502-f4bd789669ff", "isDeleted:":"true", "version":"1677021839055"}}
{"logTime": "0227/074525", "correlationVector":"3q58Lgz21elHphC3CoH5+t.101","action":"GetUpdates", "result":"DeleteReceived", "context":{"id":"89426eba-704a-4130-882b-cfbfaf2da0f2", "isDeleted:":"true", "version":"1677021839056"}}
{"logTime": "0227/074525", "correlationVector":"3q58Lgz21elHphC3CoH5+t.102","action":"GetUpdates", "result":"DeleteReceived", "context":{"id":"669f7bf1-320e-4d37-97a1-89b9162257af", "isDeleted:":"true", "version":"1677021839057"}}
{"logTime": "0227/074525", "correlationVector":"3q58Lgz21elHphC3CoH5+t.103","action":"GetUpdates", "result":"DeleteReceived", "context":{"id":"70e7f893-2ea8-4afe-ae85-24368f61ba34", "isDeleted:":"true", "version":"1677021839058"}}
{"logTime": "0227/074525", "correlationVector":"3q58Lgz21elHphC3CoH5+t.104","action":"GetUpdates", "result":"DeleteReceived", "context":{"id":"513b1f76-e9a2-4172-89c8-cf503bffb220", "isDeleted:":"true", "version":"1677021839059"}}
{"logTime": "0227/074525", "correlationVector":"3q58Lgz21elHphC3CoH5+t.105","action":"GetUpdates", "result":"DeleteReceived", "context":{"id":"3ab21c9b-ba30-4e6c-a51f-76ab67d64338", "isDeleted:":"true", "version":"1677021839060"}}
{"logTime": "0227/074525", "correlationVector":"3q58Lgz21elHphC3CoH5+t.106","action":"GetUpdates", "result":"DeleteReceived", "context":{"id":"dd7e9aa9-b992-4363-8b64-dcac7011d96a", "isDeleted:":"true", "version":"1677021839062"}}
{"logTime": "0227/074525", "correlationVector":"3q58Lgz21elHphC3CoH5+t.107","action":"GetUpdates", "result":"DeleteReceived", "context":{"id":"69e2c399-1544-49c2-9888-91fadfd2f126", "isDeleted:":"true", "version":"1677021839063"}}
{"logTime": "0227/074525", "correlationVector":"3q58Lgz21elHphC3CoH5+t.108","action":"GetUpdates", "result":"DeleteReceived", "context":{"id":"f457c988-398c-4c11-a1bb-cd92999ae432", "isDeleted:":"true", "version":"1677021839064"}}
{"logTime": "0227/074525", "correlationVector":"3q58Lgz21elHphC3CoH5+t.109","action":"GetUpdates", "result":"DeleteReceived", "context":{"id":"e58a4221-fe13-4c18-9249-bbb5c3f2b225", "isDeleted:":"true", "version":"1677021839066"}}
{"logTime": "0227/074525", "correlationVector":"3q58Lgz21elHphC3CoH5+t.110","action":"GetUpdates", "result":"DeleteReceived", "context":{"id":"9ebe4157-4593-4477-8821-9725d07a8072", "isDeleted:":"true", "version":"1677021839067"}}
{"logTime": "0227/074525", "correlationVector":"3q58Lgz21elHphC3CoH5+t.111","action":"GetUpdates", "result":"DeleteReceived", "context":{"id":"01ef4675-9f4c-4494-8dc4-d9daea4dc4f0", "isDeleted:":"true", "version":"1677021839068"}}
{"logTime": "0227/074525", "correlationVector":"3q58Lgz21elHphC3CoH5+t.112","action":"GetUpdates", "result":"DeleteReceived", "context":{"id":"1980a450-d8f2-4714-a6f5-52a8441ebe42", "isDeleted:":"true", "version":"1677021839069"}}
{"logTime": "0227/074525", "correlationVector":"3q58Lgz21elHphC3CoH5+t.113","action":"GetUpdates", "result":"DeleteReceived", "context":{"id":"39701b30-040d-4fa5-9e79-2765946ecd32", "isDeleted:":"true", "version":"1677021839070"}}
{"logTime": "0227/074525", "correlationVector":"3q58Lgz21elHphC3CoH5+t.114","action":"GetUpdates", "result":"DeleteReceived", "context":{"id":"56a36f9d-397c-4249-86e5-4890a0a0d243", "isDeleted:":"true", "version":"1677021839071"}}
{"logTime": "0227/074525", "correlationVector":"3q58Lgz21elHphC3CoH5+t.115","action":"GetUpdates", "result":"DeleteReceived", "context":{"id":"3df8641c-708d-44e5-bb57-202445d05d35", "isDeleted:":"true", "version":"1677023023290"}}
{"logTime": "0227/074525", "correlationVector":"3q58Lgz21elHphC3CoH5+t.116","action":"GetUpdates", "result":"DeleteReceived", "context":{"id":"953683ab-ce19-4ccc-b7ee-4edf6b0c87a1", "isDeleted:":"true", "version":"1677024385387"}}
{"logTime": "0227/074525", "correlationVector":"3q58Lgz21elHphC3CoH5+t.117","action":"GetUpdates", "result":"DeleteReceived", "context":{"id":"1fdb7475-a619-4b8c-a120-3fbde4b031a6", "isDeleted:":"true", "version":"1677024385388"}}
{"logTime": "0227/074525", "correlationVector":"3q58Lgz21elHphC3CoH5+t.118","action":"GetUpdates", "result":"DeleteReceived", "context":{"id":"a9680902-35f3-4992-877e-64d223a0fd60", "isDeleted:":"true", "version":"1677024385389"}}
{"logTime": "0227/074525", "correlationVector":"3q58Lgz21elHphC3CoH5+t.119","action":"GetUpdates", "result":"DeleteReceived", "context":{"id":"9a859d73-1787-42bd-a392-66b53e4a6c2b", "isDeleted:":"true", "version":"1677024385390"}}
{"logTime": "0227/074525", "correlationVector":"3q58Lgz21elHphC3CoH5+t.120","action":"GetUpdates", "result":"DeleteReceived", "context":{"id":"d83ed826-d287-48e6-88a2-36cf0b322060", "isDeleted:":"true", "version":"1677024385391"}}
{"logTime": "0227/074525", "correlationVector":"3q58Lgz21elHphC3CoH5+t.121","action":"GetUpdates", "result":"DeleteReceived", "context":{"id":"18601d57-f3ed-4ea0-80ee-456c80320495", "isDeleted:":"true", "version":"1677024385392"}}
{"logTime": "0227/074525", "correlationVector":"3q58Lgz21elHphC3CoH5+t.122","action":"GetUpdates", "result":"DeleteReceived", "context":{"id":"820b3a8f-ad38-4d8a-a7c6-a8ccea8cfe69", "isDeleted:":"true", "version":"1677024385393"}}
{"logTime": "0227/074525", "correlationVector":"3q58Lgz21elHphC3CoH5+t.123","action":"GetUpdates", "result":"DeleteReceived", "context":{"id":"672d35ab-8342-4509-9417-a7efbb9cfe9a", "isDeleted:":"true", "version":"1677024385394"}}
{"logTime": "0227/074525", "correlationVector":"3q58Lgz21elHphC3CoH5+t.124","action":"GetUpdates", "result":"DeleteReceived", "context":{"id":"427174a9-1b3c-480c-b3a1-a5df9c9e37bc", "isDeleted:":"true", "version":"1677024385395"}}
{"logTime": "0227/074525", "correlationVector":"3q58Lgz21elHphC3CoH5+t.125","action":"GetUpdates", "result":"DeleteReceived", "context":{"id":"db4651a8-126a-4406-a17d-546ca0817b71", "isDeleted:":"true", "version":"1677024385396"}}
{"logTime": "0227/074525", "correlationVector":"3q58Lgz21elHphC3CoH5+t.126","action":"GetUpdates", "result":"DeleteReceived", "context":{"id":"9c2659ac-6577-4def-800d-4e6034f813cb", "isDeleted:":"true", "version":"1677024385397"}}
{"logTime": "0227/074525", "correlationVector":"3q58Lgz21elHphC3CoH5+t.127","action":"GetUpdates", "result":"DeleteReceived", "context":{"id":"d59d16de-9cec-4dba-805a-b73897d5addb", "isDeleted:":"true", "version":"1677024385398"}}
{"logTime": "0227/074525", "correlationVector":"3q58Lgz21elHphC3CoH5+t.128","action":"GetUpdates", "result":"DeleteReceived", "context":{"id":"6d87d6a8-de11-4c7b-8635-ba0c738a7605", "isDeleted:":"true", "version":"1677024385399"}}
{"logTime": "0227/074525", "correlationVector":"3q58Lgz21elHphC3CoH5+t.129","action":"GetUpdates", "result":"DeleteReceived", "context":{"id":"f212ab32-e78d-46a0-be0e-acac17ab4014", "isDeleted:":"true", "version":"1677024385400"}}
{"logTime": "0227/074525", "correlationVector":"3q58Lgz21elHphC3CoH5+t.130","action":"GetUpdates", "result":"DeleteReceived", "context":{"id":"dbf9c08a-0ceb-4e92-b99c-e4e533a8edd1", "isDeleted:":"true", "version":"1677024385401"}}
{"logTime": "0227/074525", "correlationVector":"3q58Lgz21elHphC3CoH5+t.131","action":"GetUpdates", "result":"DeleteReceived", "context":{"id":"5861844d-6b25-46c1-a3fc-8854123cc7dd", "isDeleted:":"true", "version":"1677024385402"}}
{"logTime": "0227/074525", "correlationVector":"3q58Lgz21elHphC3CoH5+t.132","action":"GetUpdates", "result":"DeleteReceived", "context":{"id":"ee0201d4-17a5-4517-b4b4-c82d7efa4f0f", "isDeleted:":"true", "version":"1677024386036"}}
{"logTime": "0227/074525", "correlationVector":"3q58Lgz21elHphC3CoH5+t.133","action":"GetUpdates", "result":"DeleteReceived", "context":{"id":"084fb6ad-e3d4-4da1-b6f2-5e757b9add5b", "isDeleted:":"true", "version":"1677024386037"}}
{"logTime": "0227/074525", "correlationVector":"3q58Lgz21elHphC3CoH5+t.134","action":"GetUpdates", "result":"DeleteReceived", "context":{"id":"07ff529a-11be-476e-8388-d20a2a558ddb", "isDeleted:":"true", "version":"1677024386038"}}
{"logTime": "0227/074525", "correlationVector":"3q58Lgz21elHphC3CoH5+t.135","action":"GetUpdates", "result":"DeleteReceived", "context":{"id":"df71c99b-75a3-4148-a947-6b6de853d49c", "isDeleted:":"true", "version":"1677024386039"}}
{"logTime": "0227/074525", "correlationVector":"3q58Lgz21elHphC3CoH5+t.136","action":"GetUpdates", "result":"DeleteReceived", "context":{"id":"e64ce6cc-5b34-404a-8abc-f19d18901cb9", "isDeleted:":"true", "version":"1677024386040"}}
{"logTime": "0227/074525", "correlationVector":"3q58Lgz21elHphC3CoH5+t.137","action":"GetUpdates", "result":"DeleteReceived", "context":{"id":"ca212f51-8d9b-44ed-b387-dfbff990a24d", "isDeleted:":"true", "version":"1677024386041"}}
{"logTime": "0227/074525", "correlationVector":"3q58Lgz21elHphC3CoH5+t.138","action":"GetUpdates", "result":"DeleteReceived", "context":{"id":"9d784b63-4d4d-4cac-8261-7fefafa75296", "isDeleted:":"true", "version":"1677024386042"}}
{"logTime": "0227/074525", "correlationVector":"3q58Lgz21elHphC3CoH5+t.139","action":"GetUpdates", "result":"DeleteReceived", "context":{"id":"4d5552a6-d597-46d8-87c8-e9a7a5bbb8ca", "isDeleted:":"true", "version":"1677024386043"}}
{"logTime": "0227/074525", "correlationVector":"3q58Lgz21elHphC3CoH5+t.140","action":"GetUpdates", "result":"DeleteReceived", "context":{"id":"a4c74741-00fa-4142-9882-ebb25ad932e8", "isDeleted:":"true", "version":"1677024386044"}}
{"logTime": "0227/074525", "correlationVector":"3q58Lgz21elHphC3CoH5+t.141","action":"GetUpdates", "result":"DeleteReceived", "context":{"id":"ee7955a5-0863-4401-9be7-63eb1f7a05b2", "isDeleted:":"true", "version":"1677024386045"}}
{"logTime": "0227/074525", "correlationVector":"3q58Lgz21elHphC3CoH5+t.142","action":"GetUpdates", "result":"DeleteReceived", "context":{"id":"1e6e4dc9-0545-4bb9-9ff9-d85e79ad2c67", "isDeleted:":"true", "version":"1677024386046"}}
{"logTime": "0227/074525", "correlationVector":"3q58Lgz21elHphC3CoH5+t.143","action":"GetUpdates", "result":"DeleteReceived", "context":{"id":"86dd4f64-f4ab-4a1e-9364-3663e3f28c05", "isDeleted:":"true", "version":"1677024386047"}}
{"logTime": "0227/074525", "correlationVector":"3q58Lgz21elHphC3CoH5+t.144","action":"GetUpdates", "result":"DeleteReceived", "context":{"id":"8495ab27-96f6-4f23-aea0-6c02292f8e9a", "isDeleted:":"true", "version":"1677024386048"}}
{"logTime": "0227/074525", "correlationVector":"3q58Lgz21elHphC3CoH5+t.145","action":"GetUpdates", "result":"DeleteReceived", "context":{"id":"4787afe4-8b2f-466b-a8f2-6f7058758b88", "isDeleted:":"true", "version":"1677024386049"}}
{"logTime": "0227/074525", "correlationVector":"3q58Lgz21elHphC3CoH5+t.146","action":"GetUpdates", "result":"DeleteReceived", "context":{"id":"a8c39771-c3f5-49e5-adde-bb0994a35a7d", "isDeleted:":"true", "version":"1677024386050"}}
{"logTime": "0227/074525", "correlationVector":"3q58Lgz21elHphC3CoH5+t.147","action":"GetUpdates", "result":"DeleteReceived", "context":{"id":"17541fcc-0bc6-4fdb-9d98-2340eba3f639", "isDeleted:":"true", "version":"1677026193902"}}
{"logTime": "0227/074525", "correlationVector":"3q58Lgz21elHphC3CoH5+t.148","action":"GetUpdates", "result":"DeleteReceived", "context":{"id":"b789654f-5961-4d1f-9bdc-d8ff6a0259b1", "isDeleted:":"true", "version":"1677052691085"}}
{"logTime": "0227/074525", "correlationVector":"3q58Lgz21elHphC3CoH5+t.149","action":"GetUpdates", "result":"DeleteReceived", "context":{"id":"7ee4e012-2e52-4df4-a321-5b9e4786eacf", "isDeleted:":"true", "version":"1677073692632"}}
{"logTime": "0227/074525", "correlationVector":"3q58Lgz21elHphC3CoH5+t.150","action":"GetUpdates", "result":"DeleteReceived", "context":{"id":"3ec3b2f3-40a3-4e0f-998a-628a3b7aa414", "isDeleted:":"true", "version":"1677074172242"}}
{"logTime": "0227/074525", "correlationVector":"3q58Lgz21elHphC3CoH5+t.151","action":"GetUpdates", "result":"DeleteReceived", "context":{"id":"43975584-e351-401a-a350-4ca45ed6ba8c", "isDeleted:":"true", "version":"1677074715940"}}
{"logTime": "0227/074525", "correlationVector":"3q58Lgz21elHphC3CoH5+t.152","action":"GetUpdates", "result":"DeleteReceived", "context":{"id":"6d40575a-61b9-437e-97ed-22f6f52c13a4", "isDeleted:":"true", "version":"1677074715941"}}
{"logTime": "0227/074525", "correlationVector":"3q58Lgz21elHphC3CoH5+t.153","action":"GetUpdates", "result":"DeleteReceived", "context":{"id":"f39f70c4-36a8-4844-acbf-cd4c42d9d4f9", "isDeleted:":"true", "version":"1677074715942"}}
{"logTime": "0227/074525", "correlationVector":"3q58Lgz21elHphC3CoH5+t.154","action":"GetUpdates", "result":"DeleteReceived", "context":{"id":"36ef863c-2ccb-47e2-8eef-4254fc9962ee", "isDeleted:":"true", "version":"1677074715943"}}
{"logTime": "0227/074525", "correlationVector":"3q58Lgz21elHphC3CoH5+t.155","action":"GetUpdates", "result":"DeleteReceived", "context":{"id":"23fc9121-d31e-40a5-9586-002c428b0a18", "isDeleted:":"true", "version":"1677074855562"}}
{"logTime": "0227/074525", "correlationVector":"3q58Lgz21elHphC3CoH5+t.156","action":"GetUpdates", "result":"DeleteReceived", "context":{"id":"46e234d3-d6ff-4660-9c76-19867a74611c", "isDeleted:":"true", "version":"1677075308585"}}
{"logTime": "0227/074525", "correlationVector":"3q58Lgz21elHphC3CoH5+t.157","action":"GetUpdates", "result":"DeleteReceived", "context":{"id":"b7f0dccd-e33b-4166-be26-9e4d053c93c3", "isDeleted:":"true", "version":"1677075308587"}}
{"logTime": "0227/074525", "correlationVector":"3q58Lgz21elHphC3CoH5+t.158","action":"GetUpdates", "result":"DeleteReceived", "context":{"id":"a5072c9e-6b7b-4259-8b3d-005452345156", "isDeleted:":"true", "version":"1677075412451"}}
{"logTime": "0227/074525", "correlationVector":"3q58Lgz21elHphC3CoH5+t.159","action":"GetUpdates", "result":"DeleteReceived", "context":{"id":"50ce5321-48ee-4078-b10f-bf0b2ef9e000", "isDeleted:":"true", "version":"1677079120927"}}
{"logTime": "0227/074525", "correlationVector":"3q58Lgz21elHphC3CoH5+t.160","action":"GetUpdates", "result":"DeleteReceived", "context":{"id":"4284cbe8-c02a-446a-85e1-e5a422c605bb", "isDeleted:":"true", "version":"1677079153124"}}
{"logTime": "0227/074525", "correlationVector":"3q58Lgz21elHphC3CoH5+t.161","action":"GetUpdates", "result":"DeleteReceived", "context":{"id":"dc5a77ce-a8fa-4183-b70f-6c16224ff487", "isDeleted:":"true", "version":"1677084779814"}}
{"logTime": "0227/074525", "correlationVector":"3q58Lgz21elHphC3CoH5+t.162","action":"GetUpdates", "result":"DeleteReceived", "context":{"id":"0e34b12c-9c91-406e-9a36-ecbf4a6c093d", "isDeleted:":"true", "version":"1677084779815"}}
{"logTime": "0227/074525", "correlationVector":"3q58Lgz21elHphC3CoH5+t.163","action":"GetUpdates", "result":"DeleteReceived", "context":{"id":"0dda31c6-efab-4c05-9364-9bcb84f617db", "isDeleted:":"true", "version":"1677084779817"}}
{"logTime": "0227/074525", "correlationVector":"3q58Lgz21elHphC3CoH5+t.164","action":"GetUpdates", "result":"DeleteReceived", "context":{"id":"e449d121-32c4-4ec7-a015-a6e9f9e0d40d", "isDeleted:":"true", "version":"1677084779818"}}
{"logTime": "0227/074525", "correlationVector":"3q58Lgz21elHphC3CoH5+t.165","action":"GetUpdates", "result":"DeleteReceived", "context":{"id":"86bea77e-b72e-4705-902e-5220c64a1eb2", "isDeleted:":"true", "version":"1677084779819"}}
{"logTime": "0227/074525", "correlationVector":"3q58Lgz21elHphC3CoH5+t.166","action":"GetUpdates", "result":"DeleteReceived", "context":{"id":"0edea73a-3b4e-47a6-8b8d-8ce3b8ec837b", "isDeleted:":"true", "version":"1677084779820"}}
{"logTime": "0227/074525", "correlationVector":"3q58Lgz21elHphC3CoH5+t.167","action":"GetUpdates", "result":"DeleteReceived", "context":{"id":"731c23de-ff73-446a-9fe3-4d3b71ecd8ff", "isDeleted:":"true", "version":"1677084779822"}}
{"logTime": "0227/074525", "correlationVector":"3q58Lgz21elHphC3CoH5+t.168","action":"GetUpdates", "result":"DeleteReceived", "context":{"id":"55fe203e-1b16-4a51-8802-16d83a575207", "isDeleted:":"true", "version":"1677084779823"}}
{"logTime": "0227/074525", "correlationVector":"3q58Lgz21elHphC3CoH5+t.169","action":"GetUpdates", "result":"DeleteReceived", "context":{"id":"1dc5f715-13a4-4cfe-885d-94d0f509c3a1", "isDeleted:":"true", "version":"1677084779824"}}
{"logTime": "0227/074525", "correlationVector":"3q58Lgz21elHphC3CoH5+t.170","action":"GetUpdates", "result":"DeleteReceived", "context":{"id":"ff9fa09a-a411-4953-8867-fdd54e9d4831", "isDeleted:":"true", "version":"1677084779825"}}
{"logTime": "0227/074525", "correlationVector":"3q58Lgz21elHphC3CoH5+t.171","action":"GetUpdates", "result":"DeleteReceived", "context":{"id":"ce8c9bfd-34c4-427a-bb97-701d9cf34a54", "isDeleted:":"true", "version":"1677084779826"}}
{"logTime": "0227/074525", "correlationVector":"3q58Lgz21elHphC3CoH5+t.172","action":"GetUpdates", "result":"DeleteReceived", "context":{"id":"c1f4a60d-af5a-41a5-bf9f-a22bfd707fe4", "isDeleted:":"true", "version":"1677084779827"}}
{"logTime": "0227/074525", "correlationVector":"3q58Lgz21elHphC3CoH5+t.173","action":"GetUpdates", "result":"DeleteReceived", "context":{"id":"d7aace39-6f39-4a04-9eda-57d134368fb5", "isDeleted:":"true", "version":"1677085021875"}}
{"logTime": "0227/074525", "correlationVector":"3q58Lgz21elHphC3CoH5+t.174","action":"GetUpdates", "result":"DeleteReceived", "context":{"id":"a0fcb8b8-6ff8-4a2f-837f-834fa9905fb8", "isDeleted:":"true", "version":"1677085460142"}}
{"logTime": "0227/074525", "correlationVector":"3q58Lgz21elHphC3CoH5+t.175","action":"GetUpdates", "result":"DeleteReceived", "context":{"id":"7ff852d3-8c01-4711-8cf3-ee2e66c584d7", "isDeleted:":"true", "version":"1677088264901"}}
{"logTime": "0227/074525", "correlationVector":"3q58Lgz21elHphC3CoH5+t.176","action":"GetUpdates", "result":"DeleteReceived", "context":{"id":"7e4ac127-58a0-45d0-bd6f-d130a799385b", "isDeleted:":"true", "version":"1677088264903"}}
{"logTime": "0227/074525", "correlationVector":"3q58Lgz21elHphC3CoH5+t.177","action":"GetUpdates", "result":"DeleteReceived", "context":{"id":"5c7e4d19-f802-449d-833f-bf77a582fdf7", "isDeleted:":"true", "version":"1677098571594"}}
{"logTime": "0227/074525", "correlationVector":"3q58Lgz21elHphC3CoH5+t.178","action":"GetUpdates", "result":"DeleteReceived", "context":{"id":"dc565baf-ecb3-4e97-8139-0437ec003015", "isDeleted:":"true", "version":"1677135503787"}}
{"logTime": "0227/074525", "correlationVector":"3q58Lgz21elHphC3CoH5+t.179","action":"GetUpdates", "result":"DeleteReceived", "context":{"id":"d807e7bc-8492-45db-affc-1cbacbffd3ed", "isDeleted:":"true", "version":"1677135503788"}}
{"logTime": "0227/074525", "correlationVector":"3q58Lgz21elHphC3CoH5+t.180","action":"GetUpdates", "result":"DeleteReceived", "context":{"id":"e664b955-6adf-4b78-beb5-4cf2464a02cf", "isDeleted:":"true", "version":"1677135503789"}}
{"logTime": "0227/074525", "correlationVector":"3q58Lgz21elHphC3CoH5+t.181","action":"GetUpdates", "result":"DeleteReceived", "context":{"id":"a779ead3-e761-4f29-b984-b1dd30b680dc", "isDeleted:":"true", "version":"1677146972050"}}
{"logTime": "0227/074525", "correlationVector":"3q58Lgz21elHphC3CoH5+t.182","action":"GetUpdates", "result":"DeleteReceived", "context":{"id":"ebe5eb91-f61b-409e-87da-6ad57711fc17", "isDeleted:":"true", "version":"1677146972051"}}
{"logTime": "0227/074525", "correlationVector":"3q58Lgz21elHphC3CoH5+t.183","action":"GetUpdates", "result":"DeleteReceived", "context":{"id":"59cac32f-22e3-4824-aa05-749d70b524c1", "isDeleted:":"true", "version":"1677146972052"}}
{"logTime": "0227/074525", "correlationVector":"3q58Lgz21elHphC3CoH5+t.184","action":"GetUpdates", "result":"DeleteReceived", "context":{"id":"3f7f5e01-7563-4f5e-a79e-ca5b385ee7fd", "isDeleted:":"true", "version":"1677146972053"}}
{"logTime": "0227/074525", "correlationVector":"3q58Lgz21elHphC3CoH5+t.185","action":"GetUpdates", "result":"DeleteReceived", "context":{"id":"8fae4a72-2ae2-4c0d-92d9-e90eb63dbd5c", "isDeleted:":"true", "version":"1677146972054"}}
{"logTime": "0227/074525", "correlationVector":"3q58Lgz21elHphC3CoH5+t.186","action":"GetUpdates", "result":"DeleteReceived", "context":{"id":"38165551-1a18-49ed-8762-f547700ee912", "isDeleted:":"true", "version":"1677146972055"}}
{"logTime": "0227/074525", "correlationVector":"3q58Lgz21elHphC3CoH5+t.187","action":"GetUpdates", "result":"DeleteReceived", "context":{"id":"d2bd5ff2-57ad-4f92-bd85-a16510e7b135", "isDeleted:":"true", "version":"1677146972057"}}
{"logTime": "0227/074525", "correlationVector":"3q58Lgz21elHphC3CoH5+t.188","action":"GetUpdates", "result":"DeleteReceived", "context":{"id":"101bfca3-0c87-49ae-b149-0943e0cc6923", "isDeleted:":"true", "version":"1677146972058"}}
{"logTime": "0227/074525", "correlationVector":"3q58Lgz21elHphC3CoH5+t.189","action":"GetUpdates", "result":"DeleteReceived", "context":{"id":"82d7f0bd-34a5-4946-894e-c82f7b2d86f8", "isDeleted:":"true", "version":"1677146972059"}}
{"logTime": "0227/074525", "correlationVector":"3q58Lgz21elHphC3CoH5+t.190","action":"GetUpdates", "result":"DeleteReceived", "context":{"id":"b7a6fbfe-92ec-4b62-955c-198b16b68acb", "isDeleted:":"true", "version":"1677319371876"}}
{"logTime": "0227/074525", "correlationVector":"3q58Lgz21elHphC3CoH5+t.191","action":"GetUpdates", "result":"DeleteReceived", "context":{"id":"151f9828-f9ab-4bb2-b2ad-1b9cb9adb8d3", "isDeleted:":"true", "version":"1677319371877"}}
{"logTime": "0227/074525", "correlationVector":"3q58Lgz21elHphC3CoH5+t.192","action":"GetUpdates", "result":"DeleteReceived", "context":{"id":"33e30158-1a95-4d86-bda6-448736b4adaf", "isDeleted:":"true", "version":"1677319371878"}}
{"logTime": "0227/074525", "correlationVector":"3q58Lgz21elHphC3CoH5+t.193","action":"GetUpdates", "result":"DeleteReceived", "context":{"id":"fe4b190e-f095-4453-ac6d-3d64b8da3034", "isDeleted:":"true", "version":"1677319371879"}}
{"logTime": "0227/074525", "correlationVector":"3q58Lgz21elHphC3CoH5+t.194","action":"GetUpdates", "result":"DeleteReceived", "context":{"id":"313cb994-e6d0-4884-8bda-6d2a6ba301ab", "isDeleted:":"true", "version":"1677319371880"}}
{"logTime": "0227/074525", "correlationVector":"3q58Lgz21elHphC3CoH5+t.195","action":"GetUpdates", "result":"DeleteReceived", "context":{"id":"67d519b3-8cbc-4bbd-b7e1-52e18ddc2986", "isDeleted:":"true", "version":"1677319371881"}}
{"logTime": "0227/074525", "correlationVector":"3q58Lgz21elHphC3CoH5+t.196","action":"GetUpdates", "result":"DeleteReceived", "context":{"id":"122b395a-ea02-4bb9-9a0c-34c615e27cad", "isDeleted:":"true", "version":"1677319371882"}}
{"logTime": "0227/074525", "correlationVector":"3q58Lgz21elHphC3CoH5+t.197","action":"GetUpdates", "result":"DeleteReceived", "context":{"id":"23b97356-441b-484f-b3c0-905db6657b6b", "isDeleted:":"true", "version":"1677319371883"}}
{"logTime": "0227/074525", "correlationVector":"3q58Lgz21elHphC3CoH5+t.198","action":"GetUpdates", "result":"DeleteReceived", "context":{"id":"cb4747fb-b0bc-4118-b791-96576e1a88e0", "isDeleted:":"true", "version":"1677319371884"}}
{"logTime": "0227/074525", "correlationVector":"3q58Lgz21elHphC3CoH5+t.199","action":"GetUpdates", "result":"DeleteReceived", "context":{"id":"30b44472-edb1-4664-9588-455a4b337680", "isDeleted:":"true", "version":"1677319371886"}}
{"logTime": "0227/074525", "correlationVector":"3q58Lgz21elHphC3CoH5+t.200","action":"GetUpdates", "result":"DeleteReceived", "context":{"id":"02e014d7-7522-4136-8480-4f382f26d11e", "isDeleted:":"true", "version":"1677319371887"}}
{"logTime": "0227/074525", "correlationVector":"3q58Lgz21elHphC3CoH5+t.201","action":"GetUpdates", "result":"DeleteReceived", "context":{"id":"40f14985-c3cd-4d1e-80c5-883be5d9e744", "isDeleted:":"true", "version":"1677319371888"}}
{"logTime": "0227/074525", "correlationVector":"3q58Lgz21elHphC3CoH5+t.202","action":"GetUpdates", "result":"DeleteReceived", "context":{"id":"f293c88d-88e2-4fe0-9e91-4529a6799bef", "isDeleted:":"true", "version":"1677421203074"}}
{"logTime": "0227/074525", "correlationVector":"3q58Lgz21elHphC3CoH5+t.203","action":"GetUpdates", "result":"DeleteReceived", "context":{"id":"d19a5d40-1e08-404a-aab0-12cf37315b2a", "isDeleted:":"true", "version":"1677421203075"}}
{"logTime": "0227/074525", "correlationVector":"3q58Lgz21elHphC3CoH5+t.204","action":"GetUpdates", "result":"DeleteReceived", "context":{"id":"f1bab0aa-82ee-46d2-a076-84a71e8bc79b", "isDeleted:":"true", "version":"1677421203077"}}
{"logTime": "0227/074525", "correlationVector":"3q58Lgz21elHphC3CoH5+t.205","action":"GetUpdates", "result":"DeleteReceived", "context":{"id":"ccd90a19-eddd-4c46-a317-5d3e4952fde1", "isDeleted:":"true", "version":"1677421399613"}}
{"logTime": "0227/074525", "correlationVector":"3q58Lgz21elHphC3CoH5+t.206","action":"GetUpdates", "result":"DeleteReceived", "context":{"id":"ece1cf24-e66f-4f46-86f2-e7ef3cae0d22", "isDeleted:":"true", "version":"1677421584622"}}
{"logTime": "0227/074525", "correlationVector":"3q58Lgz21elHphC3CoH5+t.207","action":"GetUpdates", "result":"DeleteReceived", "context":{"id":"8067df9f-c52a-4c01-8b13-346a1a08c6d4", "isDeleted:":"true", "version":"1677451258094"}}
{"logTime": "0227/074525", "correlationVector":"3q58Lgz21elHphC3CoH5+t.208","action":"GetUpdates", "result":"DeleteReceived", "context":{"id":"2089c0f3-9cb3-49fb-bf66-7eb8b9f1aaa3", "isDeleted:":"true", "version":"1677451258095"}}
{"logTime": "0227/074525", "correlationVector":"3q58Lgz21elHphC3CoH5+t.209","action":"GetUpdates", "result":"DeleteReceived", "context":{"id":"4906fd7a-0faf-40f9-b98e-c2b39e5abc7f", "isDeleted:":"true", "version":"1677451258097"}}
{"logTime": "0227/074525", "correlationVector":"3q58Lgz21elHphC3CoH5+t.210","action":"GetUpdates", "result":"DeleteReceived", "context":{"id":"52588ab8-e1f0-43ac-b8cd-58efac7cf1f7", "isDeleted:":"true", "version":"1677451258098"}}
{"logTime": "0227/074525", "correlationVector":"3q58Lgz21elHphC3CoH5+t.211","action":"GetUpdates", "result":"DeleteReceived", "context":{"id":"e1e4ed25-57ca-4363-b2f1-b32a7537fca6", "isDeleted:":"true", "version":"1677451258099"}}
{"logTime": "0227/074525", "correlationVector":"3q58Lgz21elHphC3CoH5+t.212","action":"GetUpdates", "result":"DeleteReceived", "context":{"id":"ede21247-e21e-4c8c-ba92-cf27e7b0d710", "isDeleted:":"true", "version":"1677451346060"}}
{"logTime": "0227/074525", "correlationVector":"3q58Lgz21elHphC3CoH5+t.213","action":"GetUpdates", "result":"DeleteReceived", "context":{"id":"25df7ba0-a587-4bd1-ae84-b9cd8a05fbbb", "isDeleted:":"true", "version":"1677451346061"}}
{"logTime": "0227/074525", "correlationVector":"3q58Lgz21elHphC3CoH5+t.214","action":"GetUpdates", "result":"DeleteReceived", "context":{"id":"40b56d82-d2cc-4cf2-8db4-e81193d7a5e5", "isDeleted:":"true", "version":"1677451346063"}}
{"logTime": "0227/074525", "correlationVector":"3q58Lgz21elHphC3CoH5+t.215","action":"GetUpdates", "result":"DeleteReceived", "context":{"id":"2099d457-d0f6-4063-ace7-340170bd1f95", "isDeleted:":"true", "version":"1677451346065"}}
{"logTime": "0227/074525", "correlationVector":"3q58Lgz21elHphC3CoH5+t.216","action":"GetUpdates", "result":"DeleteReceived", "context":{"id":"147c2043-6c32-4ce3-af77-1e7934153154", "isDeleted:":"true", "version":"1677451346066"}}
{"logTime": "0227/074525", "correlationVector":"3q58Lgz21elHphC3CoH5+t.217","action":"GetUpdates", "result":"DeleteReceived", "context":{"id":"f27fc03c-ad98-4ebb-a255-975914a1e825", "isDeleted:":"true", "version":"1677451383400"}}
{"logTime": "0227/074525", "correlationVector":"3q58Lgz21elHphC3CoH5+t.218","action":"GetUpdates Response", "result":"SYNCER_OK", "context":Received 249 update(s). cV=3q58Lgz21elHphC3CoH5+t.0;server=general01000023;cloudType=Consumer;environment=Prod_WestEurope_x00e}
{"logTime": "0227/074525", "correlationVector":"TcUGPEQsWgJcNbNSahe9eB","action":"Normal GetUpdate request", "result":"", "context":cV=TcUGPEQsWgJcNbNSahe9eB
Nudged types: Bookmarks, Typed URLs, Sessions, Device Info, User Consents
Refresh requested types: Bookmarks, Preferences, Passwords, Autofill, Autofill Custom Data, Typed URLs, Extensions, Sessions, Extension settings, History Delete Directives, Device Info, User Consents, Send Tab To Self, Web Apps, Collection, Encryption Keys}
{"logTime": "0227/074525", "correlationVector":"TcUGPEQsWgJcNbNSahe9eB.1","action":"SyncServerConnectionManagerRequest", "result":"SYNC_SERVER_OK", "context":{"environment":"Prod_WestEurope_x00e", "server":"general0100001A"}}
{"logTime": "0227/074525", "correlationVector":"TcUGPEQsWgJcNbNSahe9eB.2","action":"GetUpdates Response", "result":"SYNCER_OK", "context":Received 0 update(s). cV=TcUGPEQsWgJcNbNSahe9eB.0;server=general0100001A;cloudType=Consumer;environment=Prod_WestEurope_x00e}
{"logTime": "0227/074525", "correlationVector":"ZkVetp6rM6+izvWNw0rMKy","action":"Commit Request", "result":"", "context":Item count: 1
Contributing types: Device Info}
{"logTime": "0227/074525", "correlationVector":"ZkVetp6rM6+izvWNw0rMKy.1","action":"SyncServerConnectionManagerRequest", "result":"SYNC_SERVER_OK", "context":{"environment":"Prod_WestEurope_x00e", "server":"GENERAL01000004"}}
{"logTime": "0227/074525", "correlationVector":"ZkVetp6rM6+izvWNw0rMKy.2","action":"Commit Response", "result":"SYNCER_OK", "context":Result: SYNCER_OK. cV=ZkVetp6rM6+izvWNw0rMKy.0;server=GENERAL01000004;cloudType=Consumer;environment=Prod_WestEurope_x00e}
{"logTime": "0227/074525", "correlationVector":"8Mtj7jLZE1qOT2O7YJfz/u","action":"Commit Request", "result":"", "context":Item count: 18
Contributing types: Bookmarks, Typed URLs, Sessions, User Consents}
{"logTime": "0227/074526", "correlationVector":"8Mtj7jLZE1qOT2O7YJfz/u.1","action":"SyncServerConnectionManagerRequest", "result":"SYNC_SERVER_OK", "context":{"environment":"Prod_WestEurope_x00e", "server":"GENERAL01000008"}}
{"logTime": "0227/074526", "correlationVector":"8Mtj7jLZE1qOT2O7YJfz/u.2","action":"Commit Response", "result":"SYNCER_OK", "context":Result: SYNCER_OK. cV=8Mtj7jLZE1qOT2O7YJfz/u.0;server=GENERAL01000008;cloudType=Consumer;environment=Prod_WestEurope_x00e}
{"logTime": "0227/074601", "correlationVector":"qj8rnEy86a7La+fkINRLEu","action":"Commit Request", "result":"", "context":Item count: 5
Contributing types: Sessions}
{"logTime": "0227/074601", "correlationVector":"qj8rnEy86a7La+fkINRLEu.1","action":"SyncServerConnectionManagerRequest", "result":"SYNC_SERVER_OK", "context":{"environment":"Prod_WestEurope_000l", "server":"GENERAL0100000Z"}}
{"logTime": "0227/074601", "correlationVector":"qj8rnEy86a7La+fkINRLEu.2","action":"Commit Response", "result":"SYNCER_OK", "context":Result: SYNCER_OK. cV=qj8rnEy86a7La+fkINRLEu.0;server=GENERAL0100000Z;cloudType=Consumer;environment=Prod_WestEurope_000l}
{"logTime": "0227/074606", "correlationVector":"KBwLkELnIljMelm5m9kPeW","action":"Commit Request", "result":"", "context":Item count: 3
Contributing types: Extensions, Sessions}
{"logTime": "0227/074606", "correlationVector":"KBwLkELnIljMelm5m9kPeW.1","action":"SyncServerConnectionManagerRequest", "result":"SYNC_SERVER_OK", "context":{"environment":"Prod_NorthEurope_000h", "server":"GENERAL0100000Q"}}
{"logTime": "0227/074606", "correlationVector":"KBwLkELnIljMelm5m9kPeW.3","action":"Commit.Sessions", "result":"Success", "context":{"id":"71c94dbd-e36b-48a1-820e-cb76f430eb19", "isDeleted":"true", "size":"0", "version":"1677483963580"}}
{"logTime": "0227/074606", "correlationVector":"KBwLkELnIljMelm5m9kPeW.4","action":"Commit.Sessions", "result":"Success", "context":{"id":"2e5d8236-7441-4b09-9d8c-32ea1bfbed5b", "isDeleted":"true", "size":"0", "version":"1677483963582"}}
{"logTime": "0227/074606", "correlationVector":"KBwLkELnIljMelm5m9kPeW.2","action":"Commit Response", "result":"SYNCER_OK", "context":Result: SYNCER_OK. cV=KBwLkELnIljMelm5m9kPeW.0;server=GENERAL0100000Q;cloudType=Consumer;environment=Prod_NorthEurope_000h}
{"logTime": "0227/074608", "correlationVector":"L85rEBCYYs7mQtpIveml7a","action":"Commit Request", "result":"", "context":Item count: 1
Contributing types: Extensions}
{"logTime": "0227/074609", "correlationVector":"L85rEBCYYs7mQtpIveml7a.1","action":"SyncServerConnectionManagerRequest", "result":"SYNC_SERVER_OK", "context":{"environment":"Prod_WestEurope_x00e", "server":"general0100000Y"}}
{"logTime": "0227/074609", "correlationVector":"L85rEBCYYs7mQtpIveml7a.2","action":"Commit Response", "result":"SYNCER_OK", "context":Result: SYNCER_OK. cV=L85rEBCYYs7mQtpIveml7a.0;server=general0100000Y;cloudType=Consumer;environment=Prod_WestEurope_x00e}
{"logTime": "0227/074614", "correlationVector":"oRw0aaSL1IDlDe7pZfaa3a","action":"Commit Request", "result":"", "context":Item count: 1
Contributing types: Extensions}
{"logTime": "0227/074614", "correlationVector":"oRw0aaSL1IDlDe7pZfaa3a.1","action":"SyncServerConnectionManagerRequest", "result":"SYNC_SERVER_OK", "context":{"environment":"Prod_WestEurope_x00e", "server":"GENERAL0100001T"}}
{"logTime": "0227/074614", "correlationVector":"oRw0aaSL1IDlDe7pZfaa3a.2","action":"Commit Response", "result":"SYNCER_OK", "context":Result: SYNCER_OK. cV=oRw0aaSL1IDlDe7pZfaa3a.0;server=GENERAL0100001T;cloudType=Consumer;environment=Prod_WestEurope_x00e}
{"logTime": "0227/074650", "correlationVector":"qyD3+PZM/0VrlybWc7VK8M","action":"Commit Request", "result":"", "context":Item count: 1
Contributing types: Device Info}
{"logTime": "0227/074650", "correlationVector":"qyD3+PZM/0VrlybWc7VK8M.1","action":"SyncServerConnectionManagerRequest", "result":"SYNC_SERVER_OK", "context":{"environment":"Prod_WestEurope_x00e", "server":"GENERAL0100000W"}}
{"logTime": "0227/074650", "correlationVector":"qyD3+PZM/0VrlybWc7VK8M.2","action":"Commit Response", "result":"SYNCER_OK", "context":Result: SYNCER_OK. cV=qyD3+PZM/0VrlybWc7VK8M.0;server=GENERAL0100000W;cloudType=Consumer;environment=Prod_WestEurope_x00e}
{"logTime": "0227/074650", "correlationVector":"rz6GJNbJCQfb4anRf+lAxv","action":"Commit Request", "result":"", "context":Item count: 2
Contributing types: Sessions}
{"logTime": "0227/074650", "correlationVector":"rz6GJNbJCQfb4anRf+lAxv.1","action":"SyncServerConnectionManagerRequest", "result":"SYNC_SERVER_OK", "context":{"environment":"Prod_WestEurope_x00e", "server":"general01000020"}}
{"logTime": "0227/074650", "correlationVector":"rz6GJNbJCQfb4anRf+lAxv.2","action":"Commit Response", "result":"SYNCER_OK", "context":Result: SYNCER_OK. cV=rz6GJNbJCQfb4anRf+lAxv.0;server=general01000020;cloudType=Consumer;environment=Prod_WestEurope_x00e}
{"logTime": "0227/074658", "correlationVector":"GFkg8ki3N9MA3bDduQkNV8","action":"Commit Request", "result":"", "context":Item count: 2
Contributing types: Extensions, Sessions}
{"logTime": "0227/074658", "correlationVector":"GFkg8ki3N9MA3bDduQkNV8.1","action":"SyncServerConnectionManagerRequest", "result":"SYNC_SERVER_OK", "context":{"environment":"Prod_NorthEurope_000h", "server":"GENERAL01000023"}}
{"logTime": "0227/074658", "correlationVector":"GFkg8ki3N9MA3bDduQkNV8.3","action":"Commit.Sessions", "result":"Success", "context":{"id":"79ca3f1b-7e13-4011-a1f4-94bc1b47ab79", "isDeleted":"true", "size":"0", "version":"1677484012584"}}
{"logTime": "0227/074658", "correlationVector":"GFkg8ki3N9MA3bDduQkNV8.2","action":"Commit Response", "result":"SYNCER_OK", "context":Result: SYNCER_OK. cV=GFkg8ki3N9MA3bDduQkNV8.0;server=GENERAL01000023;cloudType=Consumer;environment=Prod_NorthEurope_000h}
{"logTime": "0227/074659", "correlationVector":"6BUhmkjZASYXHCBKySBOgx","action":"Commit Request", "result":"", "context":Item count: 1
Contributing types: Extensions}
{"logTime": "0227/074659", "correlationVector":"6BUhmkjZASYXHCBKySBOgx.1","action":"SyncServerConnectionManagerRequest", "result":"SYNC_SERVER_OK", "context":{"environment":"Prod_WestEurope_x00e", "server":"GENERAL0100000F"}}
{"logTime": "0227/074659", "correlationVector":"6BUhmkjZASYXHCBKySBOgx.2","action":"Commit Response", "result":"SYNCER_OK", "context":Result: SYNCER_OK. cV=6BUhmkjZASYXHCBKySBOgx.0;server=GENERAL0100000F;cloudType=Consumer;environment=Prod_WestEurope_x00e}
{"logTime": "0227/074747", "correlationVector":"X7M1pgelG62KSAhOAcIGOv","action":"Commit Request", "result":"", "context":Item count: 1
Contributing types: Device Info}
{"logTime": "0227/074747", "correlationVector":"X7M1pgelG62KSAhOAcIGOv.1","action":"SyncServerConnectionManagerRequest", "result":"SYNC_SERVER_OK", "context":{"environment":"Prod_WestEurope_x00e", "server":"GENERAL01000025"}}
{"logTime": "0227/074747", "correlationVector":"X7M1pgelG62KSAhOAcIGOv.2","action":"Commit Response", "result":"SYNCER_OK", "context":Result: SYNCER_OK. cV=X7M1pgelG62KSAhOAcIGOv.0;server=GENERAL01000025;cloudType=Consumer;environment=Prod_WestEurope_x00e}
{"logTime": "0227/074747", "correlationVector":"Sz9oyVdHiCyBnjmJBfO+pv","action":"Commit Request", "result":"", "context":Item count: 2
Contributing types: Preferences}
{"logTime": "0227/074747", "correlationVector":"Sz9oyVdHiCyBnjmJBfO+pv.1","action":"SyncServerConnectionManagerRequest", "result":"SYNC_SERVER_OK", "context":{"environment":"Prod_WestEurope_x00e", "server":"GENERAL01000018"}}
{"logTime": "0227/074747", "correlationVector":"Sz9oyVdHiCyBnjmJBfO+pv.2","action":"Commit Response", "result":"SYNCER_OK", "context":Result: SYNCER_OK. cV=Sz9oyVdHiCyBnjmJBfO+pv.0;server=GENERAL01000018;cloudType=Consumer;environment=Prod_WestEurope_x00e}
{"logTime": "0227/074821", "correlationVector":"xj/RT88iCzjhkQa6phTywt","action":"Commit Request", "result":"", "context":Item count: 1
Contributing types: Sessions}
{"logTime": "0227/074821", "correlationVector":"xj/RT88iCzjhkQa6phTywt.1","action":"SyncServerConnectionManagerRequest", "result":"SYNC_SERVER_OK", "context":{"environment":"Prod_WestEurope_x00e", "server":"GENERAL0100001H"}}
{"logTime": "0227/074821", "correlationVector":"xj/RT88iCzjhkQa6phTywt.2","action":"Commit Response", "result":"SYNCER_OK", "context":Result: SYNCER_OK. cV=xj/RT88iCzjhkQa6phTywt.0;server=GENERAL0100001H;cloudType=Consumer;environment=Prod_WestEurope_x00e}
{"logTime": "0227/074907", "correlationVector":"vrZMN6HHXgjSt62niRsL4x","action":"Commit Request", "result":"", "context":Item count: 4
Contributing types: Passwords, Typed URLs, Sessions}
{"logTime": "0227/074907", "correlationVector":"vrZMN6HHXgjSt62niRsL4x.1","action":"SyncServerConnectionManagerRequest", "result":"SYNC_SERVER_OK", "context":{"environment":"Prod_NorthEurope_000h", "server":"GENERAL0100002P"}}
{"logTime": "0227/074907", "correlationVector":"vrZMN6HHXgjSt62niRsL4x.3","action":"Commit.Typed URLs", "result":"Success", "context":{"id":"47d50ee9-a8f0-4771-b8c0-0b29f9b021f2", "isDeleted":"true", "size":"0", "version":"1671475887009"}}
{"logTime": "0227/074907", "correlationVector":"vrZMN6HHXgjSt62niRsL4x.2","action":"Commit Response", "result":"SYNCER_OK", "context":Result: SYNCER_OK. cV=vrZMN6HHXgjSt62niRsL4x.0;server=GENERAL0100002P;cloudType=Consumer;environment=Prod_NorthEurope_000h}
{"logTime": "0227/074913", "correlationVector":"iuj1U5UKMEXCrbORfVJull","action":"Normal GetUpdate request", "result":"", "context":cV=iuj1U5UKMEXCrbORfVJull
Notified types: Passwords}
{"logTime": "0227/074913", "correlationVector":"iuj1U5UKMEXCrbORfVJull.1","action":"SyncServerConnectionManagerRequest", "result":"SYNC_SERVER_OK", "context":{"environment":"Prod_WestEurope_x00e", "server":"general0100002C"}}
{"logTime": "0227/074913", "correlationVector":"iuj1U5UKMEXCrbORfVJull.2","action":"GetUpdates", "result":"DeleteReceived", "context":{"id":"47d50ee9-a8f0-4771-b8c0-0b29f9b021f2", "isDeleted:":"true", "version":"1677484149293"}}
{"logTime": "0227/074913", "correlationVector":"iuj1U5UKMEXCrbORfVJull.3","action":"GetUpdates", "result":"DeleteReceived", "context":{"id":"f293c88d-88e2-4fe0-9e91-4529a6799bef", "isDeleted:":"true", "version":"1677421203074"}}
{"logTime": "0227/074913", "correlationVector":"iuj1U5UKMEXCrbORfVJull.4","action":"GetUpdates", "result":"DeleteReceived", "context":{"id":"d19a5d40-1e08-404a-aab0-12cf37315b2a", "isDeleted:":"true", "version":"1677421203075"}}
{"logTime": "0227/074913", "correlationVector":"iuj1U5UKMEXCrbORfVJull.5","action":"GetUpdates", "result":"DeleteReceived", "context":{"id":"f1bab0aa-82ee-46d2-a076-84a71e8bc79b", "isDeleted:":"true", "version":"1677421203077"}}
{"logTime": "0227/074913", "correlationVector":"iuj1U5UKMEXCrbORfVJull.6","action":"GetUpdates", "result":"DeleteReceived", "context":{"id":"ccd90a19-eddd-4c46-a317-5d3e4952fde1", "isDeleted:":"true", "version":"1677421399613"}}
{"logTime": "0227/074913", "correlationVector":"iuj1U5UKMEXCrbORfVJull.7","action":"GetUpdates", "result":"DeleteReceived", "context":{"id":"ece1cf24-e66f-4f46-86f2-e7ef3cae0d22", "isDeleted:":"true", "version":"1677421584622"}}
{"logTime": "0227/074913", "correlationVector":"iuj1U5UKMEXCrbORfVJull.8","action":"GetUpdates", "result":"DeleteReceived", "context":{"id":"8067df9f-c52a-4c01-8b13-346a1a08c6d4", "isDeleted:":"true", "version":"1677451258094"}}
{"logTime": "0227/074913", "correlationVector":"iuj1U5UKMEXCrbORfVJull.9","action":"GetUpdates", "result":"DeleteReceived", "context":{"id":"2089c0f3-9cb3-49fb-bf66-7eb8b9f1aaa3", "isDeleted:":"true", "version":"1677451258095"}}
{"logTime": "0227/074913", "correlationVector":"iuj1U5UKMEXCrbORfVJull.10","action":"GetUpdates", "result":"DeleteReceived", "context":{"id":"4906fd7a-0faf-40f9-b98e-c2b39e5abc7f", "isDeleted:":"true", "version":"1677451258097"}}
{"logTime": "0227/074913", "correlationVector":"iuj1U5UKMEXCrbORfVJull.11","action":"GetUpdates", "result":"DeleteReceived", "context":{"id":"52588ab8-e1f0-43ac-b8cd-58efac7cf1f7", "isDeleted:":"true", "version":"1677451258098"}}
{"logTime": "0227/074913", "correlationVector":"iuj1U5UKMEXCrbORfVJull.12","action":"GetUpdates", "result":"DeleteReceived", "context":{"id":"e1e4ed25-57ca-4363-b2f1-b32a7537fca6", "isDeleted:":"true", "version":"1677451258099"}}
{"logTime": "0227/074913", "correlationVector":"iuj1U5UKMEXCrbORfVJull.13","action":"GetUpdates", "result":"DeleteReceived", "context":{"id":"ede21247-e21e-4c8c-ba92-cf27e7b0d710", "isDeleted:":"true", "version":"1677451346060"}}
{"logTime": "0227/074913", "correlationVector":"iuj1U5UKMEXCrbORfVJull.14","action":"GetUpdates", "result":"DeleteReceived", "context":{"id":"25df7ba0-a587-4bd1-ae84-b9cd8a05fbbb", "isDeleted:":"true", "version":"1677451346061"}}
{"logTime": "0227/074913", "correlationVector":"iuj1U5UKMEXCrbORfVJull.15","action":"GetUpdates", "result":"DeleteReceived", "context":{"id":"40b56d82-d2cc-4cf2-8db4-e81193d7a5e5", "isDeleted:":"true", "version":"1677451346063"}}
{"logTime": "0227/074913", "correlationVector":"iuj1U5UKMEXCrbORfVJull.16","action":"GetUpdates", "result":"DeleteReceived", "context":{"id":"2099d457-d0f6-4063-ace7-340170bd1f95", "isDeleted:":"true", "version":"1677451346065"}}
{"logTime": "0227/074913", "correlationVector":"iuj1U5UKMEXCrbORfVJull.17","action":"GetUpdates", "result":"DeleteReceived", "context":{"id":"147c2043-6c32-4ce3-af77-1e7934153154", "isDeleted:":"true", "version":"1677451346066"}}
{"logTime": "0227/074913", "correlationVector":"iuj1U5UKMEXCrbORfVJull.18","action":"GetUpdates", "result":"DeleteReceived", "context":{"id":"f27fc03c-ad98-4ebb-a255-975914a1e825", "isDeleted:":"true", "version":"1677451383400"}}
{"logTime": "0227/074913", "correlationVector":"iuj1U5UKMEXCrbORfVJull.19","action":"GetUpdates", "result":"DeleteReceived", "context":{"id":"71c94dbd-e36b-48a1-820e-cb76f430eb19", "isDeleted:":"true", "version":"1677483968152"}}
{"logTime": "0227/074913", "correlationVector":"iuj1U5UKMEXCrbORfVJull.20","action":"GetUpdates", "result":"DeleteReceived", "context":{"id":"2e5d8236-7441-4b09-9d8c-32ea1bfbed5b", "isDeleted:":"true", "version":"1677483968153"}}
{"logTime": "0227/074913", "correlationVector":"iuj1U5UKMEXCrbORfVJull.21","action":"GetUpdates", "result":"DeleteReceived", "context":{"id":"79ca3f1b-7e13-4011-a1f4-94bc1b47ab79", "isDeleted:":"true", "version":"1677484020732"}}
{"logTime": "0227/074913", "correlationVector":"iuj1U5UKMEXCrbORfVJull.22","action":"GetUpdates Response", "result":"SYNCER_OK", "context":Received 56 update(s). cV=iuj1U5UKMEXCrbORfVJull.0;server=general0100002C;cloudType=Consumer;environment=Prod_WestEurope_x00e}
{"logTime": "0227/074946", "correlationVector":"DEu9ua7Asqvqp8ZFALBZbb","action":"Commit Request", "result":"", "context":Item count: 1
Contributing types: Sessions}
{"logTime": "0227/074946", "correlationVector":"DEu9ua7Asqvqp8ZFALBZbb.1","action":"SyncServerConnectionManagerRequest", "result":"SYNC_SERVER_OK", "context":{"environment":"Prod_WestEurope_x00e", "server":"GENERAL0100000X"}}
{"logTime": "0227/074946", "correlationVector":"DEu9ua7Asqvqp8ZFALBZbb.2","action":"Commit Response", "result":"SYNCER_OK", "context":Result: SYNCER_OK. cV=DEu9ua7Asqvqp8ZFALBZbb.0;server=GENERAL0100000X;cloudType=Consumer;environment=Prod_WestEurope_x00e}
{"logTime": "0227/075020", "correlationVector":"xClvfzQy0hD2GZazweKNf2","action":"Commit Request", "result":"", "context":Item count: 5
Contributing types: Preferences, Passwords, Typed URLs, Sessions}
{"logTime": "0227/075020", "correlationVector":"xClvfzQy0hD2GZazweKNf2.1","action":"SyncServerConnectionManagerRequest", "result":"SYNC_SERVER_OK", "context":{"environment":"Prod_WestEurope_x00e", "server":"general0100001V"}}
{"logTime": "0227/075020", "correlationVector":"xClvfzQy0hD2GZazweKNf2.2","action":"Commit Response", "result":"SYNCER_OK", "context":Result: SYNCER_OK. cV=xClvfzQy0hD2GZazweKNf2.0;server=general0100001V;cloudType=Consumer;environment=Prod_WestEurope_x00e}
{"logTime": "0227/075027", "correlationVector":"BBEBMt9CH/6SCy8iuxNtq+","action":"Normal GetUpdate request", "result":"", "context":cV=BBEBMt9CH/6SCy8iuxNtq+
Notified types: Passwords}
{"logTime": "0227/075027", "correlationVector":"BBEBMt9CH/6SCy8iuxNtq+.1","action":"SyncServerConnectionManagerRequest", "result":"SYNC_SERVER_OK", "context":{"environment":"Prod_WestEurope_x00e", "server":"GENERAL0100002D"}}
{"logTime": "0227/075027", "correlationVector":"BBEBMt9CH/6SCy8iuxNtq+.2","action":"GetUpdates Response", "result":"SYNCER_OK", "context":Received 6 update(s). cV=BBEBMt9CH/6SCy8iuxNtq+.0;server=GENERAL0100002D;cloudType=Consumer;environment=Prod_WestEurope_x00e}
{"logTime": "0227/075057", "correlationVector":"Qyk9atdgRzo4VoGaRF+RO+","action":"Commit Request", "result":"", "context":Item count: 3
Contributing types: Sessions}
{"logTime": "0227/075058", "correlationVector":"Qyk9atdgRzo4VoGaRF+RO+.1","action":"SyncServerConnectionManagerRequest", "result":"SYNC_SERVER_OK", "context":{"environment":"Prod_WestEurope_000l", "server":"general01000021"}}
{"logTime": "0227/075058", "correlationVector":"Qyk9atdgRzo4VoGaRF+RO+.3","action":"Commit.Sessions", "result":"Success", "context":{"id":"a777c509-5b05-4bd1-883d-ac712b3cb7b0", "isDeleted":"true", "size":"0", "version":"1677484222563"}}
{"logTime": "0227/075058", "correlationVector":"Qyk9atdgRzo4VoGaRF+RO+.2","action":"Commit Response", "result":"SYNCER_OK", "context":Result: SYNCER_OK. cV=Qyk9atdgRzo4VoGaRF+RO+.0;server=general01000021;cloudType=Consumer;environment=Prod_WestEurope_000l}
{"logTime": "0227/075208", "correlationVector":"yzBeIUr+VT8xFWA/nLhW64","action":"Commit Request", "result":"", "context":Item count: 3
Contributing types: Sessions}
{"logTime": "0227/075208", "correlationVector":"yzBeIUr+VT8xFWA/nLhW64.1","action":"SyncServerConnectionManagerRequest", "result":"SYNC_SERVER_OK", "context":{"environment":"Prod_NorthEurope_000h", "server":"GENERAL0100002A"}}
{"logTime": "0227/075208", "correlationVector":"yzBeIUr+VT8xFWA/nLhW64.2","action":"Commit Response", "result":"SYNCER_OK", "context":Result: SYNCER_OK. cV=yzBeIUr+VT8xFWA/nLhW64.0;server=GENERAL0100002A;cloudType=Consumer;environment=Prod_NorthEurope_000h}
{"logTime": "0227/075752", "correlationVector":"VBHjRmqlK5LunTgG5u7kOa","action":"Commit Request", "result":"", "context":Item count: 2
Contributing types: Sessions}
{"logTime": "0227/075752", "correlationVector":"VBHjRmqlK5LunTgG5u7kOa.1","action":"SyncServerConnectionManagerRequest", "result":"SYNC_SERVER_OK", "context":{"environment":"Prod_NorthEurope_000h", "server":"general01000004"}}
{"logTime": "0227/075752", "correlationVector":"VBHjRmqlK5LunTgG5u7kOa.2","action":"Commit Response", "result":"SYNCER_OK", "context":Result: SYNCER_OK. cV=VBHjRmqlK5LunTgG5u7kOa.0;server=general01000004;cloudType=Consumer;environment=Prod_NorthEurope_000h}
{"logTime": "0227/075829", "correlationVector":"0OhKijQYmiPvFDGmQdhX3l","action":"Commit Request", "result":"", "context":Item count: 1
Contributing types: Sessions}
{"logTime": "0227/075829", "correlationVector":"0OhKijQYmiPvFDGmQdhX3l.1","action":"SyncServerConnectionManagerRequest", "result":"SYNC_SERVER_OK", "context":{"environment":"Prod_NorthEurope_x00f", "server":"GENERAL01000017"}}
{"logTime": "0227/075829", "correlationVector":"0OhKijQYmiPvFDGmQdhX3l.2","action":"Commit Response", "result":"SYNCER_OK", "context":Result: SYNCER_OK. cV=0OhKijQYmiPvFDGmQdhX3l.0;server=GENERAL01000017;cloudType=Consumer;environment=Prod_NorthEurope_x00f}
{"logTime": "0227/080010", "correlationVector":"USp8IF5XjY45XqUrrn3gWB","action":"Commit Request", "result":"", "context":Item count: 3
Contributing types: Sessions}
{"logTime": "0227/080010", "correlationVector":"USp8IF5XjY45XqUrrn3gWB.1","action":"SyncServerConnectionManagerRequest", "result":"SYNC_SERVER_OK", "context":{"environment":"Prod_NorthEurope_000h", "server":"general0100001P"}}
{"logTime": "0227/080010", "correlationVector":"USp8IF5XjY45XqUrrn3gWB.2","action":"Commit Response", "result":"SYNCER_OK", "context":Result: SYNCER_OK. cV=USp8IF5XjY45XqUrrn3gWB.0;server=general0100001P;cloudType=Consumer;environment=Prod_NorthEurope_000h}
{"logTime": "0227/080336", "correlationVector":"IHV0/9JAeTcsCZyLIs9vcO","action":"Commit Request", "result":"", "context":Item count: 3
Contributing types: Sessions}
{"logTime": "0227/080338", "correlationVector":"IHV0/9JAeTcsCZyLIs9vcO.1","action":"SyncServerConnectionManagerRequest", "result":"SYNC_SERVER_OK", "context":{"environment":"Prod_NorthEurope_000h", "server":"general01000004"}}
{"logTime": "0227/080338", "correlationVector":"IHV0/9JAeTcsCZyLIs9vcO.2","action":"Commit Response", "result":"SYNCER_OK", "context":Result: SYNCER_OK. cV=IHV0/9JAeTcsCZyLIs9vcO.0;server=general01000004;cloudType=Consumer;environment=Prod_NorthEurope_000h}
