[Info  - 9:04:06 AM] (9408) Pylance language server 2023.2.40 (pyright 085dfbfa) starting
[Info  - 9:04:06 AM] (9408) Server root directory: /home/javier/.vscode/extensions/ms-python.vscode-pylance-2023.2.40/dist
[Info  - 9:04:07 AM] (9408) Starting service instance "bspwm_installer"
[Info  - 9:04:07 AM] (9408) Starting service instance ".config"
[Info  - 9:04:07 AM] (9408) Auto-indent enabled
[Info  - 9:04:07 AM] (9408) No configuration file found.
[Info  - 9:04:07 AM] (9408) No pyproject.toml file found.
[Info  - 9:04:07 AM] (9408) Setting pythonPath for service "bspwm_installer": "/bin/python3"
[Warn  - 9:04:07 AM] (9408) stubPath /home/javier/Documents/dev/eye/bspwm_installer/typings is not a valid directory.
[Info  - 9:04:07 AM] (9408) Assuming Python version 3.9
[Info  - 9:04:07 AM] (9408) Assuming Python platform Linux
[Info  - 9:04:07 AM] (9408) Searching for source files
[Info  - 9:04:07 AM] (9408) No source files found.
[Info  - 9:04:07 AM] (9408) No configuration file found.
[Info  - 9:04:07 AM] (9408) No pyproject.toml file found.
[Info  - 9:04:07 AM] (9408) Setting pythonPath for service ".config": "/bin/python3"
[Warn  - 9:04:07 AM] (9408) stubPath /home/javier/.config/typings is not a valid directory.
[Info  - 9:04:07 AM] (9408) Assuming Python version 3.9
[Info  - 9:04:07 AM] (9408) Assuming Python platform Linux
[Info  - 9:04:07 AM] (9408) Searching for source files
[Info  - 9:04:07 AM] (9408) No source files found.
[Info  - 9:04:07 AM] (9408) Background analysis(1) root directory: /home/javier/.vscode/extensions/ms-python.vscode-pylance-2023.2.40/dist
[Info  - 9:04:07 AM] (9408) Background analysis(1) started
[Info  - 9:04:07 AM] (9408) Background analysis(2) root directory: /home/javier/.vscode/extensions/ms-python.vscode-pylance-2023.2.40/dist
[Info  - 9:04:07 AM] (9408) Background analysis(2) started
