2023-02-27 08:52:41.846 [info] Reading sessions from secret storage...
2023-02-27 08:52:42.286 [info] Got 1 stored sessions
2023-02-27 08:52:42.286 [info] Refreshing token for scopes: email offline_access openid profile
2023-02-27 08:52:42.824 [info] Setting token for scopes: email offline_access openid profile
2023-02-27 08:52:42.824 [info] Token refresh success for scopes: email offline_access openid profile
2023-02-27 08:52:42.824 [info] Stored token for scopes: email offline_access openid profile
2023-02-27 08:52:42.885 [info] Getting sessions for the following scopes: email offline_access openid profile
2023-02-27 08:52:42.885 [info] Got 1 sessions for scopes: email offline_access openid profile
2023-02-27 08:52:42.885 [info] Token available from cache (for scopes email offline_access openid profile), expires in 3768938 milliseconds
2023-02-27 08:53:18.740 [info] Getting sessions for the following scopes: email offline_access openid profile
2023-02-27 08:53:18.740 [info] Got 1 sessions for scopes: email offline_access openid profile
2023-02-27 08:53:18.740 [info] Token available from cache (for scopes email offline_access openid profile), expires in 3733083 milliseconds
2023-02-27 08:53:50.881 [info] Reading sessions from secret storage...
2023-02-27 08:53:50.891 [info] Got 1 stored sessions
2023-02-27 08:53:50.891 [info] Refreshing token for scopes: email offline_access openid profile
2023-02-27 08:53:51.166 [info] Setting token for scopes: email offline_access openid profile
2023-02-27 08:53:51.167 [info] Token refresh success for scopes: email offline_access openid profile
2023-02-27 08:53:51.167 [info] Stored token for scopes: email offline_access openid profile
2023-02-27 08:53:51.176 [info] Getting sessions for the following scopes: email offline_access openid profile
2023-02-27 08:53:51.176 [info] Got 1 sessions for scopes: email offline_access openid profile
2023-02-27 08:53:51.176 [info] Token available from cache (for scopes email offline_access openid profile), expires in 3970990 milliseconds
2023-02-27 08:54:42.076 [info] Reading sessions from secret storage...
2023-02-27 08:54:42.148 [info] Got 1 stored sessions
2023-02-27 08:54:42.148 [info] Refreshing token for scopes: email offline_access openid profile
2023-02-27 08:54:42.849 [info] Setting token for scopes: email offline_access openid profile
2023-02-27 08:54:42.850 [info] Token refresh success for scopes: email offline_access openid profile
2023-02-27 08:54:42.851 [info] Stored token for scopes: email offline_access openid profile
2023-02-27 08:54:42.970 [info] Getting sessions for the following scopes: email offline_access openid profile
2023-02-27 08:54:42.971 [info] Got 1 sessions for scopes: email offline_access openid profile
2023-02-27 08:54:42.971 [info] Token available from cache (for scopes email offline_access openid profile), expires in 3666879 milliseconds
2023-02-27 09:01:01.789 [info] Reading sessions from secret storage...
2023-02-27 09:01:01.890 [info] Got 1 stored sessions
2023-02-27 09:01:01.890 [info] Refreshing token for scopes: email offline_access openid profile
2023-02-27 09:01:02.923 [info] Setting token for scopes: email offline_access openid profile
2023-02-27 09:01:02.924 [info] Token refresh success for scopes: email offline_access openid profile
2023-02-27 09:01:02.924 [info] Stored token for scopes: email offline_access openid profile
2023-02-27 09:01:02.966 [info] Getting sessions for the following scopes: email offline_access openid profile
2023-02-27 09:01:02.966 [info] Got 1 sessions for scopes: email offline_access openid profile
2023-02-27 09:01:02.966 [info] Token available from cache (for scopes email offline_access openid profile), expires in 5288958 milliseconds
2023-02-27 09:01:09.470 [info] Reading sessions from secret storage...
2023-02-27 09:01:09.611 [info] Got 1 stored sessions
2023-02-27 09:01:09.611 [info] Refreshing token for scopes: email offline_access openid profile
2023-02-27 09:01:10.430 [info] Setting token for scopes: email offline_access openid profile
2023-02-27 09:01:10.430 [info] Token refresh success for scopes: email offline_access openid profile
2023-02-27 09:01:10.431 [info] Stored token for scopes: email offline_access openid profile
2023-02-27 09:01:10.436 [info] Getting sessions for the following scopes: email offline_access openid profile
2023-02-27 09:01:10.436 [info] Got 1 sessions for scopes: email offline_access openid profile
2023-02-27 09:01:10.436 [info] Token available from cache (for scopes email offline_access openid profile), expires in 4109993 milliseconds
2023-02-27 09:01:47.614 [info] Reading sessions from secret storage...
2023-02-27 09:01:47.736 [info] Got 1 stored sessions
2023-02-27 09:01:47.737 [info] Refreshing token for scopes: email offline_access openid profile
2023-02-27 09:01:48.851 [info] Setting token for scopes: email offline_access openid profile
2023-02-27 09:01:48.851 [info] Token refresh success for scopes: email offline_access openid profile
2023-02-27 09:01:48.853 [info] Stored token for scopes: email offline_access openid profile
2023-02-27 09:01:48.877 [info] Getting sessions for the following scopes: email offline_access openid profile
2023-02-27 09:01:48.877 [info] Got 1 sessions for scopes: email offline_access openid profile
2023-02-27 09:01:48.877 [info] Token available from cache (for scopes email offline_access openid profile), expires in 3736975 milliseconds
2023-02-27 09:03:37.687 [info] Reading sessions from secret storage...
2023-02-27 09:03:37.865 [info] Got 1 stored sessions
2023-02-27 09:03:37.865 [info] Refreshing token for scopes: email offline_access openid profile
2023-02-27 09:03:38.888 [info] Setting token for scopes: email offline_access openid profile
2023-02-27 09:03:38.888 [info] Token refresh success for scopes: email offline_access openid profile
2023-02-27 09:03:38.891 [info] Stored token for scopes: email offline_access openid profile
2023-02-27 09:03:38.956 [info] Getting sessions for the following scopes: email offline_access openid profile
2023-02-27 09:03:38.956 [info] Got 1 sessions for scopes: email offline_access openid profile
2023-02-27 09:03:38.956 [info] Token available from cache (for scopes email offline_access openid profile), expires in 3731932 milliseconds
2023-02-27 09:03:49.239 [info] Reading sessions from secret storage...
2023-02-27 09:03:49.349 [info] Got 1 stored sessions
2023-02-27 09:03:49.349 [info] Refreshing token for scopes: email offline_access openid profile
2023-02-27 09:03:50.408 [info] Setting token for scopes: email offline_access openid profile
2023-02-27 09:03:50.408 [info] Token refresh success for scopes: email offline_access openid profile
2023-02-27 09:03:50.408 [info] Stored token for scopes: email offline_access openid profile
2023-02-27 09:03:50.558 [info] Getting sessions for the following scopes: email offline_access openid profile
2023-02-27 09:03:50.558 [info] Got 1 sessions for scopes: email offline_access openid profile
2023-02-27 09:03:50.558 [info] Token available from cache (for scopes email offline_access openid profile), expires in 3608850 milliseconds
2023-02-27 09:03:57.296 [info] Reading sessions from secret storage...
2023-02-27 09:03:57.522 [info] Got 1 stored sessions
2023-02-27 09:03:57.523 [info] Refreshing token for scopes: email offline_access openid profile
2023-02-27 09:03:58.602 [info] Setting token for scopes: email offline_access openid profile
2023-02-27 09:03:58.602 [info] Token refresh success for scopes: email offline_access openid profile
2023-02-27 09:03:58.604 [info] Stored token for scopes: email offline_access openid profile
2023-02-27 09:03:58.719 [info] Getting sessions for the following scopes: email offline_access openid profile
2023-02-27 09:03:58.720 [info] Got 1 sessions for scopes: email offline_access openid profile
2023-02-27 09:03:58.720 [info] Token available from cache (for scopes email offline_access openid profile), expires in 4063883 milliseconds
2023-02-27 09:04:05.783 [info] Reading sessions from secret storage...
2023-02-27 09:04:06.000 [info] Got 1 stored sessions
2023-02-27 09:04:06.000 [info] Refreshing token for scopes: email offline_access openid profile
2023-02-27 09:04:06.844 [info] Setting token for scopes: email offline_access openid profile
2023-02-27 09:04:06.844 [info] Token refresh success for scopes: email offline_access openid profile
2023-02-27 09:04:06.845 [info] Stored token for scopes: email offline_access openid profile
2023-02-27 09:04:07.037 [info] Getting sessions for the following scopes: email offline_access openid profile
2023-02-27 09:04:07.037 [info] Got 1 sessions for scopes: email offline_access openid profile
2023-02-27 09:04:07.037 [info] Token available from cache (for scopes email offline_access openid profile), expires in 4241805 milliseconds
